Pytest results (Python 3.12) - 2026-04-27T16:38:31Z

============================= test session starts ==============================
platform linux -- Python 3.12.13, pytest-9.0.3, pluggy-1.6.0 -- /opt/hostedtoolcache/Python/3.12.13/x64/bin/python
cachedir: .pytest_cache
rootdir: /home/runner/work/gget/gget
configfile: pyproject.toml
plugins: fast-array-utils-1.4.1, cov-7.1.0, zarr-3.1.6
collecting ... collected 256 items

tests/test_8cube.py::TestSpecificity::test_specificity_basic PASSED      [  0%]
tests/test_8cube.py::TestPsiBlock::test_psi_block_basic PASSED           [  0%]
tests/test_8cube.py::TestGeneExpression::test_gene_expression_basic PASSED [  1%]
tests/test_archs4.py::TestArchs4::test_archs4_bad_ensembl PASSED         [  1%]
tests/test_archs4.py::TestArchs4::test_archs4_bad_gene PASSED            [  1%]
tests/test_archs4.py::TestArchs4::test_archs4_bad_gene_tissue PASSED     [  2%]
tests/test_archs4.py::TestArchs4::test_archs4_bad_species PASSED         [  2%]
tests/test_archs4.py::TestArchs4::test_archs4_bad_which PASSED           [  3%]
tests/test_archs4.py::TestArchs4::test_archs4_defaults PASSED            [  3%]
tests/test_archs4.py::TestArchs4::test_archs4_mouse_json_ensembl PASSED  [  3%]
tests/test_archs4.py::TestArchs4::test_archs4_tissue PASSED              [  4%]
tests/test_archs4.py::TestArchs4::test_archs4_tissue_ensembl PASSED      [  4%]
tests/test_archs4.py::TestArchs4::test_archs4_tissue_json PASSED         [  5%]
tests/test_archs4.py::TestArchs4::test_archs4_tissue_mouse PASSED        [  5%]
tests/test_bgee.py::TestBgee::test_bgee_expression PASSED                [  5%]
tests/test_bgee.py::TestBgee::test_bgee_expression_multiple PASSED       [  6%]
tests/test_bgee.py::TestBgee::test_bgee_orthologs PASSED                 [  6%]
tests/test_bgee.py::TestBgee::test_error_bgee_expression_no_exist PASSED [  7%]
tests/test_bgee.py::TestBgee::test_error_bgee_orthologs_no_exist PASSED  [  7%]
tests/test_bgee.py::TestBgee::test_error_bgee_unknown_type PASSED        [  7%]
tests/test_blast.py::TestBlast::test_blast_bad_db1 PASSED                [  8%]
tests/test_blast.py::TestBlast::test_blast_bad_db2 PASSED                [  8%]
tests/test_blast.py::TestBlast::test_blast_bad_fasta PASSED              [  8%]
tests/test_blast.py::TestBlast::test_blast_bad_program PASSED            [  9%]
tests/test_blast.py::TestBlast::test_blast_bad_seq PASSED                [  9%]
tests/test_blast.py::TestBlast::test_blast_db_missing PASSED             [ 10%]
tests/test_blast.py::TestBlast::test_blast_nt PASSED                     [ 10%]
tests/test_blat.py::TestBlat::test_blat_aa PASSED                        [ 10%]
tests/test_blat.py::TestBlat::test_blat_aa_RNA PASSED                    [ 11%]
tests/test_blat.py::TestBlat::test_blat_aa_protein PASSED                [ 11%]
tests/test_blat.py::TestBlat::test_blat_bad_assembly PASSED              [ 12%]
tests/test_blat.py::TestBlat::test_blat_bad_fasta PASSED                 [ 12%]
tests/test_blat.py::TestBlat::test_blat_bad_fileformat PASSED            [ 12%]
tests/test_blat.py::TestBlat::test_blat_bad_seqtype PASSED               [ 13%]
tests/test_blat.py::TestBlat::test_blat_bad_txt PASSED                   [ 13%]
tests/test_blat.py::TestBlat::test_blat_nt PASSED                        [ 14%]
tests/test_blat.py::TestBlat::test_blat_nt_DNA PASSED                    [ 14%]
tests/test_blat.py::TestBlat::test_blat_nt_RNA PASSED                    [ 14%]
tests/test_blat.py::TestBlat::test_blat_nt_fasta PASSED                  [ 15%]
tests/test_blat.py::TestBlat::test_blat_nt_json PASSED                   [ 15%]
tests/test_blat.py::TestBlat::test_blat_nt_protein PASSED                [ 16%]
tests/test_blat.py::TestBlat::test_blat_nt_transDNA PASSED               [ 16%]
tests/test_blat.py::TestBlat::test_blat_nt_txt PASSED                    [ 16%]
tests/test_blat.py::TestBlat::test_blat_shortseq PASSED                  [ 17%]
tests/test_cbio.py::TestCbioSearch::test_cbio_search PASSED              [ 17%]
tests/test_cbio.py::TestCbio::test_cbio_download PASSED                  [ 17%]
tests/test_cbio.py::TestCbio::test_cbio_download_partially_existing_files PASSED [ 18%]
tests/test_cbio.py::TestCbio::test_error_cbio_download PASSED            [ 18%]
tests/test_cellxgene.py::TestCellxgene::test_cellxgene_adata PASSED      [ 19%]
tests/test_cellxgene.py::TestCellxgene::test_cellxgene_metadata PASSED   [ 19%]
tests/test_compile.py::TestCompilerWindows::test_compiler_windows PASSED [ 19%]
tests/test_cosmic.py::TestCosmicWorkflow::test_cosmic_defaults PASSED    [ 20%]
tests/test_diamond.py::TestDiamond::test_diamond_JSON_out PASSED         [ 20%]
tests/test_diamond.py::TestDiamond::test_diamond_both_files PASSED       [ 21%]
tests/test_diamond.py::TestDiamond::test_diamond_query_file PASSED       [ 21%]
tests/test_diamond.py::TestDiamond::test_diamond_ref_file PASSED         [ 21%]
tests/test_diamond.py::TestDiamond::test_diamond_seqs_multiple PASSED    [ 22%]
tests/test_diamond.py::TestDiamond::test_diamond_seqs_single PASSED      [ 22%]
tests/test_elm.py::TestELM::test_elm_uniprot_aminoacidseq PASSED         [ 23%]
tests/test_elm.py::TestELM::test_elm_uniprot_id_in_elm PASSED            [ 23%]
tests/test_elm.py::TestELM::test_elm_uniprot_id_new PASSED               [ 23%]
tests/test_enrichr.py::TestEnrichr::test_enrichr_background PASSED       [ 24%]
tests/test_enrichr.py::TestEnrichr::test_enrichr_background_ensembl PASSED [ 24%]
tests/test_enrichr.py::TestEnrichr::test_enrichr_bad_background PASSED   [ 25%]
tests/test_enrichr.py::TestEnrichr::test_enrichr_bad_background_list PASSED [ 25%]
tests/test_enrichr.py::TestEnrichr::test_enrichr_bad_database_shortcut PASSED [ 25%]
tests/test_enrichr.py::TestEnrichr::test_enrichr_bad_gene PASSED         [ 26%]
tests/test_enrichr.py::TestEnrichr::test_enrichr_bad_species PASSED      [ 26%]
tests/test_enrichr.py::TestEnrichr::test_enrichr_celltypes PASSED        [ 26%]
tests/test_enrichr.py::TestEnrichr::test_enrichr_diseases_drugs PASSED   [ 27%]
tests/test_enrichr.py::TestEnrichr::test_enrichr_ensembl_ids PASSED      [ 27%]
tests/test_enrichr.py::TestEnrichr::test_enrichr_fish PASSED             [ 28%]
tests/test_enrichr.py::TestEnrichr::test_enrichr_fly PASSED              [ 28%]
tests/test_enrichr.py::TestEnrichr::test_enrichr_json PASSED             [ 28%]
tests/test_enrichr.py::TestEnrichr::test_enrichr_kinase_interactions PASSED [ 29%]
tests/test_enrichr.py::TestEnrichr::test_enrichr_mouse_is_human PASSED   [ 29%]
tests/test_enrichr.py::TestEnrichr::test_enrichr_none PASSED             [ 30%]
tests/test_enrichr.py::TestEnrichr::test_enrichr_ontology PASSED         [ 30%]
tests/test_enrichr.py::TestEnrichr::test_enrichr_pathway PASSED          [ 30%]
tests/test_enrichr.py::TestEnrichr::test_enrichr_plot PASSED             [ 31%]
tests/test_enrichr.py::TestEnrichr::test_enrichr_transcription PASSED    [ 31%]
tests/test_enrichr.py::TestEnrichr::test_enrichr_worm PASSED             [ 32%]
tests/test_enrichr.py::TestEnrichr::test_enrichr_yeast PASSED            [ 32%]
tests/test_gpt.py::TestGpt::test_gpt PASSED                              [ 32%]
tests/test_info.py::TestInfo::test_info_WB_transcript PASSED             [ 33%]
tests/test_info.py::TestInfo::test_info_exon PASSED                      [ 33%]
tests/test_info.py::TestInfo::test_info_gene PASSED                      [ 33%]
tests/test_info.py::TestInfo::test_info_gene_list_non_model PASSED       [ 34%]
tests/test_info.py::TestInfo::test_info_mix PASSED                       [ 34%]
tests/test_info.py::TestInfo::test_info_ncbifalse_uniprotfalse PASSED    [ 35%]
tests/test_info.py::TestInfo::test_info_ncbifalse_uniprottrue PASSED     [ 35%]
tests/test_info.py::TestInfo::test_info_ncbitrue_uniprotfalse PASSED     [ 35%]
tests/test_info.py::TestInfo::test_info_transcript PASSED                [ 36%]
tests/test_muscle.py::TestMuscle::test_muscle_nt PASSED                  [ 36%]
tests/test_muscle.py::TestMuscle::test_muscle_nt_txt PASSED              [ 37%]
tests/test_muscle.py::TestMuscleSuper::test_muscle_nt_super5 PASSED      [ 37%]
tests/test_muscle.py::TestMuscleAA::test_muscle_aa PASSED                [ 37%]
tests/test_muscle.py::TestMuscleSeqsInput::test_muscle_seqs_as_input PASSED [ 38%]
tests/test_muscle.py::TestMuscleAASuper::test_muscle_aa_super5 PASSED    [ 38%]
tests/test_muscle.py::TestMusclePrints::test_muscle_print_nt PASSED      [ 39%]
tests/test_mutate.py::TestMutate::test_ambiguous_mutation PASSED         [ 39%]
tests/test_mutate.py::TestMutate::test_index_error PASSED                [ 39%]
tests/test_mutate.py::TestMutate::test_intron_mutation_minus PASSED      [ 40%]
tests/test_mutate.py::TestMutate::test_intron_mutation_plus PASSED       [ 40%]
tests/test_mutate.py::TestMutate::test_inversion_with_overlaps PASSED    [ 41%]
tests/test_mutate.py::TestMutate::test_large_k PASSED                    [ 41%]
tests/test_mutate.py::TestMutate::test_list_of_mutations PASSED          [ 41%]
tests/test_mutate.py::TestMutate::test_multi_deletion PASSED             [ 42%]
tests/test_mutate.py::TestMutate::test_multi_deletion_with_right_repeats PASSED [ 42%]
tests/test_mutate.py::TestMutate::test_multi_delins PASSED               [ 42%]
tests/test_mutate.py::TestMutate::test_multi_delins_with_psuedo_left_repeats PASSED [ 43%]
tests/test_mutate.py::TestMutate::test_multi_delins_with_true_left_repeats PASSED [ 43%]
tests/test_mutate.py::TestMutate::test_multi_delins_with_true_right_repeats PASSED [ 44%]
tests/test_mutate.py::TestMutate::test_multi_dup PASSED                  [ 44%]
tests/test_mutate.py::TestMutate::test_multi_insertion PASSED            [ 44%]
tests/test_mutate.py::TestMutate::test_multi_insertion_with_left_repeats PASSED [ 45%]
tests/test_mutate.py::TestMutate::test_posttranslational_mutation PASSED [ 45%]
tests/test_mutate.py::TestMutate::test_single_deletion PASSED            [ 46%]
tests/test_mutate.py::TestMutate::test_single_deletion_with_left_repeats PASSED [ 46%]
tests/test_mutate.py::TestMutate::test_single_deletion_with_right_repeats PASSED [ 46%]
tests/test_mutate.py::TestMutate::test_single_delins PASSED              [ 47%]
tests/test_mutate.py::TestMutate::test_single_dup PASSED                 [ 47%]
tests/test_mutate.py::TestMutate::test_single_insertion PASSED           [ 48%]
tests/test_mutate.py::TestMutate::test_single_substitution PASSED        [ 48%]
tests/test_mutate.py::TestMutate::test_single_substitution_near_left_end PASSED [ 48%]
tests/test_mutate.py::TestMutate::test_single_substitution_near_right_end PASSED [ 49%]
tests/test_mutate.py::TestMutate::test_uncertain_mutation PASSED         [ 49%]
tests/test_mutate.py::test_csv_of_mutations PASSED                       [ 50%]
tests/test_mutate.py::test_mismatch_error PASSED                         [ 50%]
tests/test_opentargets.py::TestOpenTargets::test_error_opentargets_bad_limit PASSED [ 50%]
tests/test_opentargets.py::TestOpenTargets::test_error_opentargets_bad_resource PASSED [ 51%]
tests/test_opentargets.py::TestOpenTargets::test_error_opentargets_diseases_filter PASSED [ 51%]
tests/test_opentargets.py::TestOpenTargets::test_error_opentargets_drugs_invalid_filter PASSED [ 51%]
tests/test_opentargets.py::TestOpenTargets::test_error_opentargets_nonexistent_id PASSED [ 52%]
tests/test_opentargets.py::TestOpenTargets::test_error_opentargets_tractability_limit PASSED [ 52%]
tests/test_opentargets.py::TestOpenTargets::test_opentargets PASSED      [ 53%]
tests/test_opentargets.py::TestOpenTargets::test_opentargets_depmap FAILED [ 53%]
tests/test_opentargets.py::TestOpenTargets::test_opentargets_depmap_filter PASSED [ 53%]
tests/test_opentargets.py::TestOpenTargets::test_opentargets_expression_no_limit PASSED [ 54%]
tests/test_opentargets.py::TestOpenTargets::test_opentargets_interactions_no_limit PASSED [ 54%]
tests/test_opentargets.py::TestOpenTargets::test_opentargets_interactions_simple_filter FAILED [ 55%]
tests/test_pdb.py::TestPDB::test_pdb_assembly FAILED                     [ 55%]
tests/test_pdb.py::TestPDB::test_pdb_pdb PASSED                          [ 55%]
tests/test_ref.py::TestRef::test_ref PASSED                              [ 56%]
tests/test_ref.py::TestRef::test_ref_bad_rel PASSED                      [ 56%]
tests/test_ref.py::TestRef::test_ref_bad_species PASSED                  [ 57%]
tests/test_ref.py::TestRef::test_ref_bad_which PASSED                    [ 57%]
tests/test_ref.py::TestRef::test_ref_ftp PASSED                          [ 57%]
tests/test_ref.py::TestRef::test_ref_list PASSED                         [ 58%]
tests/test_ref.py::TestRef::test_ref_plant PASSED                        [ 58%]
tests/test_ref.py::TestRef::test_ref_rel PASSED                          [ 58%]
tests/test_ref.py::TestRef::test_ref_rel_ftp PASSED                      [ 59%]
tests/test_ref.py::TestRef::test_ref_rel_ftp_octopus PASSED              [ 59%]
tests/test_ref.py::TestRef::test_ref_rel_protist PASSED                  [ 60%]
tests/test_ref.py::TestRef::test_ref_which PASSED                        [ 60%]
tests/test_ref.py::TestRef::test_ref_which_plant PASSED                  [ 60%]
tests/test_search.py::TestSearch::test_search_db PASSED                  [ 61%]
tests/test_search.py::TestSearch::test_search_gene_bad_andor PASSED      [ 61%]
tests/test_search.py::TestSearch::test_search_gene_bad_species PASSED    [ 62%]
tests/test_search.py::TestSearch::test_search_gene_one_sw PASSED         [ 62%]
tests/test_search.py::TestSearch::test_search_gene_one_sw_json PASSED    [ 62%]
tests/test_search.py::TestSearch::test_search_gene_one_sw_limit PASSED   [ 63%]
tests/test_search.py::TestSearch::test_search_gene_two_sw_and PASSED     [ 63%]
tests/test_search.py::TestSearch::test_search_gene_two_sw_limit PASSED   [ 64%]
tests/test_search.py::TestSearch::test_search_gene_two_sw_or PASSED      [ 64%]
tests/test_search.py::TestSearch::test_search_octopus PASSED             [ 64%]
tests/test_search.py::TestSearch::test_search_plant PASSED               [ 65%]
tests/test_search.py::TestSearch::test_search_plant_db FAILED            [ 65%]
tests/test_search.py::TestSearch::test_search_release PASSED             [ 66%]
tests/test_search.py::TestSearch::test_search_transcript_bad_andor PASSED [ 66%]
tests/test_search.py::TestSearch::test_search_transcript_bad_species PASSED [ 66%]
tests/test_search.py::TestSearch::test_search_transcript_one_sw PASSED   [ 67%]
tests/test_search.py::TestSearch::test_search_transcript_two_sw_and PASSED [ 67%]
tests/test_search.py::TestSearch::test_search_transcript_two_sw_or PASSED [ 67%]
tests/test_seq.py::TestSeq::test_seq_gene PASSED                         [ 68%]
tests/test_seq.py::TestSeq::test_seq_gene_iso PASSED                     [ 68%]
tests/test_seq.py::TestSeq::test_seq_gene_transcript_iso PASSED          [ 69%]
tests/test_seq.py::TestSeq::test_seq_missing_uniprot_gene_name PASSED    [ 69%]
tests/test_seq.py::TestSeq::test_seq_transcript PASSED                   [ 69%]
tests/test_seq.py::TestSeq::test_seq_transcript_gene PASSED              [ 70%]
tests/test_seq.py::TestSeq::test_seq_transcript_gene_WB PASSED           [ 70%]
tests/test_seq.py::TestSeq::test_seq_transcript_gene_iso PASSED          [ 71%]
tests/test_seq.py::TestSeq::test_seq_transcript_transcript_WB PASSED     [ 71%]
tests/test_seq.py::TestSeq::test_seq_transcript_transcript_iso PASSED    [ 71%]
tests/test_utils.py::TestUtils::test_aa_colors PASSED                    [ 72%]
tests/test_utils.py::TestUtils::test_find_latest_ens_rel PASSED          [ 72%]
tests/test_utils.py::TestUtils::test_get_uniprot_info_gene PASSED        [ 73%]
tests/test_utils.py::TestUtils::test_get_uniprot_info_transcript PASSED  [ 73%]
tests/test_utils.py::TestUtils::test_get_uniprot_seqs PASSED             [ 73%]
tests/test_utils.py::TestUtils::test_n_colors PASSED                     [ 74%]
tests/test_utils.py::TestUtils::test_read_fasta PASSED                   [ 74%]
tests/test_utils.py::TestUtils::test_ref_iv_species_options PASSED       [ 75%]
tests/test_utils.py::TestUtils::test_ref_species_options PASSED          [ 75%]
tests/test_utils.py::TestUtils::test_ref_species_options_bad_type PASSED [ 75%]
tests/test_utils.py::TestUtils::test_rest_query PASSED                   [ 76%]
tests/test_utils.py::TestUtils::test_rest_query_bad_type PASSED          [ 76%]
tests/test_utils.py::TestUtils::test_search_iv_species_options PASSED    [ 76%]
tests/test_utils.py::TestUtils::test_search_species_options PASSED       [ 77%]
tests/test_utils.py::TestUtils::test_search_species_options_bad_type PASSED [ 77%]
tests/test_virus.py::TestVirus::test_batch_accessions_for_url PASSED     [ 78%]
tests/test_virus.py::TestVirus::test_calculate_max_accessions_per_batch PASSED [ 78%]
tests/test_virus.py::TestVirus::test_datasets_cli_version_output PASSED  [ 78%]
tests/test_virus.py::TestVirus::test_get_datasets_path_returns_valid_path PASSED [ 79%]
tests/test_virus.py::TestVirus::test_get_datasets_path_uses_bundled_binary PASSED [ 79%]
tests/test_virus.py::TestVirus::test_parse_accession_input_empty_file_raises_error PASSED [ 80%]
tests/test_virus.py::TestVirus::test_parse_accession_input_from_file PASSED [ 80%]
tests/test_virus.py::TestVirus::test_parse_accession_input_nonexistent_file_raises_error PASSED [ 80%]
tests/test_virus.py::TestVirus::test_parse_accession_input_single PASSED [ 81%]
tests/test_virus.py::TestVirus::test_parse_accession_input_space_separated PASSED [ 81%]
tests/test_virus.py::TestVirus::test_retry_helper_custom_retryable_exceptions PASSED [ 82%]
tests/test_virus.py::TestVirus::test_retry_helper_exponential_backoff_timing PASSED [ 82%]
tests/test_virus.py::TestVirus::test_retry_helper_failed_commands_tracking PASSED [ 82%]
tests/test_virus.py::TestVirus::test_retry_helper_non_retryable_exception PASSED [ 83%]
tests/test_virus.py::TestVirus::test_retry_helper_success_after_retry PASSED [ 83%]
tests/test_virus.py::TestVirus::test_retry_helper_successful_operation PASSED [ 83%]
tests/test_virus.py::TestVirus::test_virus_completeness_filter_verification PASSED [ 84%]
tests/test_virus.py::TestVirus::test_virus_empty_virus_name PASSED       [ 84%]
tests/test_virus.py::TestVirus::test_virus_host_filter_verification PASSED [ 85%]
tests/test_virus.py::TestVirus::test_virus_integer_virus_id PASSED       [ 85%]
tests/test_virus.py::TestVirus::test_virus_invalid_annotated_type PASSED [ 85%]
tests/test_virus.py::TestVirus::test_virus_invalid_completeness PASSED   [ 86%]
tests/test_virus.py::TestVirus::test_virus_invalid_genbank_batch_size_negative PASSED [ 86%]
tests/test_virus.py::TestVirus::test_virus_invalid_genbank_batch_size_type PASSED [ 87%]
tests/test_virus.py::TestVirus::test_virus_invalid_genbank_batch_size_zero PASSED [ 87%]
tests/test_virus.py::TestVirus::test_virus_invalid_genbank_metadata_type PASSED [ 87%]
tests/test_virus.py::TestVirus::test_virus_invalid_is_accession_type PASSED [ 88%]
tests/test_virus.py::TestVirus::test_virus_invalid_keep_temp_type PASSED [ 88%]
tests/test_virus.py::TestVirus::test_virus_invalid_lab_passaged_type PASSED [ 89%]
tests/test_virus.py::TestVirus::test_virus_invalid_proteins_complete_type PASSED [ 89%]
tests/test_virus.py::TestVirus::test_virus_metadata_schema_validation PASSED [ 89%]
tests/test_virus.py::TestVirus::test_virus_min_greater_than_max_collection_date PASSED [ 90%]
tests/test_virus.py::TestVirus::test_virus_min_greater_than_max_gene_count PASSED [ 90%]
tests/test_virus.py::TestVirus::test_virus_min_greater_than_max_peptide_count PASSED [ 91%]
tests/test_virus.py::TestVirus::test_virus_min_greater_than_max_protein_count PASSED [ 91%]
tests/test_virus.py::TestVirus::test_virus_min_greater_than_max_release_date PASSED [ 91%]
tests/test_virus.py::TestVirus::test_virus_min_greater_than_max_seq_length PASSED [ 92%]
tests/test_virus.py::TestVirus::test_virus_multi_accession_file_input PASSED [ 92%]
tests/test_virus.py::TestVirus::test_virus_multi_accession_space_separated PASSED [ 92%]
tests/test_virus.py::TestVirus::test_virus_multiple_filters_relationship_check PASSED [ 93%]
tests/test_virus.py::TestVirus::test_virus_none_virus_name PASSED        [ 93%]
tests/test_virus.py::TestVirus::test_virus_relationship_check_counts_match PASSED [ 94%]
tests/test_virus.py::TestVirus::test_virus_release_date_filter_verification PASSED [ 94%]
tests/test_virus.py::TestVirus::test_virus_specific_accession_file_creation PASSED [ 94%]
tests/test_virus.py::TestVirus::test_virus_with_annotated_filter PASSED  [ 95%]
tests/test_virus.py::TestVirus::test_virus_with_collection_date_filters PASSED [ 95%]
tests/test_virus.py::TestVirus::test_virus_with_completeness_filter PASSED [ 96%]
tests/test_virus.py::TestVirus::test_virus_with_genbank_metadata_retrieval PASSED [ 96%]
tests/test_virus.py::TestVirus::test_virus_with_geographic_location_filter PASSED [ 96%]
tests/test_virus.py::TestVirus::test_virus_with_has_proteins_filter PASSED [ 97%]
tests/test_virus.py::TestVirus::test_virus_with_host_filter PASSED       [ 97%]
tests/test_virus.py::TestVirus::test_virus_with_lab_passaged_filter PASSED [ 98%]
tests/test_virus.py::TestVirus::test_virus_with_length_filters PASSED    [ 98%]
tests/test_virus.py::TestVirus::test_virus_with_max_ambiguous_chars_filter PASSED [ 98%]
tests/test_virus.py::TestVirus::test_virus_with_multiple_filters PASSED  [ 99%]
tests/test_virus.py::TestVirus::test_virus_with_protein_count_filters PASSED [ 99%]
tests/test_virus.py::TestVirus::test_virus_with_source_database_filter PASSED [100%]

=================================== FAILURES ===================================
___________________ TestOpenTargets.test_opentargets_depmap ____________________

self = <tests.test_opentargets.TestOpenTargets testMethod=test_opentargets_depmap>

    def assert_equal_json_hash(self: unittest.TestCase):
        test = name
        expected_result = td[test]["expected_result"]
>       result_to_test = do_call(func, td[test]["args"])
                         ^^^^^^^^^^^^^^^^^^^^^^^^^^^^^^^

tests/from_json.py:117: 
_ _ _ _ _ _ _ _ _ _ _ _ _ _ _ _ _ _ _ _ _ _ _ _ _ _ _ _ _ _ _ _ _ _ _ _ _ _ _ _ 

func = <function opentargets at 0x7f5ea74b8540>
args = {'ensembl_id': 'ENSG00000169194', 'resource': 'depmap'}

    def do_call(func, args):
        if isinstance(args, dict):
>           return func(**args)
                   ^^^^^^^^^^^^

tests/from_json.py:57: 
_ _ _ _ _ _ _ _ _ _ _ _ _ _ _ _ _ _ _ _ _ _ _ _ _ _ _ _ _ _ _ _ _ _ _ _ _ _ _ _ 

ensembl_id = 'ENSG00000169194', resource = 'depmap', limit = None
verbose = True, wrap_text = False, filters = None, filter_mode = 'and'
json = False

    def opentargets(
        ensembl_id,
        resource="diseases",
        limit=None,
        verbose=True,
        wrap_text=False,
        filters=None,
        filter_mode="and",
        json=False,
    ):
        """
        Query OpenTargets for data associated with a given Ensembl gene ID.
    
        Args:
    
        - ensembl_id    Ensembl gene ID to be queried (str), e.g. "ENSG00000169194".
        - resource      Defines type of information to be returned.
                        "diseases":         Returns diseases associated with the gene (default).
                        "drugs":            Returns drugs associated with the gene.
                        "tractability":     Returns tractability data for the gene.
                        "pharmacogenetics": Returns pharmacogenetics data for the gene.
                        "expression":       Returns gene expression data (by tissues, organs, and anatomical systems).
                        "depmap":           Returns DepMap gene-disease effect data for the gene.
                        "interactions":     Returns protein-protein interactions for the gene.
        - limit         Limit the number of results returned (default: No limit).
                        Note: Not compatible with the 'tractability' and 'depmap' resources.
        - verbose       Print progress messages (default: True).
        - wrap_text     If True, displays data frame with wrapped text for easy reading. Default: False.
        - filters       Filters to apply to the data. Supported filters by resource:
                        "diseases": None
                        "drugs": disease_id (e.g. "EFO_0000274")
                        "tractability": None
                        "pharmacogenetics": drug_id (e.g. "CHEMBL535")
                        "expression": tissue_id (e.g. "UBERON_0002245"), anatomical_system (e.g. "nervous system"), organ (e.g. "brain")
                        "depmap": tissue_id (e.g. "UBERON_0002245")
                        "interactions": protein_a_id (e.g. "ENSP00000304915"), protein_b_id (e.g. "ENSP00000379111"), gene_b_id (e.g. "ENSG00000077238")
        - filter_mode   For resources that support multiple types of filters, this argument specifies how to combine them.
        - json          If True, returns results in JSON format instead of as a Data Frame. Default: False.
    
    
        Returns requested information in DataFrame format.
        """
    
        # check if resource argument is valid
        if resource not in _RESOURCES:
            raise ValueError(
                f"'resource' argument specified as {resource}. Expected one of: {', '.join(_RESOURCES)}"
            )
    
        # Wrap everything into a list
        if filters is not None:
            filters = {k: v if isinstance(v, list) else [v] for k, v in filters.items()}
    
>       df: pd.DataFrame = _RESOURCES[resource](
            ensembl_id,
            limit=limit,
            verbose=verbose,
            wrap_text=wrap_text,
            filters=filters,
            filter_mode=filter_mode,
        )

gget/gget_opentargets.py:63: 
_ _ _ _ _ _ _ _ _ _ _ _ _ _ _ _ _ _ _ _ _ _ _ _ _ _ _ _ _ _ _ _ _ _ _ _ _ _ _ _ 

ensembl_id = 'ENSG00000169194', limit = None, verbose = True, wrap_text = False
filters = None, filter_mode = 'and'

    def fun(
        ensembl_id,
        limit=None,
        verbose=True,
        wrap_text=False,
        filters=None,
        filter_mode="and",
    ):
        if limit_key is None:
            query_string = """
            query target($ensemblId: String!) {
                target(ensemblId: $ensemblId) {
                    <TOP_LEVEL_KEY>{
                        <ROW_QUERY>
                    }
                }
            }
            """.replace(
                "<TOP_LEVEL_KEY>", top_level_key
            ).replace(
                "<ROW_QUERY>", inner_query
            )
        else:
            if is_rows_based_query:
                query_tmp = """
                count
                rows{
                    <INNER_QUERY>
                }""".replace(
                    "<INNER_QUERY>", inner_query
                )
            else:
                query_tmp = inner_query
            query_string = (
                """
            query target($ensemblId: String!, $pagination: <LIMIT_TYPE>) {
                target(ensemblId: $ensemblId) {
                    <TOP_LEVEL_KEY>(<LIMIT_KEY>: $pagination){
                        <QUERY>
                    }
                }
            }
            """.replace(
                    "<TOP_LEVEL_KEY>", top_level_key
                )
                .replace("<LIMIT_TYPE>", limit_type)
                .replace("<LIMIT_KEY>", limit_key)
                .replace("<QUERY>", query_tmp)
            )
    
        actual_limit = limit
    
        if filters is not None and len(filters) > 0:
            if user_filter is None:
                raise ValueError("Filters are not supported for this resource.")
            valid_keys, filter_func = user_filter
            invalid_keys = set(filters.keys()) - valid_keys
            if len(invalid_keys) > 0:
                invalid_keys = [f"'{k}'" for k in invalid_keys]
                valid_keys = [f"'{k}'" for k in valid_keys]
                raise ValueError(
                    f"The following filter keys are invalid for this resource: {', '.join(invalid_keys)}. Valid keys are: {', '.join(valid_keys)}"
                )
            # we have to fetch all data to be able to apply limit in a sane way when filters are specified
            limit = None
    
        pagination = limit_func(limit, is_rows_based_query)
        variables = {"ensemblId": ensembl_id, "pagination": pagination}
    
        if limit_key is None:
            del variables["pagination"]
    
>       results = graphql_query(OPENTARGETS_GRAPHQL_API, query_string, variables)
                  ^^^^^^^^^^^^^^^^^^^^^^^^^^^^^^^^^^^^^^^^^^^^^^^^^^^^^^^^^^^^^^^

gget/gget_opentargets.py:325: 
_ _ _ _ _ _ _ _ _ _ _ _ _ _ _ _ _ _ _ _ _ _ _ _ _ _ _ _ _ _ _ _ _ _ _ _ _ _ _ _ 

server = 'https://api.platform.opentargets.org/api/v4/graphql'
query = '\n            query target($ensemblId: String!) {\n                target(ensemblId: $ensemblId) {\n                 ...urce\n            mutation\n        }\n        \n                    }\n                }\n            }\n            '
variables = {'ensemblId': 'ENSG00000169194'}

    def graphql_query(server, query, variables):
        """
        Function to perform a GraphQL API query.
    
        Args:
        - server        Server to query.
        - query         Query that is passed to server.
        - variables     Variables that are passed to server.
    
        Returns server output.
        """
    
        r = requests.post(server, json={"query": query, "variables": variables})
    
        if not r.ok:
            logger.debug(
                f"Server: {server}, Query: {query}, Variables: {variables}, Response: {r.text}"
            )
>           raise RuntimeError(
                f"{server} returned error status code {r.status_code}. "
                "Please double-check arguments and try again.\n"
            )
E           RuntimeError: https://api.platform.opentargets.org/api/v4/graphql returned error status code 502. Please double-check arguments and try again.

gget/utils.py:721: RuntimeError
_________ TestOpenTargets.test_opentargets_interactions_simple_filter __________

self = <tests.test_opentargets.TestOpenTargets testMethod=test_opentargets_interactions_simple_filter>

    def assert_equal(self: unittest.TestCase):
        test = name
        expected_result = td[test]["expected_result"]
>       result_to_test = do_call(func, td[test]["args"])
                         ^^^^^^^^^^^^^^^^^^^^^^^^^^^^^^^

tests/from_json.py:65: 
_ _ _ _ _ _ _ _ _ _ _ _ _ _ _ _ _ _ _ _ _ _ _ _ _ _ _ _ _ _ _ _ _ _ _ _ _ _ _ _ 

func = <function opentargets at 0x7f5ea74b8540>
args = {'ensembl_id': 'ENSG00000169194', 'filters': {'gene_b_id': 'ENSG00000077238', 'protein_a_id': 'P35225'}, 'resource': 'interactions'}

    def do_call(func, args):
        if isinstance(args, dict):
>           return func(**args)
                   ^^^^^^^^^^^^

tests/from_json.py:57: 
_ _ _ _ _ _ _ _ _ _ _ _ _ _ _ _ _ _ _ _ _ _ _ _ _ _ _ _ _ _ _ _ _ _ _ _ _ _ _ _ 

ensembl_id = 'ENSG00000169194', resource = 'interactions', limit = None
verbose = True, wrap_text = False
filters = {'gene_b_id': ['ENSG00000077238'], 'protein_a_id': ['P35225']}
filter_mode = 'and', json = False

    def opentargets(
        ensembl_id,
        resource="diseases",
        limit=None,
        verbose=True,
        wrap_text=False,
        filters=None,
        filter_mode="and",
        json=False,
    ):
        """
        Query OpenTargets for data associated with a given Ensembl gene ID.
    
        Args:
    
        - ensembl_id    Ensembl gene ID to be queried (str), e.g. "ENSG00000169194".
        - resource      Defines type of information to be returned.
                        "diseases":         Returns diseases associated with the gene (default).
                        "drugs":            Returns drugs associated with the gene.
                        "tractability":     Returns tractability data for the gene.
                        "pharmacogenetics": Returns pharmacogenetics data for the gene.
                        "expression":       Returns gene expression data (by tissues, organs, and anatomical systems).
                        "depmap":           Returns DepMap gene-disease effect data for the gene.
                        "interactions":     Returns protein-protein interactions for the gene.
        - limit         Limit the number of results returned (default: No limit).
                        Note: Not compatible with the 'tractability' and 'depmap' resources.
        - verbose       Print progress messages (default: True).
        - wrap_text     If True, displays data frame with wrapped text for easy reading. Default: False.
        - filters       Filters to apply to the data. Supported filters by resource:
                        "diseases": None
                        "drugs": disease_id (e.g. "EFO_0000274")
                        "tractability": None
                        "pharmacogenetics": drug_id (e.g. "CHEMBL535")
                        "expression": tissue_id (e.g. "UBERON_0002245"), anatomical_system (e.g. "nervous system"), organ (e.g. "brain")
                        "depmap": tissue_id (e.g. "UBERON_0002245")
                        "interactions": protein_a_id (e.g. "ENSP00000304915"), protein_b_id (e.g. "ENSP00000379111"), gene_b_id (e.g. "ENSG00000077238")
        - filter_mode   For resources that support multiple types of filters, this argument specifies how to combine them.
        - json          If True, returns results in JSON format instead of as a Data Frame. Default: False.
    
    
        Returns requested information in DataFrame format.
        """
    
        # check if resource argument is valid
        if resource not in _RESOURCES:
            raise ValueError(
                f"'resource' argument specified as {resource}. Expected one of: {', '.join(_RESOURCES)}"
            )
    
        # Wrap everything into a list
        if filters is not None:
            filters = {k: v if isinstance(v, list) else [v] for k, v in filters.items()}
    
>       df: pd.DataFrame = _RESOURCES[resource](
            ensembl_id,
            limit=limit,
            verbose=verbose,
            wrap_text=wrap_text,
            filters=filters,
            filter_mode=filter_mode,
        )

gget/gget_opentargets.py:63: 
_ _ _ _ _ _ _ _ _ _ _ _ _ _ _ _ _ _ _ _ _ _ _ _ _ _ _ _ _ _ _ _ _ _ _ _ _ _ _ _ 

ensembl_id = 'ENSG00000169194', limit = None, verbose = True, wrap_text = False
filters = {'gene_b_id': ['ENSG00000077238'], 'protein_a_id': ['P35225']}
filter_mode = 'and'

    def fun(
        ensembl_id,
        limit=None,
        verbose=True,
        wrap_text=False,
        filters=None,
        filter_mode="and",
    ):
        if limit_key is None:
            query_string = """
            query target($ensemblId: String!) {
                target(ensemblId: $ensemblId) {
                    <TOP_LEVEL_KEY>{
                        <ROW_QUERY>
                    }
                }
            }
            """.replace(
                "<TOP_LEVEL_KEY>", top_level_key
            ).replace(
                "<ROW_QUERY>", inner_query
            )
        else:
            if is_rows_based_query:
                query_tmp = """
                count
                rows{
                    <INNER_QUERY>
                }""".replace(
                    "<INNER_QUERY>", inner_query
                )
            else:
                query_tmp = inner_query
            query_string = (
                """
            query target($ensemblId: String!, $pagination: <LIMIT_TYPE>) {
                target(ensemblId: $ensemblId) {
                    <TOP_LEVEL_KEY>(<LIMIT_KEY>: $pagination){
                        <QUERY>
                    }
                }
            }
            """.replace(
                    "<TOP_LEVEL_KEY>", top_level_key
                )
                .replace("<LIMIT_TYPE>", limit_type)
                .replace("<LIMIT_KEY>", limit_key)
                .replace("<QUERY>", query_tmp)
            )
    
        actual_limit = limit
    
        if filters is not None and len(filters) > 0:
            if user_filter is None:
                raise ValueError("Filters are not supported for this resource.")
            valid_keys, filter_func = user_filter
            invalid_keys = set(filters.keys()) - valid_keys
            if len(invalid_keys) > 0:
                invalid_keys = [f"'{k}'" for k in invalid_keys]
                valid_keys = [f"'{k}'" for k in valid_keys]
                raise ValueError(
                    f"The following filter keys are invalid for this resource: {', '.join(invalid_keys)}. Valid keys are: {', '.join(valid_keys)}"
                )
            # we have to fetch all data to be able to apply limit in a sane way when filters are specified
            limit = None
    
        pagination = limit_func(limit, is_rows_based_query)
        variables = {"ensemblId": ensembl_id, "pagination": pagination}
    
        if limit_key is None:
            del variables["pagination"]
    
        results = graphql_query(OPENTARGETS_GRAPHQL_API, query_string, variables)
        target = results["data"]["target"]
        if target is None:
            raise ValueError(
                f"No data found for Ensembl ID: {ensembl_id}. Please double-check the ID and try again."
            )
        data = target[top_level_key]
    
        if is_rows_based_query:
            total_count = data["count"]
            rows = data["rows"]
        else:
            # noinspection PyTypeChecker
            rows = data
            total_count = len(data)
    
        if verbose:
            explanation = ""
            if limit is None and limit_key is not None and is_rows_based_query:
                explanation = " (Querying count, will fetch all results next.)"
            logger.info(
                f"Retrieved {len(rows)}/{total_count} {human_readable_tlk}.{explanation}"
            )
    
        if limit is None and limit_key is not None and is_rows_based_query:
            variables["pagination"] = limit_func(total_count, is_rows_based_query)
    
>           new_results = graphql_query(
                OPENTARGETS_GRAPHQL_API, query_string, variables
            )

gget/gget_opentargets.py:352: 
_ _ _ _ _ _ _ _ _ _ _ _ _ _ _ _ _ _ _ _ _ _ _ _ _ _ _ _ _ _ _ _ _ _ _ _ _ _ _ _ 

server = 'https://api.platform.opentargets.org/api/v4/graphql'
query = '\n            query target($ensemblId: String!, $pagination: Pagination) {\n                target(ensemblId: $ensemb...taxonId\n        }\n        \n                }\n                    }\n                }\n            }\n            '
variables = {'ensemblId': 'ENSG00000169194', 'pagination': {'index': 0, 'size': 1722}}

    def graphql_query(server, query, variables):
        """
        Function to perform a GraphQL API query.
    
        Args:
        - server        Server to query.
        - query         Query that is passed to server.
        - variables     Variables that are passed to server.
    
        Returns server output.
        """
    
        r = requests.post(server, json={"query": query, "variables": variables})
    
        if not r.ok:
            logger.debug(
                f"Server: {server}, Query: {query}, Variables: {variables}, Response: {r.text}"
            )
>           raise RuntimeError(
                f"{server} returned error status code {r.status_code}. "
                "Please double-check arguments and try again.\n"
            )
E           RuntimeError: https://api.platform.opentargets.org/api/v4/graphql returned error status code 502. Please double-check arguments and try again.

gget/utils.py:721: RuntimeError
------------------------------ Captured log call -------------------------------
INFO     gget.utils:gget_opentargets.py:345 Retrieved 1/1722 interactions. (Querying count, will fetch all results next.)
__________________________ TestPDB.test_pdb_assembly ___________________________

self = <tests.test_pdb.TestPDB testMethod=test_pdb_assembly>

    def test_pdb_assembly(self):
        test = "test1"
        expected_result = pdb_dict[test]["expected_result"]
        result_to_test = pdb(**pdb_dict[test]["args"])
    
>       self.assertEqual(result_to_test, expected_result)
E       AssertionError: {'pdb[458 chars]atrix_1_1': 1.0, 'matrix_1_2': 0.0, 'matrix_1_[2885 chars]2.2'} != {'pdb[458 chars]atrix11': 1.0, 'matrix12': 0.0, 'matrix13': 0.[2864 chars]2.2'}
E         {'pdbx_struct_assembly': {'details': 'author_and_software_defined_assembly',
E                                   'id': '1',
E                                   'method_details': 'PISA',
E                                   'oligomeric_count': 3,
E                                   'oligomeric_details': 'trimeric',
E                                   'rcsb_candidate_assembly': 'Y',
E                                   'rcsb_details': 'author_and_software_defined_assembly'},
E          'pdbx_struct_assembly_gen': [{'assembly_id': '1',
E                                        'asym_id_list': ['A',
E                                                         'B',
E                                                         'C',
E                                                         'G',
E                                                         'H',
E                                                         'I',
E                                                         'J',
E                                                         'K',
E                                                         'O',
E                                                         'P',
E                                                         'Q'],
E                                        'oper_expression': '1',
E                                        'ordinal': 1}],
E          'pdbx_struct_oper_list': [{'id': '1',
E       -                             'matrix_1_1': 1.0,
E       ?                                    - -
E       
E       +                             'matrix11': 1.0,
E       -                             'matrix_1_2': 0.0,
E       ?                                    - -
E       
E       +                             'matrix12': 0.0,
E       -                             'matrix_1_3': 0.0,
E       ?                                    - -
E       
E       +                             'matrix13': 0.0,
E       -                             'matrix_2_1': 0.0,
E       ?                                    - -
E       
E       +                             'matrix21': 0.0,
E       -                             'matrix_2_2': 1.0,
E       ?                                    - -
E       
E       +                             'matrix22': 1.0,
E       -                             'matrix_2_3': 0.0,
E       ?                                    - -
E       
E       +                             'matrix23': 0.0,
E       -                             'matrix_3_1': 0.0,
E       ?                                    - -
E       
E       +                             'matrix31': 0.0,
E       -                             'matrix_3_2': 0.0,
E       ?                                    - -
E       
E       +                             'matrix32': 0.0,
E       -                             'matrix_3_3': 1.0,
E       ?                                    - -
E       
E       +                             'matrix33': 1.0,
E                                     'name': '1_555',
E                                     'symmetry_operation': 'x,y,z',
E                                     'type': 'identity operation',
E       -                             'vector_1': 0.0,
E       ?                                    -
E       
E       +                             'vector1': 0.0,
E       -                             'vector_2': 0.0,
E       ?                                    -
E       
E       +                             'vector2': 0.0,
E       -                             'vector_3': 0.0}],
E       ?                                    -
E       
E       +                             'vector3': 0.0}],
E          'rcsb_assembly_container_identifiers': {'assembly_id': '1',
E                                                  'entry_id': '1RH7',
E                                                  'interface_ids': ['1', '2', '3'],
E                                                  'rcsb_id': '1RH7-1'},
E          'rcsb_assembly_info': {'assembly_id': '1',
E                                 'atom_count': 1762,
E                                 'branched_atom_count': 0,
E                                 'branched_entity_count': 0,
E                                 'branched_entity_instance_count': 0,
E                                 'deuterated_water_count': 0,
E                                 'entry_id': '1RH7',
E                                 'hydrogen_atom_count': 0,
E                                 'modeled_polymer_monomer_count': 243,
E                                 'na_polymer_entity_types': 'Other',
E                                 'nonpolymer_atom_count': 29,
E                                 'nonpolymer_entity_count': 2,
E                                 'nonpolymer_entity_instance_count': 5,
E                                 'num_heterologous_interface_entities': 0,
E                                 'num_heteromeric_interface_entities': 0,
E                                 'num_homomeric_interface_entities': 1,
E                                 'num_interface_entities': 1,
E                                 'num_interfaces': 3,
E                                 'num_isologous_interface_entities': 1,
E                                 'num_na_interface_entities': 0,
E                                 'num_prot_na_interface_entities': 0,
E                                 'num_protein_interface_entities': 1,
E                                 'polymer_atom_count': 1658,
E                                 'polymer_composition': 'homomeric protein',
E                                 'polymer_entity_count': 1,
E       -                         'polymer_entity_count_DNA': 0,
E       ?                                               ^^^
E       
E       +                         'polymer_entity_count_dna': 0,
E       ?                                               ^^^
E       
E       -                         'polymer_entity_count_RNA': 0,
E                                 'polymer_entity_count_nucleic_acid': 0,
E                                 'polymer_entity_count_nucleic_acid_hybrid': 0,
E                                 'polymer_entity_count_protein': 1,
E       +                         'polymer_entity_count_rna': 0,
E                                 'polymer_entity_instance_count': 3,
E       -                         'polymer_entity_instance_count_DNA': 0,
E       ?                                                        ^^^
E       
E       +                         'polymer_entity_instance_count_dna': 0,
E       ?                                                        ^^^
E       
E       -                         'polymer_entity_instance_count_RNA': 0,
E                                 'polymer_entity_instance_count_nucleic_acid': 0,
E                                 'polymer_entity_instance_count_nucleic_acid_hybrid': 0,
E                                 'polymer_entity_instance_count_protein': 3,
E       +                         'polymer_entity_instance_count_rna': 0,
E                                 'polymer_monomer_count': 243,
E                                 'selected_polymer_entity_types': 'Protein (only)',
E                                 'solvent_atom_count': 75,
E                                 'solvent_entity_count': 1,
E                                 'solvent_entity_instance_count': 3,
E                                 'total_assembly_buried_surface_area': 2316.9225073146845,
E                                 'total_number_interface_residues': 160,
E                                 'unmodeled_polymer_monomer_count': 0},
E          'rcsb_id': '1RH7-1',
E          'rcsb_struct_symmetry': [{'clusters': [{'avg_rmsd': 0.8418294327358263,
E                                                  'members': [{'asym_id': 'A',
E                                                               'pdbx_struct_oper_list_ids': ['1']},
E                                                              {'asym_id': 'C',
E                                                               'pdbx_struct_oper_list_ids': ['1']},
E                                                              {'asym_id': 'B',
E                                                               'pdbx_struct_oper_list_ids': ['1']}]}],
E                                    'kind': 'Global Symmetry',
E                                    'oligomeric_state': 'Homo 3-mer',
E                                    'rotation_axes': [{'end': [13.473746075056361,
E                                                               41.0962265805248,
E                                                               -5.777587727129287],
E                                                       'order': 3,
E                                                       'start': [13.838143875349235,
E                                                                 28.581996104345052,
E                                                                 78.43743587115125]}],
E                                    'stoichiometry': ['A3'],
E                                    'symbol': 'C3',
E                                    'type': 'Cyclic'}],
E          'rcsb_struct_symmetry_lineage': [{'depth': 0,
E                                            'id': 'Global Symmetry',
E                                            'name': 'Global Symmetry'},
E                                           {'depth': 2,
E                                            'id': 'Global Symmetry.Cyclic.C3',
E                                            'name': 'C3'},
E                                           {'depth': 3,
E                                            'id': 'Global Symmetry.Cyclic.C3.Homo 3-mer',
E                                            'name': 'Homo 3-mer'},
E                                           {'depth': 1,
E                                            'id': 'Global Symmetry.Cyclic',
E                                            'name': 'Cyclic'}],
E          'rcsb_struct_symmetry_provenance_code': 'biojava-7.2.2'}

tests/test_pdb.py:19: AssertionError
_______________________ TestSearch.test_search_plant_db ________________________

self = <pandas.io.sql.SQLiteDatabase object at 0x7f5e9d1e73e0>
sql = "\n            SELECT gene.stable_id AS 'ensembl_id', xref.display_label AS 'gene_name', gene.description AS 'ensembl_...f.display_label LIKE '%CLF%' OR external_synonym.synonym LIKE '%CLF%' OR gene_attrib.value LIKE '%CLF%')\n            "
params = None

    def execute(self, sql: str | Select | TextClause, params=None):
        if not isinstance(sql, str):
            raise TypeError("Query must be a string unless using sqlalchemy.")
        args = [] if params is None else [params]
        cur = self.con.cursor()
        try:
            cur.execute(sql, *args)
            return cur
        except Exception as exc:
            try:
>               self.con.rollback()

/opt/hostedtoolcache/Python/3.12.13/x64/lib/python3.12/site-packages/pandas/io/sql.py:2668: 
_ _ _ _ _ _ _ _ _ _ _ _ _ _ _ _ _ _ _ _ _ _ _ _ _ _ _ _ _ _ _ _ _ _ _ _ _ _ _ _ 

self = <mysql.connector.connection.MySQLConnection object at 0x7f5e9d1e4da0>

    def rollback(self) -> None:
        """Rollback current transaction"""
        if self.unread_result:
            self.get_rows()
    
>       self._execute_query("ROLLBACK")

/opt/hostedtoolcache/Python/3.12.13/x64/lib/python3.12/site-packages/mysql/connector/connection.py:1463: 
_ _ _ _ _ _ _ _ _ _ _ _ _ _ _ _ _ _ _ _ _ _ _ _ _ _ _ _ _ _ _ _ _ _ _ _ _ _ _ _ 

self = <mysql.connector.connection.MySQLConnection object at 0x7f5e9d1e4da0>
query = 'ROLLBACK'

    def _execute_query(self, query: str) -> None:
        """Execute a query
    
        This method simply calls cmd_query() after checking for unread
        result. If there are still unread result, an InterfaceError
        is raised. Otherwise whatever cmd_query() returns is returned.
    
        Returns a dict()
        """
        self.handle_unread_result()
>       self.cmd_query(query)

/opt/hostedtoolcache/Python/3.12.13/x64/lib/python3.12/site-packages/mysql/connector/connection.py:1475: 
_ _ _ _ _ _ _ _ _ _ _ _ _ _ _ _ _ _ _ _ _ _ _ _ _ _ _ _ _ _ _ _ _ _ _ _ _ _ _ _ 

cnx = <mysql.connector.connection.MySQLConnection object at 0x7f5e9d1e4da0>
args = ('ROLLBACK',), kwargs = {}

    def wrapper(cnx: "MySQLConnectionAbstract", *args: Any, **kwargs: Any) -> Any:
        """Context propagation decorator."""
        # pylint: disable=possibly-used-before-assignment
        if not OTEL_ENABLED or not cnx.otel_context_propagation:
>           return method(cnx, *args, **kwargs)
                   ^^^^^^^^^^^^^^^^^^^^^^^^^^^^

/opt/hostedtoolcache/Python/3.12.13/x64/lib/python3.12/site-packages/mysql/connector/opentelemetry/context_propagation.py:97: 
_ _ _ _ _ _ _ _ _ _ _ _ _ _ _ _ _ _ _ _ _ _ _ _ _ _ _ _ _ _ _ _ _ _ _ _ _ _ _ _ 

cnx = <mysql.connector.connection.MySQLConnection object at 0x7f5e9d1e4da0>
args = ('ROLLBACK',), kwargs = {}

    @functools.wraps(cnx_method)
    def handle_cnx_method(
        cnx: "MySQLConnectionAbstract", *args: Any, **kwargs: Any
    ) -> Any:
        try:
            return cnx_method(cnx, *args, **kwargs)
        except Exception as err:
            if isinstance(err, TimeoutError):
                cnx.close()
>           raise err

/opt/hostedtoolcache/Python/3.12.13/x64/lib/python3.12/site-packages/mysql/connector/_decorating.py:89: 
_ _ _ _ _ _ _ _ _ _ _ _ _ _ _ _ _ _ _ _ _ _ _ _ _ _ _ _ _ _ _ _ _ _ _ _ _ _ _ _ 

cnx = <mysql.connector.connection.MySQLConnection object at 0x7f5e9d1e4da0>
args = ('ROLLBACK',), kwargs = {}

    @functools.wraps(cnx_method)
    def handle_cnx_method(
        cnx: "MySQLConnectionAbstract", *args: Any, **kwargs: Any
    ) -> Any:
        try:
>           return cnx_method(cnx, *args, **kwargs)
                   ^^^^^^^^^^^^^^^^^^^^^^^^^^^^^^^^

/opt/hostedtoolcache/Python/3.12.13/x64/lib/python3.12/site-packages/mysql/connector/_decorating.py:85: 
_ _ _ _ _ _ _ _ _ _ _ _ _ _ _ _ _ _ _ _ _ _ _ _ _ _ _ _ _ _ _ _ _ _ _ _ _ _ _ _ 

self = <mysql.connector.connection.MySQLConnection object at 0x7f5e9d1e4da0>
query = b'ROLLBACK', raw = False, buffered = False, raw_as_string = False
kwargs = {}, charset = 'utf8', packet = bytearray(b'ROLLBACK')

    @with_context_propagation
    @handle_read_write_timeout()
    def cmd_query(
        self,
        query: StrOrBytes,
        raw: bool = False,
        buffered: bool = False,
        raw_as_string: bool = False,
        **kwargs: Any,
    ) -> ResultType:
        if not isinstance(query, bytearray):
            if isinstance(query, str):
                query = query.encode("utf-8")
            query = bytearray(query)
    
        # Set/Reset internal state related to query execution
        self._query = query
        self._local_infile_filenames = None
    
        # Prepare query attrs
        charset = self.charset if self.charset != "utf8mb4" else "utf8"
        packet = bytearray()
        if not self._query_attrs_supported and self._query_attrs:
            warnings.warn(
                "This version of the server does not support Query Attributes",
                category=Warning,
            )
        if self._client_flags & ClientFlag.CLIENT_QUERY_ATTRIBUTES:
            names = []
            types = []
            values: List[bytes] = []
            null_bitmap = [0] * ((len(self._query_attrs) + 7) // 8)
            for pos, attr_tuple in enumerate(self._query_attrs.items()):
                value = attr_tuple[1]
                flags = 0
                if value is None:
                    null_bitmap[(pos // 8)] |= 1 << (pos % 8)
                    types.append(int1store(FieldType.NULL) + int1store(flags))
                    continue
                if isinstance(value, int):
                    (
                        packed,
                        field_type,
                        flags,
                    ) = self._protocol.prepare_binary_integer(value)
                    values.append(packed)
                elif isinstance(value, str):
                    value = value.encode(charset)
                    values.append(lc_int(len(value)) + value)
                    field_type = FieldType.STRING
                elif isinstance(value, bytes):
                    values.append(lc_int(len(value)) + value)
                    field_type = FieldType.STRING
                elif isinstance(value, Decimal):
                    values.append(
                        lc_int(len(str(value).encode(charset)))
                        + str(value).encode(charset)
                    )
                    field_type = FieldType.DECIMAL
                elif isinstance(value, float):
                    values.append(struct.pack("<d", value))
                    field_type = FieldType.DOUBLE
                elif isinstance(value, (datetime.datetime, datetime.date)):
                    (
                        packed,
                        field_type,
                    ) = self._protocol.prepare_binary_timestamp(value)
                    values.append(packed)
                elif isinstance(value, (datetime.timedelta, datetime.time)):
                    (packed, field_type) = self._protocol.prepare_binary_time(value)
                    values.append(packed)
                else:
                    raise ProgrammingError(
                        "MySQL binary protocol can not handle "
                        f"'{value.__class__.__name__}' objects"
                    )
                types.append(int1store(field_type) + int1store(flags))
                name = attr_tuple[0].encode(charset)
                names.append(lc_int(len(name)) + name)
    
            # int<lenenc>    parameter_count    Number of parameters
            packet.extend(lc_int(len(self._query_attrs)))
            # int<lenenc>    parameter_set_count    Number of parameter sets.
            # Currently always 1
            packet.extend(lc_int(1))
            if values:
                packet.extend(
                    b"".join([struct.pack("B", bit) for bit in null_bitmap])
                    + int1store(1)
                )
                for _type, name in zip(types, names):
                    packet.extend(_type)
                    packet.extend(name)
    
                for value in values:
                    packet.extend(value)
    
        packet.extend(query)
        query = bytes(packet)
        try:
            read_timeout = kwargs.get("read_timeout", None)
            write_timeout = kwargs.get("write_timeout", None)
    
>           result = self._handle_result(
                self._send_cmd(
                    ServerCmd.QUERY,
                    query,
                    read_timeout=read_timeout,
                    write_timeout=write_timeout,
                ),
                read_timeout,
                write_timeout,
            )

/opt/hostedtoolcache/Python/3.12.13/x64/lib/python3.12/site-packages/mysql/connector/connection.py:984: 
_ _ _ _ _ _ _ _ _ _ _ _ _ _ _ _ _ _ _ _ _ _ _ _ _ _ _ _ _ _ _ _ _ _ _ _ _ _ _ _ 

cnx = <mysql.connector.connection.MySQLConnection object at 0x7f5e9d1e4da0>
args = (bytearray(b'\x98\x00\x00\t\tAT2G23380\x03CLFQSET domain-containing protein [Source:NCBI gene (formerly Entrezgene);Acc:816870]\x1dSET domain-containing protein\x0eprotein_coding\nCURLY LEAF'), None, None)
kwargs = {}

    @functools.wraps(cnx_method)
    def handle_cnx_method(
        cnx: "MySQLConnectionAbstract", *args: Any, **kwargs: Any
    ) -> Any:
        try:
            return cnx_method(cnx, *args, **kwargs)
        except Exception as err:
            if isinstance(err, TimeoutError):
                cnx.close()
>           raise err

/opt/hostedtoolcache/Python/3.12.13/x64/lib/python3.12/site-packages/mysql/connector/_decorating.py:89: 
_ _ _ _ _ _ _ _ _ _ _ _ _ _ _ _ _ _ _ _ _ _ _ _ _ _ _ _ _ _ _ _ _ _ _ _ _ _ _ _ 

cnx = <mysql.connector.connection.MySQLConnection object at 0x7f5e9d1e4da0>
args = (bytearray(b'\x98\x00\x00\t\tAT2G23380\x03CLFQSET domain-containing protein [Source:NCBI gene (formerly Entrezgene);Acc:816870]\x1dSET domain-containing protein\x0eprotein_coding\nCURLY LEAF'), None, None)
kwargs = {}

    @functools.wraps(cnx_method)
    def handle_cnx_method(
        cnx: "MySQLConnectionAbstract", *args: Any, **kwargs: Any
    ) -> Any:
        try:
>           return cnx_method(cnx, *args, **kwargs)
                   ^^^^^^^^^^^^^^^^^^^^^^^^^^^^^^^^

/opt/hostedtoolcache/Python/3.12.13/x64/lib/python3.12/site-packages/mysql/connector/_decorating.py:85: 
_ _ _ _ _ _ _ _ _ _ _ _ _ _ _ _ _ _ _ _ _ _ _ _ _ _ _ _ _ _ _ _ _ _ _ _ _ _ _ _ 

self = <mysql.connector.connection.MySQLConnection object at 0x7f5e9d1e4da0>
packet = bytearray(b'\x98\x00\x00\t\tAT2G23380\x03CLFQSET domain-containing protein [Source:NCBI gene (formerly Entrezgene);Acc:816870]\x1dSET domain-containing protein\x0eprotein_coding\nCURLY LEAF')
read_timeout = None, write_timeout = None

    @handle_read_write_timeout()
    def _handle_result(
        self,
        packet: bytes,
        read_timeout: Optional[int] = None,
        write_timeout: Optional[int] = None,
    ) -> ResultType:
        """Handle a MySQL Result
    
        This method handles a MySQL result, for example, after sending the
        query command. OK and EOF packets will be handled and returned. If
        the packet is an Error packet, an Error-exception will be
        raised.
    
        The dictionary returned of:
        - columns: column information
        - eof: the EOF-packet information
    
        Returns a dict()
        """
        if not packet or len(packet) < 4:
            raise InterfaceError("Empty response")
        if packet[4] == OK_STATUS:
            return self._handle_ok(packet)
        if packet[4] == LOCAL_INFILE_STATUS:
            filename = packet[5:].decode()
            return self._handle_load_data_infile(filename, read_timeout, write_timeout)
        if packet[4] == EOF_STATUS:
            return self._handle_eof(packet)
        if packet[4] == ERR_STATUS:
            raise get_exception(packet)
    
        # We have a text result set
        column_count = self._protocol.parse_column_count(packet)
        if not column_count or not isinstance(column_count, int):
            raise InterfaceError("Illegal result set")
    
        self._columns_desc = [
            None,
        ] * column_count
        for i in range(0, column_count):
>           self._columns_desc[i] = self._protocol.parse_column(
                self._socket.recv(read_timeout or self._read_timeout),
                self.python_charset,
            )

/opt/hostedtoolcache/Python/3.12.13/x64/lib/python3.12/site-packages/mysql/connector/connection.py:756: 
_ _ _ _ _ _ _ _ _ _ _ _ _ _ _ _ _ _ _ _ _ _ _ _ _ _ _ _ _ _ _ _ _ _ _ _ _ _ _ _ 

packet = bytearray(b''), encoding = 'utf8'

    @staticmethod
    def parse_column(packet: bytes, encoding: str = "utf-8") -> DescriptionType:
        """Parse a MySQL column-packet."""
        packet, _ = utils.read_lc_string(packet[4:])  # catalog
        packet, _ = utils.read_lc_string(packet)  # db
        packet, _ = utils.read_lc_string(packet)  # table
        packet, _ = utils.read_lc_string(packet)  # org_table
        packet, name = utils.read_lc_string(packet)  # name
        packet, _ = utils.read_lc_string(packet)  # org_name
    
        try:
            (
                charset,
                _,
                column_type,
                flags,
                _,
            ) = struct.unpack("<xHIBHBxx", packet)
        except struct.error:
>           raise InterfaceError("Failed parsing column information") from None
E           mysql.connector.errors.InterfaceError: Failed parsing column information

/opt/hostedtoolcache/Python/3.12.13/x64/lib/python3.12/site-packages/mysql/connector/protocol.py:552: InterfaceError

The above exception was the direct cause of the following exception:

self = <tests.test_search.TestSearch testMethod=test_search_plant_db>

    def assert_equal_na(self: unittest.TestCase):
        test = name
        expected_result = td[test]["expected_result"]
>       result_to_test = do_call(func, td[test]["args"])
                         ^^^^^^^^^^^^^^^^^^^^^^^^^^^^^^^

tests/from_json.py:87: 
_ _ _ _ _ _ _ _ _ _ _ _ _ _ _ _ _ _ _ _ _ _ _ _ _ _ _ _ _ _ _ _ _ _ _ _ _ _ _ _ 

func = <function search at 0x7f5ea9e1d800>
args = {'searchwords': ['CLF'], 'species': 'arabidopsis_thaliana_core_58_111_11'}

    def do_call(func, args):
        if isinstance(args, dict):
>           return func(**args)
                   ^^^^^^^^^^^^

tests/from_json.py:57: 
_ _ _ _ _ _ _ _ _ _ _ _ _ _ _ _ _ _ _ _ _ _ _ _ _ _ _ _ _ _ _ _ _ _ _ _ _ _ _ _ 

searchwords = ['CLF'], species = 'arabidopsis_thaliana_core_58_111_11'
release = None, id_type = 'gene', seqtype = None, andor = 'or', limit = None
wrap_text = False, json = False, save = False, verbose = True

    def search(
        searchwords,
        species,
        release=None,
        id_type="gene",
        seqtype=None,
        andor="or",
        limit=None,
        wrap_text=False,
        json=False,
        save=False,
        verbose=True,
    ):
        """
        Function to query Ensembl for genes based on species and free form search terms.
        Automatically fetches results from latest Ensembl release, unless user specifies database (see 'species' argument)
        or release database (see 'release' argument).
    
        Args:
        - searchwords     Free form search words (not case-sensitive) as a string or list of strings
                          (e.g.searchwords = ["GABA", "gamma-aminobutyric"]).
        - species         Species can be passed in the format "genus_species", e.g. "homo_sapiens" or "arabidopsis_thaliana".
                          To pass a specific database, enter the name of the core database, e.g. "mus_musculus_dba2j_core_105_1".
                          All available core databases can be found here:
                          Vertebrates: http://ftp.ensembl.org/pub/current/mysql/
                          Invertebrates: http://ftp.ensemblgenomes.org/pub/current/ + kingdom + mysql/
        - release         Defines the Ensembl release number from which the files are fetched, e.g. 104.
                          Note: This argument does not apply to invertebrate species (you can pass a specific core database (which includes release number) to the species argument instead).
                          This argument is overwritten if a specific database (which includes a release number) is passed to the species argument.
                          Default: None -> latest Ensembl release is used
        - id_type         "gene" (default) or "transcript"
                          Defines whether genes or transcripts matching the searchwords are returned.
        - andor           "or" (default) or "and"
                          "or": Returns all genes that INCLUDE AT LEAST ONE of the searchwords in their name/description.
                          "and": Returns only genes that INCLUDE ALL of the searchwords in their name/description.
        - limit           (int) Limit the number of search results returned (default: None).
        - wrap_text       If True, displays data frame with wrapped text for easy reading. Default: False.
        - json            If True, returns results in json format instead of data frame. Default: False.
        - save            If True, the data frame is saved as a csv in the current directory (default: False).
        - verbose         True/False whether to print progress information. Default True.
    
        Returns a data frame with the query results.
    
        Note: Only returns results based on matches in the "gene name" or "description" sections in the Ensembl database.
    
        Deprecated arguments: 'seqtype' (renamed to id_type)
        """
        # Handle deprecated arguments
        if seqtype:
            logger.error(
                "'seqtype' argument deprecated! Please use argument 'id_type' instead."
            )
            return
    
        start_time = time.time()
    
        ## Check validity or arguments
        # Check if id_type is valid
        id_types = ["gene", "transcript"]
        id_type = id_type.lower()
        if id_type not in id_types:
            raise ValueError(
                f"ID type (id_type) specified is '{id_type}'. Expected one of: {', '.join(id_types)}"
            )
    
        # Check if 'andor' arg is valid
        andors = ["and", "or"]
        andor = andor.lower()
        if andor not in andors:
            raise ValueError(
                f"'andor' argument specified as {andor}. Expected one of {', '.join(andors)}"
            )
    
        ## Get database for specified species
        # Species shortcuts
        if species == "human":
            species = "homo_sapiens"
        if species == "mouse":
            species = "mus_musculus"
    
        # If a specific database is passed with the "/" at the end, remove it
        if "/" in species:
            species = species.split("/")[0]
    
        # In case species was passed with upper case letters
        species = species.lower()
    
        if "core" in species:
            db = species
            if release:
                logger.warning(
                    "Specified release overwritten because database name was provided."
                )
        else:
            if release:
                ens_rel = release
            else:
                # Find latest Ensembl release
                ens_rel = find_latest_ens_rel()
    
            # Fetch ensembl databases
            databases = search_species_options(database=ENSEMBL_FTP_URL, release=ens_rel)
    
            # Add ensembl invertebrate databases
            databases += search_species_options(database=ENSEMBL_FTP_URL_NV, release=None)
    
            db = []
            for datab in databases:
                if species in datab:
                    db.append(datab)
    
            # Unless an unambigious mouse database is specified,
            # the standard core database will be used
            if len(db) > 1 and "mus_musculus" in species:
                db = f"mus_musculus_core_{ens_rel}_39"
                logger.warning(
                    f"Defaulting to mus musculus core database: {db}.\n"
                    "All available vertebrate databases can be found here:\n"
                    f"http://ftp.ensembl.org/pub/release-{ens_rel}/mysql/ \n"
                )
    
            elif len(db) > 1 and "homo_sapiens" in species:
                db = f"homo_sapiens_core_{ens_rel}_38"
    
            # Check for ambiguous species matches in species other than mouse and human
            elif (
                len(db) > 1
                and "mus_musculus" not in species
                and "homo_sapiens" not in species
            ):
                logger.warning(
                    f"Species matches more than one database. Defaulting to first database: {db[0]}.\n"
                    "All available databases can be found here:\n"
                    f"Vertebrates: http://ftp.ensembl.org/pub/release-{ens_rel}/mysql/ \n"
                    f"Invertebrates: http://ftp.ensemblgenomes.org/pub/release-{find_latest_ens_rel(database=ENSEMBL_FTP_URL_NV)} + kingdom + mysql/"
                )
                db = db[0]
    
            # Raise error if no matching database was found
            elif len(db) == 0:
                raise ValueError(
                    "Species not found. Please double-check spelling or pass a specific CORE database.\n"
                    "All available CORE databases can be found here:\n"
                    f"Vertebrates: http://ftp.ensembl.org/pub/release-{ens_rel}/mysql/ \n"
                    f"Invertebrates: http://ftp.ensemblgenomes.org/pub/release-{find_latest_ens_rel(database=ENSEMBL_FTP_URL_NV)} + kingdom + mysql/"
                )
    
            else:
                db = db[0]
    
        if verbose:
            logger.info(f"Fetching results from database: {db}")
    
        ## Connect to Ensembl SQL server data for specified species
        # Ports to try (some databases are stored in different ports)
        # 3306 (and 5306) for the Ensembl instances, 3337 for GRCh37, 4157 for Ensembl Genomes, and 5316 for mart
        ports = [3306, 5306, 4157, 3337, 5316]
    
        connection_successful = False
        last_exception = None
        for port in ports:
            try:
                db_connection = sql.connect(
                    host="mysql-eg-publicsql.ebi.ac.uk",
                    database=db,
                    user="anonymous",
                    password="",
                    port=port,
                )
                connection_successful = True
                break
            except Exception as e:
                last_exception = e
                # Continue to the next port if the connection is unsuccessful
                continue
    
        # If none of the ports work, raise an error with the last exception encountered
        if not connection_successful:
            if "Access denied" in str(last_exception):
                raise RuntimeError(
                    f"""
                    The Ensembl server returned the following error: {str(last_exception)}.
                    This might be caused by the Ensembl release number being too low.
                    Please try again with a more recent release.
                    """
                )
            else:
                raise RuntimeError(
                    f"The Ensembl server returned the following error: {str(last_exception)}"
                )
    
        ## Clean up list of searchwords
        # If single searchword passed as string, convert to list
        if type(searchwords) == str:
            searchwords = [searchwords]
    
        ## Find genes
        for i, searchword in enumerate(searchwords):
            if id_type == "gene":
                query = f"""
                SELECT gene.stable_id AS 'ensembl_id', xref.display_label AS 'gene_name', gene.description AS 'ensembl_description', xref.description AS 'ext_ref_description', gene.biotype AS 'biotype', external_synonym.synonym AS 'synonym'
                FROM gene
                LEFT JOIN xref ON gene.display_xref_id = xref.xref_id
                LEFT JOIN external_synonym ON gene.display_xref_id = external_synonym.xref_id
                LEFT JOIN gene_attrib ON gene.gene_id = gene_attrib.gene_id
                WHERE (gene.description LIKE '%{searchword}%' OR xref.description LIKE '%{searchword}%' OR xref.display_label LIKE '%{searchword}%' OR external_synonym.synonym LIKE '%{searchword}%' OR gene_attrib.value LIKE '%{searchword}%')
                """
    
                # Fetch the search results from the host using the specified query
>               df_temp = pd.read_sql(query, con=db_connection)
                          ^^^^^^^^^^^^^^^^^^^^^^^^^^^^^^^^^^^^^

gget/gget_search.py:244: 
_ _ _ _ _ _ _ _ _ _ _ _ _ _ _ _ _ _ _ _ _ _ _ _ _ _ _ _ _ _ _ _ _ _ _ _ _ _ _ _ 

sql = "\n            SELECT gene.stable_id AS 'ensembl_id', xref.display_label AS 'gene_name', gene.description AS 'ensembl_...f.display_label LIKE '%CLF%' OR external_synonym.synonym LIKE '%CLF%' OR gene_attrib.value LIKE '%CLF%')\n            "
con = <mysql.connector.connection.MySQLConnection object at 0x7f5e9d1e4da0>
index_col = None, coerce_float = True, params = None, parse_dates = None
columns = None, chunksize = None, dtype_backend = 'numpy', dtype = None

    def read_sql(
        sql,
        con,
        index_col: str | list[str] | None = None,
        coerce_float: bool = True,
        params=None,
        parse_dates=None,
        columns: list[str] | None = None,
        chunksize: int | None = None,
        dtype_backend: DtypeBackend | lib.NoDefault = lib.no_default,
        dtype: DtypeArg | None = None,
    ) -> DataFrame | Iterator[DataFrame]:
        """
        Read SQL query or database table into a DataFrame.
    
        This function is a convenience wrapper around ``read_sql_table`` and
        ``read_sql_query`` (for backward compatibility). It will delegate
        to the specific function depending on the provided input. A SQL query
        will be routed to ``read_sql_query``, while a database table name will
        be routed to ``read_sql_table``. Note that the delegated function might
        have more specific notes about their functionality not listed here.
    
        Parameters
        ----------
        sql : str or SQLAlchemy Selectable (select or text object)
            SQL query to be executed or a table name.
        con : ADBC Connection, SQLAlchemy connectable, str, or sqlite3 connection
            ADBC provides high performance I/O with native type support, where available.
            Using SQLAlchemy makes it possible to use any DB supported by that
            library. If a DBAPI2 object, only sqlite3 is supported. The user is responsible
            for engine disposal and connection closure for the ADBC connection and
            SQLAlchemy connectable; str connections are closed automatically. See
            `here <https://docs.sqlalchemy.org/en/20/core/connections.html>`_.
        index_col : str or list of str, optional, default: None
            Column(s) to set as index(MultiIndex).
        coerce_float : bool, default True
            Attempts to convert values of non-string, non-numeric objects (like
            decimal.Decimal) to floating point, useful for SQL result sets.
        params : list, tuple or dict, optional, default: None
            List of parameters to pass to execute method.  The syntax used
            to pass parameters is database driver dependent. Check your
            database driver documentation for which of the five syntax styles,
            described in PEP 249's paramstyle, is supported.
            Eg. for psycopg2, uses %(name)s so use params={'name' : 'value'}.
        parse_dates : list or dict, default: None
            - List of column names to parse as dates.
            - Dict of ``{column_name: format string}`` where format string is
              strftime compatible in case of parsing string times, or is one of
              (D, s, ns, ms, us) in case of parsing integer timestamps.
            - Dict of ``{column_name: arg dict}``, where the arg dict corresponds
              to the keyword arguments of :func:`pandas.to_datetime`
              Especially useful with databases without native Datetime support,
              such as SQLite.
        columns : list, default: None
            List of column names to select from SQL table (only used when reading
            a table).
        chunksize : int, default None
            If specified, return an iterator where `chunksize` is the
            number of rows to include in each chunk.
        dtype_backend : {'numpy_nullable', 'pyarrow'}, default 'numpy_nullable'
            Back-end data type applied to the resultant :class:`DataFrame`
            (still experimental). Behaviour is as follows:
    
            * ``"numpy_nullable"``: returns nullable-dtype-backed :class:`DataFrame`
              (default).
[...]
    for subsoup in soup.body.findAll("a"):

tests/test_ref.py: 39 warnings
  /home/runner/work/gget/gget/gget/gget_ref.py:43: DeprecationWarning: Call to deprecated method findAll. (Replaced by find_all) -- Deprecated since version 4.0.0.
    links = [stuff.text.strip() for stuff in soup.findAll("td")]

tests/test_ref.py::TestRef::test_ref
tests/test_ref.py::TestRef::test_ref_ftp
  /home/runner/work/gget/gget/gget/gget_ref.py:350: DeprecationWarning: Call to deprecated method findAll. (Replaced by find_all) -- Deprecated since version 4.0.0.
    links = [stuff.text.strip() for stuff in soup.findAll("td")]

tests/test_ref.py: 32 warnings
tests/test_utils.py: 4 warnings
  /home/runner/work/gget/gget/gget/utils.py:899: DeprecationWarning: Call to deprecated method findAll. (Replaced by find_all) -- Deprecated since version 4.0.0.
    for subsoup in soup.body.findAll("a"):

tests/test_ref.py: 7 warnings
tests/test_search.py: 43 warnings
  /home/runner/work/gget/gget/gget/utils.py:845: DeprecationWarning: Call to deprecated method findAll. (Replaced by find_all) -- Deprecated since version 4.0.0.
    for subsoup in soup.body.findAll("a"):

tests/test_search.py: 10 warnings
  /home/runner/work/gget/gget/gget/gget_search.py:244: UserWarning: pandas only supports SQLAlchemy connectable (engine/connection) or database string URI or sqlite3 DBAPI2 connection. Other DBAPI2 objects are not tested. Please consider using SQLAlchemy.
    df_temp = pd.read_sql(query, con=db_connection)

tests/test_search.py: 9 warnings
tests/test_utils.py: 1 warning
  /home/runner/work/gget/gget/gget/utils.py:822: DeprecationWarning: Call to deprecated method findAll. (Replaced by find_all) -- Deprecated since version 4.0.0.
    for subsoup in soup.body.findAll("a"):

tests/test_search.py: 36 warnings
tests/test_utils.py: 4 warnings
  /home/runner/work/gget/gget/gget/utils.py:804: DeprecationWarning: Call to deprecated method findAll. (Replaced by find_all) -- Deprecated since version 4.0.0.
    for subsoup in soup.body.findAll("a"):

tests/test_search.py::TestSearch::test_search_gene_two_sw_limit
tests/test_search.py::TestSearch::test_search_transcript_one_sw
tests/test_search.py::TestSearch::test_search_transcript_two_sw_and
tests/test_search.py::TestSearch::test_search_transcript_two_sw_or
  /home/runner/work/gget/gget/gget/gget_search.py:279: UserWarning: pandas only supports SQLAlchemy connectable (engine/connection) or database string URI or sqlite3 DBAPI2 connection. Other DBAPI2 objects are not tested. Please consider using SQLAlchemy.
    df_temp = pd.read_sql(query, con=db_connection)

-- Docs: https://docs.pytest.org/en/stable/how-to/capture-warnings.html
================================ tests coverage ================================
_______________ coverage: platform linux, python 3.12.13-final-0 _______________

Name                       Stmts   Miss  Cover   Missing
--------------------------------------------------------
gget/__init__.py              35      2    94%   34-35
gget/__main__.py               2      2     0%   1-3
gget/compile.py               39     27    31%   30-84
gget/constants.py             34      0   100%
gget/gget_8cube.py            83     28    66%   26-27, 34-43, 93, 105, 112, 115-118, 158, 175, 182, 185-188, 229, 246, 255, 258-261
gget/gget_alphafold.py       362    321    11%   86-108, 115-116, 123-149, 181-186, 233-867
gget/gget_archs4.py           79     13    84%   75-78, 84, 107, 123-126, 139-142, 148, 170, 198-201, 207
gget/gget_bgee.py             56      6    89%   60, 83, 103, 130, 154, 175
gget/gget_blast.py           127     36    72%   92, 124-142, 163-165, 204, 207, 246-248, 296-299, 302-303, 322-325, 332-333, 336-341, 346, 351-354
gget/gget_blat.py             86     10    88%   58-62, 95, 136, 139, 168, 232-233, 239
gget/gget_cbio.py            524    403    23%   28, 39-67, 77-87, 136-137, 143-147, 154-157, 161, 164, 172-177, 208, 226, 265, 271-275, 278, 282-294, 296, 322-331, 334, 376-389, 393-416, 420-441, 447-450, 454-473, 477, 494-537, 540-757, 760-789, 802-1164, 1218-1254
gget/gget_cellxgene.py        53      9    83%   21-22, 140-149, 176, 215, 231, 247
gget/gget_cosmic.py          277    153    45%   24-26, 30-82, 94-109, 112-114, 117-119, 122-126, 131-135, 140-142, 155-168, 189-202, 220, 242-243, 283-308, 311, 396-398, 410, 416, 424, 427-429, 454-472, 496-621, 637-646, 649, 651, 653, 852-855, 868-870, 879-891, 896-901
gget/gget_diamond.py          98     26    73%   16, 69, 75, 77, 95, 98-99, 105, 111, 117-121, 130-132, 145, 147, 160, 162, 181, 184, 216-217, 223
gget/gget_elm.py             158     22    86%   128, 278, 301, 325-332, 353, 420-423, 426, 436, 490, 503, 506-515, 519-520
gget/gget_enrichr.py         213     42    80%   39-42, 48, 172, 226-237, 254-255, 263-264, 290, 310, 316-322, 336, 364-374, 403-418, 439, 451-453, 555, 564-565, 575-576, 583
gget/gget_gpt.py              20      6    70%   56-65, 88, 110-111
gget/gget_info.py            316    106    66%   58-59, 63-64, 150-152, 161-162, 175, 201-206, 213-216, 242, 255-266, 300-308, 324-342, 368-369, 453-454, 461-462, 465-466, 469-470, 473-474, 507-508, 511-512, 515-516, 543-544, 547-548, 551-552, 575-576, 579-673, 677
gget/gget_muscle.py           85     12    86%   17, 45, 68-69, 78-80, 91, 94, 115, 162-163
gget/gget_mutate.py          434    193    56%   124-175, 186, 190-198, 215-226, 274-278, 283-287, 291-296, 300-305, 309-312, 317-320, 324-334, 340-350, 493, 516-520, 528, 538-542, 553-557, 576, 583, 593-600, 611, 616, 624, 635, 730-741, 855-879, 891-904, 948-985, 1032-1050, 1053-1056, 1070-1077, 1083-1093, 1109-1110, 1147, 1152, 1156, 1160, 1165-1241, 1255-1258, 1299, 1308-1324, 1332-1336, 1341, 1349, 1353
gget/gget_opentargets.py     148     24    84%   75, 91, 104-106, 136-142, 147-149, 154-155, 184, 186, 192-195, 199-205, 285, 385-386
gget/gget_pdb.py              60     22    63%   52, 58, 67, 75, 83, 104, 108-110, 113-129, 141-147
gget/gget_ref.py             215     57    73%   32, 97-98, 117-118, 124-152, 161, 174, 176, 178-179, 186-187, 225, 244, 256-258, 279-281, 308-310, 329-331, 384-386, 485-494, 507, 512-513, 529-534, 538, 542, 548, 553-554
gget/gget_search.py          142     23    84%   84-87, 96, 113, 117, 125, 149-150, 157, 165-171, 213-222, 308-309, 315-316, 368-369, 376-377, 385
gget/gget_seq.py             146     24    84%   44-47, 49, 119, 140-143, 177-178, 207-208, 245-248, 271-272, 293, 312-315, 334, 356, 365, 402-405
gget/gget_setup.py           215    149    31%   49-90, 108, 113, 116, 128-138, 152, 175-176, 189, 199, 209, 221-466
gget/gget_virus.py          2921   1659    43%   138, 198, 239-247, 261, 265, 276-277, 318-322, 327-341, 348, 359-360, 378-383, 398-414, 427-428, 463-502, 555, 679-680, 684, 742, 748-749, 753-783, 792, 796-799, 807, 810, 814-822, 861-892, 965-966, 1018-1020, 1070-1222, 1247-1248, 1268-1531, 1540-1541, 1583-1680, 1705-1706, 1739-1740, 1773-2003, 2025-2074, 2127-2280, 2328-2440, 2494-2601, 2635, 2642-2643, 2711, 2730-2752, 2768-2770, 2816, 2847, 2870, 2879-2933, 2941, 2944-2945, 2952-2954, 2965-2979, 3007-3015, 3051, 3102-3109, 3192-3193, 3237, 3243-3249, 3260, 3277-3283, 3295-3301, 3332, 3339-3340, 3346-3347, 3495, 3510-3511, 3515-3517, 3554, 3557-3558, 3560-3562, 3598, 3601-3602, 3604-3606, 3618-3621, 3630-3638, 3642-3650, 3654-3667, 3671-3687, 3691-3704, 3708-3716, 3719-3723, 3734-3737, 3756-3757, 3811-3814, 3980-3982, 4012-4014, 4047, 4050, 4062-4063, 4092-4093, 4097-4105, 4109-4126, 4136, 4139, 4143-4147, 4190-4192, 4223, 4233-4298, 4400, 4437-4443, 4453, 4482-4485, 4512-4515, 4531, 4534-4535, 4600, 4643, 4655-4658, 4823-4825, 4862-5028, 5097, 5135-5137, 5151-5165, 5169-5179, 5183-5187, 5200-5204, 5208-5221, 5245-5248, 5251-5253, 5267-5270, 5273-5275, 5288-5318, 5322-5341, 5353-5356, 5359-5362, 5367-5385, 5389-5399, 5405-5407, 5418-5480, 5485-5516, 5529-5536, 5650, 5684-5688, 5725, 5729-5730, 5770, 5785, 5799-5800, 5845-5847, 5881, 5883-5922, 5930, 5932-5970, 5981-6019, 6062, 6081, 6086-6103, 6107-6134, 6137-6153, 6170-6171, 6217-6234, 6245-6246, 6255-6279, 6284, 6327, 6340-6342, 6351-6356, 6385-6399, 6422-6431, 6464-6467, 6487-6637, 6652-6653, 6659-6672, 6674, 6677-6680, 6683-6687, 6700
gget/main.py                 857    857     0%   1-3872
gget/utils.py                448     80    82%   31, 36-42, 72, 95, 119, 122, 186, 193, 245, 257, 285, 296, 347, 367, 378, 411-412, 452-453, 468-469, 476-478, 494-495, 501-502, 623-639, 647-650, 676, 695, 757, 797, 837, 953, 961, 969-989, 994, 999, 1005-1006, 1024-1025, 1116, 1140-1141, 1156, 1164
--------------------------------------------------------
TOTAL                       8233   4312    48%
============================= slowest 10 durations =============================
1488.94s call     tests/test_blast.py::TestBlast::test_blast_nt
43.56s call     tests/test_cellxgene.py::TestCellxgene::test_cellxgene_adata
42.18s call     tests/test_search.py::TestSearch::test_search_gene_two_sw_limit
34.77s call     tests/test_virus.py::TestVirus::test_virus_integer_virus_id
34.11s call     tests/test_virus.py::TestVirus::test_virus_with_source_database_filter
30.55s call     tests/test_virus.py::TestVirus::test_virus_with_has_proteins_filter
30.52s call     tests/test_opentargets.py::TestOpenTargets::test_opentargets_interactions_simple_filter
30.21s call     tests/test_opentargets.py::TestOpenTargets::test_opentargets_depmap
29.79s call     tests/test_virus.py::TestVirus::test_virus_with_max_ambiguous_chars_filter
28.81s call     tests/test_virus.py::TestVirus::test_virus_with_lab_passaged_filter
=========================== short test summary info ============================
FAILED tests/test_opentargets.py::TestOpenTargets::test_opentargets_depmap - RuntimeError: https://api.platform.opentargets.org/api/v4/graphql returned error status code 502. Please double-check arguments and try again.
FAILED tests/test_opentargets.py::TestOpenTargets::test_opentargets_interactions_simple_filter - RuntimeError: https://api.platform.opentargets.org/api/v4/graphql returned error status code 502. Please double-check arguments and try again.
FAILED tests/test_pdb.py::TestPDB::test_pdb_assembly - AssertionError: {'pdb[458 chars]atrix_1_1': 1.0, 'matrix_1_2': 0.0, 'matrix_1_[2885 chars]2.2'} != {'pdb[458 chars]atrix11': 1.0, 'matrix12': 0.0, 'matrix13': 0.[2864 chars]2.2'}
  {'pdbx_struct_assembly': {'details': 'author_and_software_defined_assembly',
                            'id': '1',
                            'method_details': 'PISA',
                            'oligomeric_count': 3,
                            'oligomeric_details': 'trimeric',
                            'rcsb_candidate_assembly': 'Y',
                            'rcsb_details': 'author_and_software_defined_assembly'},
   'pdbx_struct_assembly_gen': [{'assembly_id': '1',
                                 'asym_id_list': ['A',
                                                  'B',
                                                  'C',
                                                  'G',
                                                  'H',
                                                  'I',
                                                  'J',
                                                  'K',
                                                  'O',
                                                  'P',
                                                  'Q'],
                                 'oper_expression': '1',
                                 'ordinal': 1}],
   'pdbx_struct_oper_list': [{'id': '1',
-                             'matrix_1_1': 1.0,
?                                    - -

+                             'matrix11': 1.0,
-                             'matrix_1_2': 0.0,
?                                    - -

+                             'matrix12': 0.0,
-                             'matrix_1_3': 0.0,
?                                    - -

+                             'matrix13': 0.0,
-                             'matrix_2_1': 0.0,
?                                    - -

+                             'matrix21': 0.0,
-                             'matrix_2_2': 1.0,
?                                    - -

+                             'matrix22': 1.0,
-                             'matrix_2_3': 0.0,
?                                    - -

+                             'matrix23': 0.0,
-                             'matrix_3_1': 0.0,
?                                    - -

+                             'matrix31': 0.0,
-                             'matrix_3_2': 0.0,
?                                    - -

+                             'matrix32': 0.0,
-                             'matrix_3_3': 1.0,
?                                    - -

+                             'matrix33': 1.0,
                              'name': '1_555',
                              'symmetry_operation': 'x,y,z',
                              'type': 'identity operation',
-                             'vector_1': 0.0,
?                                    -

+                             'vector1': 0.0,
-                             'vector_2': 0.0,
?                                    -

+                             'vector2': 0.0,
-                             'vector_3': 0.0}],
?                                    -

+                             'vector3': 0.0}],
   'rcsb_assembly_container_identifiers': {'assembly_id': '1',
                                           'entry_id': '1RH7',
                                           'interface_ids': ['1', '2', '3'],
                                           'rcsb_id': '1RH7-1'},
   'rcsb_assembly_info': {'assembly_id': '1',
                          'atom_count': 1762,
                          'branched_atom_count': 0,
                          'branched_entity_count': 0,
                          'branched_entity_instance_count': 0,
                          'deuterated_water_count': 0,
                          'entry_id': '1RH7',
                          'hydrogen_atom_count': 0,
                          'modeled_polymer_monomer_count': 243,
                          'na_polymer_entity_types': 'Other',
                          'nonpolymer_atom_count': 29,
                          'nonpolymer_entity_count': 2,
                          'nonpolymer_entity_instance_count': 5,
                          'num_heterologous_interface_entities': 0,
                          'num_heteromeric_interface_entities': 0,
                          'num_homomeric_interface_entities': 1,
                          'num_interface_entities': 1,
                          'num_interfaces': 3,
                          'num_isologous_interface_entities': 1,
                          'num_na_interface_entities': 0,
                          'num_prot_na_interface_entities': 0,
                          'num_protein_interface_entities': 1,
                          'polymer_atom_count': 1658,
                          'polymer_composition': 'homomeric protein',
                          'polymer_entity_count': 1,
-                         'polymer_entity_count_DNA': 0,
?                                               ^^^

+                         'polymer_entity_count_dna': 0,
?                                               ^^^

-                         'polymer_entity_count_RNA': 0,
                          'polymer_entity_count_nucleic_acid': 0,
                          'polymer_entity_count_nucleic_acid_hybrid': 0,
                          'polymer_entity_count_protein': 1,
+                         'polymer_entity_count_rna': 0,
                          'polymer_entity_instance_count': 3,
-                         'polymer_entity_instance_count_DNA': 0,
?                                                        ^^^

+                         'polymer_entity_instance_count_dna': 0,
?                                                        ^^^

-                         'polymer_entity_instance_count_RNA': 0,
                          'polymer_entity_instance_count_nucleic_acid': 0,
                          'polymer_entity_instance_count_nucleic_acid_hybrid': 0,
                          'polymer_entity_instance_count_protein': 3,
+                         'polymer_entity_instance_count_rna': 0,
                          'polymer_monomer_count': 243,
                          'selected_polymer_entity_types': 'Protein (only)',
                          'solvent_atom_count': 75,
                          'solvent_entity_count': 1,
                          'solvent_entity_instance_count': 3,
                          'total_assembly_buried_surface_area': 2316.9225073146845,
                          'total_number_interface_residues': 160,
                          'unmodeled_polymer_monomer_count': 0},
   'rcsb_id': '1RH7-1',
   'rcsb_struct_symmetry': [{'clusters': [{'avg_rmsd': 0.8418294327358263,
                                           'members': [{'asym_id': 'A',
                                                        'pdbx_struct_oper_list_ids': ['1']},
                                                       {'asym_id': 'C',
                                                        'pdbx_struct_oper_list_ids': ['1']},
                                                       {'asym_id': 'B',
                                                        'pdbx_struct_oper_list_ids': ['1']}]}],
                             'kind': 'Global Symmetry',
                             'oligomeric_state': 'Homo 3-mer',
                             'rotation_axes': [{'end': [13.473746075056361,
                                                        41.0962265805248,
                                                        -5.777587727129287],
                                                'order': 3,
                                                'start': [13.838143875349235,
                                                          28.581996104345052,
                                                          78.43743587115125]}],
                             'stoichiometry': ['A3'],
                             'symbol': 'C3',
                             'type': 'Cyclic'}],
   'rcsb_struct_symmetry_lineage': [{'depth': 0,
                                     'id': 'Global Symmetry',
                                     'name': 'Global Symmetry'},
                                    {'depth': 2,
                                     'id': 'Global Symmetry.Cyclic.C3',
                                     'name': 'C3'},
                                    {'depth': 3,
                                     'id': 'Global Symmetry.Cyclic.C3.Homo 3-mer',
                                     'name': 'Homo 3-mer'},
                                    {'depth': 1,
                                     'id': 'Global Symmetry.Cyclic',
                                     'name': 'Cyclic'}],
   'rcsb_struct_symmetry_provenance_code': 'biojava-7.2.2'}
FAILED tests/test_search.py::TestSearch::test_search_plant_db - pandas.errors.DatabaseError: Execution failed on sql: 
            SELECT gene.stable_id AS 'ensembl_id', xref.display_label AS 'gene_name', gene.description AS 'ensembl_description', xref.description AS 'ext_ref_description', gene.biotype AS 'biotype', external_synonym.synonym AS 'synonym'
            FROM gene 
            LEFT JOIN xref ON gene.display_xref_id = xref.xref_id 
            LEFT JOIN external_synonym ON gene.display_xref_id = external_synonym.xref_id 
            LEFT JOIN gene_attrib ON gene.gene_id = gene_attrib.gene_id 
            WHERE (gene.description LIKE '%CLF%' OR xref.description LIKE '%CLF%' OR xref.display_label LIKE '%CLF%' OR external_synonym.synonym LIKE '%CLF%' OR gene_attrib.value LIKE '%CLF%')
            
Expected EOF packet
unable to rollback
=========== 4 failed, 252 passed, 272 warnings in 2331.64s (0:38:51) ===========
