Pytest results (Python 3.12) - 2026-03-23T16:25:06Z

============================= test session starts ==============================
platform linux -- Python 3.12.13, pytest-9.0.2, pluggy-1.6.0 -- /opt/hostedtoolcache/Python/3.12.13/x64/bin/python
cachedir: .pytest_cache
rootdir: /home/runner/work/gget/gget
configfile: pyproject.toml
plugins: zarr-3.1.5, fast-array-utils-1.3.1, cov-7.1.0
collecting ... collected 263 items

tests/test_8cube.py::TestSpecificity::test_specificity_basic PASSED      [  0%]
tests/test_8cube.py::TestPsiBlock::test_psi_block_basic PASSED           [  0%]
tests/test_8cube.py::TestGeneExpression::test_gene_expression_basic PASSED [  1%]
tests/test_archs4.py::TestArchs4::test_archs4_bad_ensembl PASSED         [  1%]
tests/test_archs4.py::TestArchs4::test_archs4_bad_gene PASSED            [  1%]
tests/test_archs4.py::TestArchs4::test_archs4_bad_gene_tissue PASSED     [  2%]
tests/test_archs4.py::TestArchs4::test_archs4_bad_species PASSED         [  2%]
tests/test_archs4.py::TestArchs4::test_archs4_bad_which PASSED           [  3%]
tests/test_archs4.py::TestArchs4::test_archs4_defaults PASSED            [  3%]
tests/test_archs4.py::TestArchs4::test_archs4_mouse_json_ensembl PASSED  [  3%]
tests/test_archs4.py::TestArchs4::test_archs4_tissue PASSED              [  4%]
tests/test_archs4.py::TestArchs4::test_archs4_tissue_ensembl PASSED      [  4%]
tests/test_archs4.py::TestArchs4::test_archs4_tissue_json PASSED         [  4%]
tests/test_archs4.py::TestArchs4::test_archs4_tissue_mouse PASSED        [  5%]
tests/test_bgee.py::TestBgee::test_bgee_expression PASSED                [  5%]
tests/test_bgee.py::TestBgee::test_bgee_expression_multiple PASSED       [  6%]
tests/test_bgee.py::TestBgee::test_bgee_orthologs PASSED                 [  6%]
tests/test_bgee.py::TestBgee::test_error_bgee_expression_no_exist PASSED [  6%]
tests/test_bgee.py::TestBgee::test_error_bgee_orthologs_no_exist PASSED  [  7%]
tests/test_bgee.py::TestBgee::test_error_bgee_unknown_type PASSED        [  7%]
tests/test_blast.py::TestBlast::test_blast_bad_db1 PASSED                [  7%]
tests/test_blast.py::TestBlast::test_blast_bad_db2 PASSED                [  8%]
tests/test_blast.py::TestBlast::test_blast_bad_fasta PASSED              [  8%]
tests/test_blast.py::TestBlast::test_blast_bad_program PASSED            [  9%]
tests/test_blast.py::TestBlast::test_blast_bad_seq PASSED                [  9%]
tests/test_blast.py::TestBlast::test_blast_db_missing PASSED             [  9%]
tests/test_blast.py::TestBlast::test_blast_nt PASSED                     [ 10%]
tests/test_blat.py::TestBlat::test_blat_aa PASSED                        [ 10%]
tests/test_blat.py::TestBlat::test_blat_aa_RNA PASSED                    [ 11%]
tests/test_blat.py::TestBlat::test_blat_aa_protein PASSED                [ 11%]
tests/test_blat.py::TestBlat::test_blat_bad_assembly PASSED              [ 11%]
tests/test_blat.py::TestBlat::test_blat_bad_fasta PASSED                 [ 12%]
tests/test_blat.py::TestBlat::test_blat_bad_fileformat PASSED            [ 12%]
tests/test_blat.py::TestBlat::test_blat_bad_seqtype PASSED               [ 12%]
tests/test_blat.py::TestBlat::test_blat_bad_txt PASSED                   [ 13%]
tests/test_blat.py::TestBlat::test_blat_nt PASSED                        [ 13%]
tests/test_blat.py::TestBlat::test_blat_nt_DNA PASSED                    [ 14%]
tests/test_blat.py::TestBlat::test_blat_nt_RNA PASSED                    [ 14%]
tests/test_blat.py::TestBlat::test_blat_nt_fasta PASSED                  [ 14%]
tests/test_blat.py::TestBlat::test_blat_nt_json PASSED                   [ 15%]
tests/test_blat.py::TestBlat::test_blat_nt_protein PASSED                [ 15%]
tests/test_blat.py::TestBlat::test_blat_nt_transDNA PASSED               [ 15%]
tests/test_blat.py::TestBlat::test_blat_nt_txt PASSED                    [ 16%]
tests/test_blat.py::TestBlat::test_blat_shortseq PASSED                  [ 16%]
tests/test_cbio.py::TestCbioSearch::test_cbio_search PASSED              [ 17%]
tests/test_cbio.py::TestCbio::test_cbio_download PASSED                  [ 17%]
tests/test_cbio.py::TestCbio::test_cbio_download_partially_existing_files PASSED [ 17%]
tests/test_cbio.py::TestCbio::test_error_cbio_download PASSED            [ 18%]
tests/test_cellxgene.py::TestCellxgene::test_cellxgene_adata PASSED      [ 18%]
tests/test_cellxgene.py::TestCellxgene::test_cellxgene_metadata PASSED   [ 19%]
tests/test_compile.py::TestCompilerWindows::test_compiler_windows PASSED [ 19%]
tests/test_cosmic.py::TestCosmicWorkflow::test_cosmic_defaults PASSED    [ 19%]
tests/test_diamond.py::TestDiamond::test_diamond_JSON_out PASSED         [ 20%]
tests/test_diamond.py::TestDiamond::test_diamond_both_files PASSED       [ 20%]
tests/test_diamond.py::TestDiamond::test_diamond_query_file PASSED       [ 20%]
tests/test_diamond.py::TestDiamond::test_diamond_ref_file PASSED         [ 21%]
tests/test_diamond.py::TestDiamond::test_diamond_seqs_multiple PASSED    [ 21%]
tests/test_diamond.py::TestDiamond::test_diamond_seqs_single PASSED      [ 22%]
tests/test_elm.py::TestELM::test_elm_uniprot_aminoacidseq PASSED         [ 22%]
tests/test_elm.py::TestELM::test_elm_uniprot_id_in_elm PASSED            [ 22%]
tests/test_elm.py::TestELM::test_elm_uniprot_id_new PASSED               [ 23%]
tests/test_enrichr.py::TestEnrichr::test_enrichr_background PASSED       [ 23%]
tests/test_enrichr.py::TestEnrichr::test_enrichr_background_ensembl FAILED [ 23%]
tests/test_enrichr.py::TestEnrichr::test_enrichr_bad_background PASSED   [ 24%]
tests/test_enrichr.py::TestEnrichr::test_enrichr_bad_background_list PASSED [ 24%]
tests/test_enrichr.py::TestEnrichr::test_enrichr_bad_database_shortcut PASSED [ 25%]
tests/test_enrichr.py::TestEnrichr::test_enrichr_bad_gene PASSED         [ 25%]
tests/test_enrichr.py::TestEnrichr::test_enrichr_bad_species PASSED      [ 25%]
tests/test_enrichr.py::TestEnrichr::test_enrichr_celltypes PASSED        [ 26%]
tests/test_enrichr.py::TestEnrichr::test_enrichr_diseases_drugs PASSED   [ 26%]
tests/test_enrichr.py::TestEnrichr::test_enrichr_ensembl_ids FAILED      [ 26%]
tests/test_enrichr.py::TestEnrichr::test_enrichr_fish PASSED             [ 27%]
tests/test_enrichr.py::TestEnrichr::test_enrichr_fly PASSED              [ 27%]
tests/test_enrichr.py::TestEnrichr::test_enrichr_json PASSED             [ 28%]
tests/test_enrichr.py::TestEnrichr::test_enrichr_kinase_interactions PASSED [ 28%]
tests/test_enrichr.py::TestEnrichr::test_enrichr_mouse_is_human PASSED   [ 28%]
tests/test_enrichr.py::TestEnrichr::test_enrichr_none PASSED             [ 29%]
tests/test_enrichr.py::TestEnrichr::test_enrichr_ontology PASSED         [ 29%]
tests/test_enrichr.py::TestEnrichr::test_enrichr_pathway PASSED          [ 30%]
tests/test_enrichr.py::TestEnrichr::test_enrichr_plot PASSED             [ 30%]
tests/test_enrichr.py::TestEnrichr::test_enrichr_transcription PASSED    [ 30%]
tests/test_enrichr.py::TestEnrichr::test_enrichr_worm PASSED             [ 31%]
tests/test_enrichr.py::TestEnrichr::test_enrichr_yeast PASSED            [ 31%]
tests/test_gpt.py::TestGpt::test_gpt PASSED                              [ 31%]
tests/test_info.py::TestInfo::test_info_WB_transcript FAILED             [ 32%]
tests/test_info.py::TestInfo::test_info_exon FAILED                      [ 32%]
tests/test_info.py::TestInfo::test_info_gene FAILED                      [ 33%]

=================================== FAILURES ===================================
_________________ TestEnrichr.test_enrichr_background_ensembl __________________

self = <tests.test_enrichr.TestEnrichr testMethod=test_enrichr_background_ensembl>

    def test_enrichr_background_ensembl(self):
        test = "test_enrichr_background_ensembl"
        expected_result = enrichr_dict[test]["expected_result"]
>       result_to_test = enrichr(**enrichr_dict[test]["args"])
                         ^^^^^^^^^^^^^^^^^^^^^^^^^^^^^^^^^^^^^

tests/test_enrichr.py:44: 
_ _ _ _ _ _ _ _ _ _ _ _ _ _ _ _ _ _ _ _ _ _ _ _ _ _ _ _ _ _ _ _ _ _ _ _ _ _ _ _ 

genes = ['ENSG00000120053', 'ENSG00000129596', 'ENSG00000163631', 'ENSG00000167701', 'ENSG00000244067']
database = 'PanglaoDB_Augmented_2021', species = 'human'
background_list = ['ENSG00000120053', 'ENSG00000129596', 'ENSG00000131910', 'ENSG00000139631', 'ENSG00000163631', 'ENSG00000167701', ...]
background = False, ensembl = True, ensembl_bkg = True, plot = False
figsize = (10, 10), ax = None, kegg_out = None, kegg_rank = 1, json = False
save = False, verbose = True

    def enrichr(
        genes,
        database,
        species="human",
        background_list=None,
        background=False,
        ensembl=False,
        ensembl_bkg=False,
        plot=False,
        figsize=(10, 10),
        ax=None,
        kegg_out=None,
        kegg_rank=1,
        json=False,
        save=False,
        verbose=True,
    ):
        """
        Perform an enrichment analysis on a list of genes using Enrichr (https://maayanlab.cloud/Enrichr/).
    
        Args:
        - genes             List of Entrez gene symbols to perform enrichment analysis on, passed as a list of strings, e.g. ['PHF14', 'RBM3', 'MSL1', 'PHF21A'].
                            Set 'ensembl = True' to input a list of Ensembl gene IDs, e.g. ['ENSG00000106443', 'ENSG00000102317', 'ENSG00000188895'].
        - database          Database to use as reference for the enrichment analysis.
                            Supported shortcuts (and their default database), ONLY SUPPORTED FOR HUMAN/MOUSE SPECIES (other species must specify the full database name):
                            'pathway' (KEGG_2021_Human)
                            'transcription' (ChEA_2016)
                            'ontology' (GO_Biological_Process_2021)
                            'diseases_drugs' (GWAS_Catalog_2019)
                            'celltypes' (PanglaoDB_Augmented_2021)
                            'kinase_interactions' (KEA_2015)
                            or any database listed under Gene-set Library at: https://maayanlab.cloud/Enrichr/#libraries or the species-specific libraries listed below
        - species           Enrichr species database to query. Options:
                            'human' (default) [H. sapiens] - https://maayanlab.cloud/Enrichr/#libraries
                            'mouse' [M. musculus] - equivalent to 'human'
                            'fly' [D. melanogaster] - https://maayanlab.cloud/FlyEnrichr/#stats
                            'yeast' [S. cerevisiae] - https://maayanlab.cloud/YeastEnrichr/#stats
                            'worm' [C. elegans] - https://maayanlab.cloud/WormEnrichr/#stats
                            'fish' [D. rerio] - https://maayanlab.cloud/FishEnrichr/#stats
        - background_list   List of gene names/Ensembl IDs to be used as background genes. ONLY SUPPORTED FOR HUMAN/MOUSE SPECIES (Default: None)
        - background        If True, use set of > 20,000 default background genes listed here: https://github.com/pachterlab/gget/blob/main/gget/constants/enrichr_bkg_genes.txt.
                            ONLY SUPPORTED FOR HUMAN/MOUSE SPECIES (Default: False)
        - ensembl           Define as 'True' if 'genes' is a list of Ensembl gene IDs. (Default: False)
        - ensembl_bkg       Define as 'True' if 'background_list' is a list of Ensembl gene IDs. (Default: False)
        - plot              True/False whether to provide a graphical overview of the first 15 results. (Default: False)
        - figsize           (width, height) of plot in inches. (Default: (10,10))
        - ax                Pass a matplotlib axes object for further customization of the plot. (Default: None)
        - kegg_out          Path to file to save the highlighted KEGG pathway image, e.g. path/to/folder/kegg_pathway.png. (Default: None)
        - kegg_rank         Candidate pathway rank to be plotted in KEGG pathway image. (Default: 1)
        - json              If True, returns results in json format instead of data frame. (Default: False)
        - save              True/False whether to save the results in the local directory. (Default: False)
        - verbose           True/False whether to print progress information. (Default: True)
    
        Returns a data frame with the Enrichr results.
        """
    
        if species not in ["human", "mouse", "fly", "yeast", "worm", "fish"]:
            raise ValueError(
                f"Argument 'species' must be one of 'human', 'mouse', 'fly', 'yeast', 'worm', or 'fish'."
            )
    
        if species == "mouse":
            species = "human"
    
        species_enrichr = f"{species.capitalize()}Enrichr"
        if species == "human":
            species_enrichr = "Enrichr"
    
        if species != "human":
            if database in [
                "pathway",
                "transcription",
                "ontology",
                "diseases_drugs",
                "celltypes",
                "kinase_interactions",
            ]:
                raise ValueError(
                    f"Database '{database}' is not supported for species '{species}'."
                    f" Please select a database from the species-specific libraries listed at:"
                    f" https://maayanlab.cloud/{species_enrichr}/#stats."
                )
    
            if background:
                raise ValueError(
                    f"Background genes are only supported for species 'human' and 'mouse', not for species '{species}'."
                    f" Please set 'background=False' or leave it unspecified."
                )
    
            if background_list:
                raise ValueError(
                    f"Background genes are only supported for species 'human' and 'mouse', not for species '{species}'."
                    f" Please do not provide a value for 'background_list'."
                )
    
        # Define database
        # All available libraries: https://maayanlab.cloud/Enrichr/#libraries
        if species == "human":
            db_message = f"""
            Please note that there might be a more appropriate database for your application.
            Go to https://maayanlab.cloud/{species_enrichr}/#libraries for a full list of supported databases.
            """
        else:
            db_message = f"""
            Please note that there might be a more appropriate database for your application.
            Go to https://maayanlab.cloud/{species_enrichr}/#stats for a full list of supported databases.
            """
        if not isinstance(background, bool):
            raise ValueError(
                f"Argument`background` must be a boolean True/False. If you are adding a background list, use the argument `background_list` instead."
            )
    
        # Handle database shortcuts
        if database == "pathway":
            database = "KEGG_2021_Human"
            if verbose:
                logger.info(
                    f"Performing Enrichr analysis using database {database}. " + db_message
                )
    
        elif database == "transcription":
            database = "ChEA_2016"
            if verbose:
                logger.info(
                    f"Performing Enrichr analysis using database {database}. " + db_message
                )
    
        elif database == "ontology":
            database = "GO_Biological_Process_2021"
            if verbose:
                logger.info(
                    f"Performing Enrichr analysis using database {database}. " + db_message
                )
    
        elif database == "diseases_drugs":
            database = "GWAS_Catalog_2019"
            if verbose:
                logger.info(
                    f"Performing Enrichr analysis using database {database}. " + db_message
                )
    
        elif database == "celltypes":
            database = "PanglaoDB_Augmented_2021"
            if verbose:
                logger.info(
                    f"Performing Enrichr analysis using database {database}. " + db_message
                )
    
        elif database == "kinase_interactions":
            database = "KEA_2015"
            if verbose:
                logger.info(
                    f"Performing Enrichr analysis using database {database}. " + db_message
                )
    
        else:
            database = database
            if verbose:
                logger.info(f"Performing Enrichr analysis using database {database}.")
    
        # To generate a KEGG pathway image, confirm that the database is a KEGG database and pykegg is installed
        if kegg_out:
            if not database.startswith("KEGG"):
                logger.error(
                    "Please specify a KEGG database when generating a KEGG pathway image."
                )
                return
            try:
                import pykegg
            except ImportError:
                logger.error(
                    "Please install `pykegg` to generate a KEGG pathway image. Pykegg can be installed using pip: 'pip install pykegg'"
                )
                return
    
        # If single gene passed as string, convert to list
        if isinstance(genes, str):
            genes = [genes]
    
        ## Transform Ensembl IDs to gene symbols
        if ensembl:
            if verbose:
                logger.info("Getting gene symbols from Ensembl IDs.")
    
>           genes_v2 = ensembl_to_gene_names(genes)
                       ^^^^^^^^^^^^^^^^^^^^^^^^^^^^

gget/gget_enrichr.py:248: 
_ _ _ _ _ _ _ _ _ _ _ _ _ _ _ _ _ _ _ _ _ _ _ _ _ _ _ _ _ _ _ _ _ _ _ _ _ _ _ _ 

ensembl_ids = ['ENSG00000120053', 'ENSG00000129596', 'ENSG00000163631', 'ENSG00000167701', 'ENSG00000244067']

    def ensembl_to_gene_names(ensembl_ids):
        """
        Function to fetch gene names from a list of Ensembl IDs using gget info.
        """
        genes_v2 = []
    
        # Remove version number if passed
        ensembl_ids = [gene_id.split(".")[0] for gene_id in ensembl_ids]
    
>       info_df = info(ensembl_ids, pdb=False, ncbi=False, uniprot=False, verbose=False)
                  ^^^^^^^^^^^^^^^^^^^^^^^^^^^^^^^^^^^^^^^^^^^^^^^^^^^^^^^^^^^^^^^^^^^^^^

gget/gget_enrichr.py:34: 
_ _ _ _ _ _ _ _ _ _ _ _ _ _ _ _ _ _ _ _ _ _ _ _ _ _ _ _ _ _ _ _ _ _ _ _ _ _ _ _ 

ens_ids = ['ENSG00000120053', 'ENSG00000129596', 'ENSG00000163631', 'ENSG00000167701', 'ENSG00000244067']
wrap_text = False, ncbi = False, uniprot = False, pdb = False, json = False
verbose = False, save = False, expand = False, ensembl_only = False

    def info(
        ens_ids,
        wrap_text=False,
        ncbi=True,
        uniprot=True,
        pdb=False,
        json=False,
        verbose=True,
        save=False,
        expand=False,
        ensembl_only=False,
    ):
        """
        Fetch gene and transcript metadata using Ensembl IDs.
    
        Args:
        - ens_ids       One or more Ensembl IDs to look up (string or list of strings).
                        Also supports WormBase and Flybase IDs.
        - wrap_text     If True, displays data frame with wrapped text for easy reading. Default: False.
        - ncbi          If False, does not return data from NCBI. Default: True.
        - uniprot       If False, does not return data from UniProt. Default: True.
        - pdb           If True, also returns PDB IDs (might increase run time). Default: False.
        - json          If True, returns results in json/dictionary format instead of data frame. Default: False.
        - verbose       True/False whether to print progress information. Default True.
        - save          True/False wether to save csv with query results in current working directory. Default: False.
    
        Returns a data frame containing the requested information.
    
        Deprecated arguments:
        - expand        (gget info now always returns all of the available information)
        - ensembl_only  If True, only returns results from Ensembl (excludes PDB, UniProt, and NCBI results). Default: False.
        """
        # Handle deprecated arguments
        if expand:
            if verbose:
                logger.warning(
                    "'expand' argument deprecated! gget info now always returns all of the available information."
                )
        if ensembl_only:
            if verbose:
                logger.warning(
                    "'ensembl_only' argument deprecated! Please use arguments 'ncbi=False' and 'uniprot=False'."
                )
    
        # Set synonyms found by each database initially to none
        ncbi_synonyms = None
        df_uniprot = None
        df_pdb = pd.DataFrame()
        df_ncbi = pd.DataFrame()
    
        # Rename pdb, uniprot, ncbi arguments
        fetch_ncbi = ncbi
        fetch_uniprot = uniprot
        fetch_pdb = pdb
    
        # Define Ensembl REST API server
        server = ENSEMBL_REST_API
        # Define type of returned content from REST
        content_type = "application/json"
    
        ## Clean up Ensembl IDs
        # If single Ensembl ID passed as string, convert to list
        if type(ens_ids) == str:
            ens_ids = [ens_ids]
        # Remove Ensembl ID version if passed
        ens_ids_clean = []
        temp = 0
        for ensembl_ID in ens_ids:
            # But only for Ensembl ID (and not for flybase/wormbase IDs)
            if ensembl_ID.startswith("ENS"):
                ens_ids_clean.append(ensembl_ID.split(".")[0])
    
                if "." in ensembl_ID and temp == 0:
                    if verbose is True:
                        logger.info(
                            "We noticed that you passed a version number with your Ensembl ID.\n"
                            "Please note that gget info will always return information linked to the latest Ensembl ID version (see 'ensembl_id')."
                        )
                    temp = +1
    
            else:
                ens_ids_clean.append(ensembl_ID)
    
        # Remove duplicates in the Ensembl ID list without changing their order
        ens_ids_clean = sorted(set(ens_ids_clean), key=ens_ids_clean.index)
        # Create second clean list of Ensembl IDs which will not include IDs that were not found
        ens_ids_clean_2 = ens_ids_clean.copy()
    
        # Initiate dictionary to save results for all IDs in
        master_dict = {}
    
        # Query REST APIs from https://rest.ensembl.org/
        endpoint = "lookup/id/"
        query = {"ids": ens_ids_clean, "expand": True}
    
>       results_dict = post_query(server, endpoint, query)
                       ^^^^^^^^^^^^^^^^^^^^^^^^^^^^^^^^^^^

gget/gget_info.py:119: 
_ _ _ _ _ _ _ _ _ _ _ _ _ _ _ _ _ _ _ _ _ _ _ _ _ _ _ _ _ _ _ _ _ _ _ _ _ _ _ _ 

server = 'http://rest.ensembl.org/', endpoint = 'lookup/id/'
query = {'expand': True, 'ids': ['ENSG00000120053', 'ENSG00000129596', 'ENSG00000163631', 'ENSG00000167701', 'ENSG00000244067']}

    def post_query(server, endpoint, query):
        """
        Function to perform a POST API query.
    
        :param server:  Server to query .
        :param endpoint: Server endpoint
        :param query:   Query that is passed to server.
    
        :return: server output
        """
    
        r = requests.post(
            server + endpoint, json=query, headers={"Content-Type": "application/json"}
        )
    
        if not r.ok:
>           raise RuntimeError(
                f"{server} returned error status code {r.status_code}. "
                "Please double-check arguments and try again.\n"
            )
E           RuntimeError: http://rest.ensembl.org/ returned error status code 503. Please double-check arguments and try again.

gget/utils.py:695: RuntimeError
------------------------------ Captured log call -------------------------------
INFO     gget.utils:gget_enrichr.py:208 Performing Enrichr analysis using database PanglaoDB_Augmented_2021. 
        Please note that there might be a more appropriate database for your application. 
        Go to https://maayanlab.cloud/Enrichr/#libraries for a full list of supported databases.
        
INFO     gget.utils:gget_enrichr.py:246 Getting gene symbols from Ensembl IDs.
_____________________ TestEnrichr.test_enrichr_ensembl_ids _____________________

self = <tests.test_enrichr.TestEnrichr testMethod=test_enrichr_ensembl_ids>

    def assert_equal(self: unittest.TestCase):
        test = name
        expected_result = td[test]["expected_result"]
>       result_to_test = do_call(func, td[test]["args"])
                         ^^^^^^^^^^^^^^^^^^^^^^^^^^^^^^^

tests/from_json.py:65: 
_ _ _ _ _ _ _ _ _ _ _ _ _ _ _ _ _ _ _ _ _ _ _ _ _ _ _ _ _ _ _ _ _ _ _ _ _ _ _ _ 

func = <function enrichr at 0x7f862cd18400>
args = {'database': 'ontology', 'ensembl': True, 'genes': ['ENSG00000106443.2', 'ENSG00000102317', 'ENSG00000188895.4', 'ENSG00000135365']}

    def do_call(func, args):
        if isinstance(args, dict):
>           return func(**args)
                   ^^^^^^^^^^^^

tests/from_json.py:57: 
_ _ _ _ _ _ _ _ _ _ _ _ _ _ _ _ _ _ _ _ _ _ _ _ _ _ _ _ _ _ _ _ _ _ _ _ _ _ _ _ 

genes = ['ENSG00000106443.2', 'ENSG00000102317', 'ENSG00000188895.4', 'ENSG00000135365']
database = 'GO_Biological_Process_2021', species = 'human'
background_list = None, background = False, ensembl = True, ensembl_bkg = False
plot = False, figsize = (10, 10), ax = None, kegg_out = None, kegg_rank = 1
json = False, save = False, verbose = True

    def enrichr(
        genes,
        database,
        species="human",
        background_list=None,
        background=False,
        ensembl=False,
        ensembl_bkg=False,
        plot=False,
        figsize=(10, 10),
        ax=None,
        kegg_out=None,
        kegg_rank=1,
        json=False,
        save=False,
        verbose=True,
    ):
        """
        Perform an enrichment analysis on a list of genes using Enrichr (https://maayanlab.cloud/Enrichr/).
    
        Args:
        - genes             List of Entrez gene symbols to perform enrichment analysis on, passed as a list of strings, e.g. ['PHF14', 'RBM3', 'MSL1', 'PHF21A'].
                            Set 'ensembl = True' to input a list of Ensembl gene IDs, e.g. ['ENSG00000106443', 'ENSG00000102317', 'ENSG00000188895'].
        - database          Database to use as reference for the enrichment analysis.
                            Supported shortcuts (and their default database), ONLY SUPPORTED FOR HUMAN/MOUSE SPECIES (other species must specify the full database name):
                            'pathway' (KEGG_2021_Human)
                            'transcription' (ChEA_2016)
                            'ontology' (GO_Biological_Process_2021)
                            'diseases_drugs' (GWAS_Catalog_2019)
                            'celltypes' (PanglaoDB_Augmented_2021)
                            'kinase_interactions' (KEA_2015)
                            or any database listed under Gene-set Library at: https://maayanlab.cloud/Enrichr/#libraries or the species-specific libraries listed below
        - species           Enrichr species database to query. Options:
                            'human' (default) [H. sapiens] - https://maayanlab.cloud/Enrichr/#libraries
                            'mouse' [M. musculus] - equivalent to 'human'
                            'fly' [D. melanogaster] - https://maayanlab.cloud/FlyEnrichr/#stats
                            'yeast' [S. cerevisiae] - https://maayanlab.cloud/YeastEnrichr/#stats
                            'worm' [C. elegans] - https://maayanlab.cloud/WormEnrichr/#stats
                            'fish' [D. rerio] - https://maayanlab.cloud/FishEnrichr/#stats
        - background_list   List of gene names/Ensembl IDs to be used as background genes. ONLY SUPPORTED FOR HUMAN/MOUSE SPECIES (Default: None)
        - background        If True, use set of > 20,000 default background genes listed here: https://github.com/pachterlab/gget/blob/main/gget/constants/enrichr_bkg_genes.txt.
                            ONLY SUPPORTED FOR HUMAN/MOUSE SPECIES (Default: False)
        - ensembl           Define as 'True' if 'genes' is a list of Ensembl gene IDs. (Default: False)
        - ensembl_bkg       Define as 'True' if 'background_list' is a list of Ensembl gene IDs. (Default: False)
        - plot              True/False whether to provide a graphical overview of the first 15 results. (Default: False)
        - figsize           (width, height) of plot in inches. (Default: (10,10))
        - ax                Pass a matplotlib axes object for further customization of the plot. (Default: None)
        - kegg_out          Path to file to save the highlighted KEGG pathway image, e.g. path/to/folder/kegg_pathway.png. (Default: None)
        - kegg_rank         Candidate pathway rank to be plotted in KEGG pathway image. (Default: 1)
        - json              If True, returns results in json format instead of data frame. (Default: False)
        - save              True/False whether to save the results in the local directory. (Default: False)
        - verbose           True/False whether to print progress information. (Default: True)
    
        Returns a data frame with the Enrichr results.
        """
    
        if species not in ["human", "mouse", "fly", "yeast", "worm", "fish"]:
            raise ValueError(
                f"Argument 'species' must be one of 'human', 'mouse', 'fly', 'yeast', 'worm', or 'fish'."
            )
    
        if species == "mouse":
            species = "human"
    
        species_enrichr = f"{species.capitalize()}Enrichr"
        if species == "human":
            species_enrichr = "Enrichr"
    
        if species != "human":
            if database in [
                "pathway",
                "transcription",
                "ontology",
                "diseases_drugs",
                "celltypes",
                "kinase_interactions",
            ]:
                raise ValueError(
                    f"Database '{database}' is not supported for species '{species}'."
                    f" Please select a database from the species-specific libraries listed at:"
                    f" https://maayanlab.cloud/{species_enrichr}/#stats."
                )
    
            if background:
                raise ValueError(
                    f"Background genes are only supported for species 'human' and 'mouse', not for species '{species}'."
                    f" Please set 'background=False' or leave it unspecified."
                )
    
            if background_list:
                raise ValueError(
                    f"Background genes are only supported for species 'human' and 'mouse', not for species '{species}'."
                    f" Please do not provide a value for 'background_list'."
                )
    
        # Define database
        # All available libraries: https://maayanlab.cloud/Enrichr/#libraries
        if species == "human":
            db_message = f"""
            Please note that there might be a more appropriate database for your application.
            Go to https://maayanlab.cloud/{species_enrichr}/#libraries for a full list of supported databases.
            """
        else:
            db_message = f"""
            Please note that there might be a more appropriate database for your application.
            Go to https://maayanlab.cloud/{species_enrichr}/#stats for a full list of supported databases.
            """
        if not isinstance(background, bool):
            raise ValueError(
                f"Argument`background` must be a boolean True/False. If you are adding a background list, use the argument `background_list` instead."
            )
    
        # Handle database shortcuts
        if database == "pathway":
            database = "KEGG_2021_Human"
            if verbose:
                logger.info(
                    f"Performing Enrichr analysis using database {database}. " + db_message
                )
    
        elif database == "transcription":
            database = "ChEA_2016"
            if verbose:
                logger.info(
                    f"Performing Enrichr analysis using database {database}. " + db_message
                )
    
        elif database == "ontology":
            database = "GO_Biological_Process_2021"
            if verbose:
                logger.info(
                    f"Performing Enrichr analysis using database {database}. " + db_message
                )
    
        elif database == "diseases_drugs":
            database = "GWAS_Catalog_2019"
            if verbose:
                logger.info(
                    f"Performing Enrichr analysis using database {database}. " + db_message
                )
    
        elif database == "celltypes":
            database = "PanglaoDB_Augmented_2021"
            if verbose:
                logger.info(
                    f"Performing Enrichr analysis using database {database}. " + db_message
                )
    
        elif database == "kinase_interactions":
            database = "KEA_2015"
            if verbose:
                logger.info(
                    f"Performing Enrichr analysis using database {database}. " + db_message
                )
    
        else:
            database = database
            if verbose:
                logger.info(f"Performing Enrichr analysis using database {database}.")
    
        # To generate a KEGG pathway image, confirm that the database is a KEGG database and pykegg is installed
        if kegg_out:
            if not database.startswith("KEGG"):
                logger.error(
                    "Please specify a KEGG database when generating a KEGG pathway image."
                )
                return
            try:
                import pykegg
            except ImportError:
                logger.error(
                    "Please install `pykegg` to generate a KEGG pathway image. Pykegg can be installed using pip: 'pip install pykegg'"
                )
                return
    
        # If single gene passed as string, convert to list
        if isinstance(genes, str):
            genes = [genes]
    
        ## Transform Ensembl IDs to gene symbols
        if ensembl:
            if verbose:
                logger.info("Getting gene symbols from Ensembl IDs.")
    
>           genes_v2 = ensembl_to_gene_names(genes)
                       ^^^^^^^^^^^^^^^^^^^^^^^^^^^^

gget/gget_enrichr.py:248: 
_ _ _ _ _ _ _ _ _ _ _ _ _ _ _ _ _ _ _ _ _ _ _ _ _ _ _ _ _ _ _ _ _ _ _ _ _ _ _ _ 

ensembl_ids = ['ENSG00000106443', 'ENSG00000102317', 'ENSG00000188895', 'ENSG00000135365']

    def ensembl_to_gene_names(ensembl_ids):
        """
        Function to fetch gene names from a list of Ensembl IDs using gget info.
        """
        genes_v2 = []
    
        # Remove version number if passed
        ensembl_ids = [gene_id.split(".")[0] for gene_id in ensembl_ids]
    
>       info_df = info(ensembl_ids, pdb=False, ncbi=False, uniprot=False, verbose=False)
                  ^^^^^^^^^^^^^^^^^^^^^^^^^^^^^^^^^^^^^^^^^^^^^^^^^^^^^^^^^^^^^^^^^^^^^^

gget/gget_enrichr.py:34: 
_ _ _ _ _ _ _ _ _ _ _ _ _ _ _ _ _ _ _ _ _ _ _ _ _ _ _ _ _ _ _ _ _ _ _ _ _ _ _ _ 

ens_ids = ['ENSG00000106443', 'ENSG00000102317', 'ENSG00000188895', 'ENSG00000135365']
wrap_text = False, ncbi = False, uniprot = False, pdb = False, json = False
verbose = False, save = False, expand = False, ensembl_only = False

    def info(
        ens_ids,
        wrap_text=False,
        ncbi=True,
        uniprot=True,
        pdb=False,
        json=False,
        verbose=True,
        save=False,
        expand=False,
        ensembl_only=False,
    ):
        """
        Fetch gene and transcript metadata using Ensembl IDs.
    
        Args:
        - ens_ids       One or more Ensembl IDs to look up (string or list of strings).
                        Also supports WormBase and Flybase IDs.
        - wrap_text     If True, displays data frame with wrapped text for easy reading. Default: False.
        - ncbi          If False, does not return data from NCBI. Default: True.
        - uniprot       If False, does not return data from UniProt. Default: True.
        - pdb           If True, also returns PDB IDs (might increase run time). Default: False.
        - json          If True, returns results in json/dictionary format instead of data frame. Default: False.
        - verbose       True/False whether to print progress information. Default True.
        - save          True/False wether to save csv with query results in current working directory. Default: False.
    
        Returns a data frame containing the requested information.
    
        Deprecated arguments:
        - expand        (gget info now always returns all of the available information)
        - ensembl_only  If True, only returns results from Ensembl (excludes PDB, UniProt, and NCBI results). Default: False.
        """
        # Handle deprecated arguments
        if expand:
            if verbose:
                logger.warning(
                    "'expand' argument deprecated! gget info now always returns all of the available information."
                )
        if ensembl_only:
            if verbose:
                logger.warning(
                    "'ensembl_only' argument deprecated! Please use arguments 'ncbi=False' and 'uniprot=False'."
                )
    
        # Set synonyms found by each database initially to none
        ncbi_synonyms = None
        df_uniprot = None
        df_pdb = pd.DataFrame()
        df_ncbi = pd.DataFrame()
    
        # Rename pdb, uniprot, ncbi arguments
        fetch_ncbi = ncbi
        fetch_uniprot = uniprot
        fetch_pdb = pdb
    
        # Define Ensembl REST API server
        server = ENSEMBL_REST_API
        # Define type of returned content from REST
        content_type = "application/json"
    
        ## Clean up Ensembl IDs
        # If single Ensembl ID passed as string, convert to list
        if type(ens_ids) == str:
            ens_ids = [ens_ids]
        # Remove Ensembl ID version if passed
        ens_ids_clean = []
        temp = 0
        for ensembl_ID in ens_ids:
            # But only for Ensembl ID (and not for flybase/wormbase IDs)
            if ensembl_ID.startswith("ENS"):
                ens_ids_clean.append(ensembl_ID.split(".")[0])
    
                if "." in ensembl_ID and temp == 0:
                    if verbose is True:
                        logger.info(
                            "We noticed that you passed a version number with your Ensembl ID.\n"
                            "Please note that gget info will always return information linked to the latest Ensembl ID version (see 'ensembl_id')."
                        )
                    temp = +1
    
            else:
                ens_ids_clean.append(ensembl_ID)
    
        # Remove duplicates in the Ensembl ID list without changing their order
        ens_ids_clean = sorted(set(ens_ids_clean), key=ens_ids_clean.index)
        # Create second clean list of Ensembl IDs which will not include IDs that were not found
        ens_ids_clean_2 = ens_ids_clean.copy()
    
        # Initiate dictionary to save results for all IDs in
        master_dict = {}
    
        # Query REST APIs from https://rest.ensembl.org/
        endpoint = "lookup/id/"
        query = {"ids": ens_ids_clean, "expand": True}
    
>       results_dict = post_query(server, endpoint, query)
                       ^^^^^^^^^^^^^^^^^^^^^^^^^^^^^^^^^^^

gget/gget_info.py:119: 
_ _ _ _ _ _ _ _ _ _ _ _ _ _ _ _ _ _ _ _ _ _ _ _ _ _ _ _ _ _ _ _ _ _ _ _ _ _ _ _ 

server = 'http://rest.ensembl.org/', endpoint = 'lookup/id/'
query = {'expand': True, 'ids': ['ENSG00000106443', 'ENSG00000102317', 'ENSG00000188895', 'ENSG00000135365']}

    def post_query(server, endpoint, query):
        """
        Function to perform a POST API query.
    
        :param server:  Server to query .
        :param endpoint: Server endpoint
        :param query:   Query that is passed to server.
    
        :return: server output
        """
    
        r = requests.post(
            server + endpoint, json=query, headers={"Content-Type": "application/json"}
        )
    
        if not r.ok:
>           raise RuntimeError(
                f"{server} returned error status code {r.status_code}. "
                "Please double-check arguments and try again.\n"
            )
E           RuntimeError: http://rest.ensembl.org/ returned error status code 503. Please double-check arguments and try again.

gget/utils.py:695: RuntimeError
------------------------------ Captured log call -------------------------------
INFO     gget.utils:gget_enrichr.py:194 Performing Enrichr analysis using database GO_Biological_Process_2021. 
        Please note that there might be a more appropriate database for your application. 
        Go to https://maayanlab.cloud/Enrichr/#libraries for a full list of supported databases.
        
INFO     gget.utils:gget_enrichr.py:246 Getting gene symbols from Ensembl IDs.
_______________________ TestInfo.test_info_WB_transcript _______________________

self = <tests.test_info.TestInfo testMethod=test_info_WB_transcript>

    def assert_equal(self: unittest.TestCase):
        test = name
        expected_result = td[test]["expected_result"]
>       result_to_test = do_call(func, td[test]["args"])
                         ^^^^^^^^^^^^^^^^^^^^^^^^^^^^^^^

tests/from_json.py:65: 
_ _ _ _ _ _ _ _ _ _ _ _ _ _ _ _ _ _ _ _ _ _ _ _ _ _ _ _ _ _ _ _ _ _ _ _ _ _ _ _ 

func = <function info at 0x7f862ceff740>
args = {'ens_ids': 'T14E8.4.1', 'ncbi': False}

    def do_call(func, args):
        if isinstance(args, dict):
>           return func(**args)
                   ^^^^^^^^^^^^

tests/from_json.py:57: 
_ _ _ _ _ _ _ _ _ _ _ _ _ _ _ _ _ _ _ _ _ _ _ _ _ _ _ _ _ _ _ _ _ _ _ _ _ _ _ _ 

ens_ids = ['T14E8.4.1'], wrap_text = False, ncbi = False, uniprot = True
pdb = False, json = False, verbose = True, save = False, expand = False
ensembl_only = False

    def info(
        ens_ids,
        wrap_text=False,
        ncbi=True,
        uniprot=True,
        pdb=False,
        json=False,
        verbose=True,
        save=False,
        expand=False,
        ensembl_only=False,
    ):
        """
        Fetch gene and transcript metadata using Ensembl IDs.
    
        Args:
        - ens_ids       One or more Ensembl IDs to look up (string or list of strings).
                        Also supports WormBase and Flybase IDs.
        - wrap_text     If True, displays data frame with wrapped text for easy reading. Default: False.
        - ncbi          If False, does not return data from NCBI. Default: True.
        - uniprot       If False, does not return data from UniProt. Default: True.
        - pdb           If True, also returns PDB IDs (might increase run time). Default: False.
        - json          If True, returns results in json/dictionary format instead of data frame. Default: False.
        - verbose       True/False whether to print progress information. Default True.
        - save          True/False wether to save csv with query results in current working directory. Default: False.
    
        Returns a data frame containing the requested information.
    
        Deprecated arguments:
        - expand        (gget info now always returns all of the available information)
        - ensembl_only  If True, only returns results from Ensembl (excludes PDB, UniProt, and NCBI results). Default: False.
        """
        # Handle deprecated arguments
        if expand:
            if verbose:
                logger.warning(
                    "'expand' argument deprecated! gget info now always returns all of the available information."
                )
        if ensembl_only:
            if verbose:
                logger.warning(
                    "'ensembl_only' argument deprecated! Please use arguments 'ncbi=False' and 'uniprot=False'."
                )
    
        # Set synonyms found by each database initially to none
        ncbi_synonyms = None
        df_uniprot = None
        df_pdb = pd.DataFrame()
        df_ncbi = pd.DataFrame()
    
        # Rename pdb, uniprot, ncbi arguments
        fetch_ncbi = ncbi
        fetch_uniprot = uniprot
        fetch_pdb = pdb
    
        # Define Ensembl REST API server
        server = ENSEMBL_REST_API
        # Define type of returned content from REST
        content_type = "application/json"
    
        ## Clean up Ensembl IDs
        # If single Ensembl ID passed as string, convert to list
        if type(ens_ids) == str:
            ens_ids = [ens_ids]
        # Remove Ensembl ID version if passed
        ens_ids_clean = []
        temp = 0
        for ensembl_ID in ens_ids:
            # But only for Ensembl ID (and not for flybase/wormbase IDs)
            if ensembl_ID.startswith("ENS"):
                ens_ids_clean.append(ensembl_ID.split(".")[0])
    
                if "." in ensembl_ID and temp == 0:
                    if verbose is True:
                        logger.info(
                            "We noticed that you passed a version number with your Ensembl ID.\n"
                            "Please note that gget info will always return information linked to the latest Ensembl ID version (see 'ensembl_id')."
                        )
                    temp = +1
    
            else:
                ens_ids_clean.append(ensembl_ID)
    
        # Remove duplicates in the Ensembl ID list without changing their order
        ens_ids_clean = sorted(set(ens_ids_clean), key=ens_ids_clean.index)
        # Create second clean list of Ensembl IDs which will not include IDs that were not found
        ens_ids_clean_2 = ens_ids_clean.copy()
    
        # Initiate dictionary to save results for all IDs in
        master_dict = {}
    
        # Query REST APIs from https://rest.ensembl.org/
        endpoint = "lookup/id/"
        query = {"ids": ens_ids_clean, "expand": True}
    
>       results_dict = post_query(server, endpoint, query)
                       ^^^^^^^^^^^^^^^^^^^^^^^^^^^^^^^^^^^

gget/gget_info.py:119: 
_ _ _ _ _ _ _ _ _ _ _ _ _ _ _ _ _ _ _ _ _ _ _ _ _ _ _ _ _ _ _ _ _ _ _ _ _ _ _ _ 

server = 'http://rest.ensembl.org/', endpoint = 'lookup/id/'
query = {'expand': True, 'ids': ['T14E8.4.1']}

    def post_query(server, endpoint, query):
        """
        Function to perform a POST API query.
    
        :param server:  Server to query .
        :param endpoint: Server endpoint
        :param query:   Query that is passed to server.
    
        :return: server output
        """
    
        r = requests.post(
            server + endpoint, json=query, headers={"Content-Type": "application/json"}
        )
    
        if not r.ok:
>           raise RuntimeError(
                f"{server} returned error status code {r.status_code}. "
                "Please double-check arguments and try again.\n"
            )
E           RuntimeError: http://rest.ensembl.org/ returned error status code 503. Please double-check arguments and try again.

gget/utils.py:695: RuntimeError
___________________________ TestInfo.test_info_exon ____________________________

self = <tests.test_info.TestInfo testMethod=test_info_exon>

    def assert_equal(self: unittest.TestCase):
        test = name
        expected_result = td[test]["expected_result"]
>       result_to_test = do_call(func, td[test]["args"])
                         ^^^^^^^^^^^^^^^^^^^^^^^^^^^^^^^

tests/from_json.py:65: 
_ _ _ _ _ _ _ _ _ _ _ _ _ _ _ _ _ _ _ _ _ _ _ _ _ _ _ _ _ _ _ _ _ _ _ _ _ _ _ _ 

func = <function info at 0x7f862ceff740>
args = {'ens_ids': ['ENSTGUEE00000179311']}

    def do_call(func, args):
        if isinstance(args, dict):
>           return func(**args)
                   ^^^^^^^^^^^^

tests/from_json.py:57: 
_ _ _ _ _ _ _ _ _ _ _ _ _ _ _ _ _ _ _ _ _ _ _ _ _ _ _ _ _ _ _ _ _ _ _ _ _ _ _ _ 

ens_ids = ['ENSTGUEE00000179311'], wrap_text = False, ncbi = True
uniprot = True, pdb = False, json = False, verbose = True, save = False
expand = False, ensembl_only = False

    def info(
        ens_ids,
        wrap_text=False,
        ncbi=True,
        uniprot=True,
        pdb=False,
        json=False,
        verbose=True,
        save=False,
        expand=False,
        ensembl_only=False,
    ):
        """
        Fetch gene and transcript metadata using Ensembl IDs.
    
        Args:
        - ens_ids       One or more Ensembl IDs to look up (string or list of strings).
                        Also supports WormBase and Flybase IDs.
        - wrap_text     If True, displays data frame with wrapped text for easy reading. Default: False.
        - ncbi          If False, does not return data from NCBI. Default: True.
        - uniprot       If False, does not return data from UniProt. Default: True.
        - pdb           If True, also returns PDB IDs (might increase run time). Default: False.
        - json          If True, returns results in json/dictionary format instead of data frame. Default: False.
        - verbose       True/False whether to print progress information. Default True.
        - save          True/False wether to save csv with query results in current working directory. Default: False.
    
        Returns a data frame containing the requested information.
    
        Deprecated arguments:
        - expand        (gget info now always returns all of the available information)
        - ensembl_only  If True, only returns results from Ensembl (excludes PDB, UniProt, and NCBI results). Default: False.
        """
        # Handle deprecated arguments
        if expand:
            if verbose:
                logger.warning(
                    "'expand' argument deprecated! gget info now always returns all of the available information."
                )
        if ensembl_only:
            if verbose:
                logger.warning(
                    "'ensembl_only' argument deprecated! Please use arguments 'ncbi=False' and 'uniprot=False'."
                )
    
        # Set synonyms found by each database initially to none
        ncbi_synonyms = None
        df_uniprot = None
        df_pdb = pd.DataFrame()
        df_ncbi = pd.DataFrame()
    
        # Rename pdb, uniprot, ncbi arguments
        fetch_ncbi = ncbi
        fetch_uniprot = uniprot
        fetch_pdb = pdb
    
        # Define Ensembl REST API server
        server = ENSEMBL_REST_API
        # Define type of returned content from REST
        content_type = "application/json"
    
        ## Clean up Ensembl IDs
        # If single Ensembl ID passed as string, convert to list
        if type(ens_ids) == str:
            ens_ids = [ens_ids]
        # Remove Ensembl ID version if passed
        ens_ids_clean = []
        temp = 0
        for ensembl_ID in ens_ids:
            # But only for Ensembl ID (and not for flybase/wormbase IDs)
            if ensembl_ID.startswith("ENS"):
                ens_ids_clean.append(ensembl_ID.split(".")[0])
    
                if "." in ensembl_ID and temp == 0:
                    if verbose is True:
                        logger.info(
                            "We noticed that you passed a version number with your Ensembl ID.\n"
                            "Please note that gget info will always return information linked to the latest Ensembl ID version (see 'ensembl_id')."
                        )
                    temp = +1
    
            else:
                ens_ids_clean.append(ensembl_ID)
    
        # Remove duplicates in the Ensembl ID list without changing their order
        ens_ids_clean = sorted(set(ens_ids_clean), key=ens_ids_clean.index)
        # Create second clean list of Ensembl IDs which will not include IDs that were not found
        ens_ids_clean_2 = ens_ids_clean.copy()
    
        # Initiate dictionary to save results for all IDs in
        master_dict = {}
    
        # Query REST APIs from https://rest.ensembl.org/
        endpoint = "lookup/id/"
        query = {"ids": ens_ids_clean, "expand": True}
    
        results_dict = post_query(server, endpoint, query)
        results_dict = {k: v for k, v in results_dict.items() if v is not None}
    
        for ensembl_ID, df_temp in results_dict.items():
            try:
                # Add Ensembl ID with latest version number to df_temp
                df_temp["ensembl_id"] = str(df_temp["id"]) + "." + str(df_temp["version"])
            except KeyError:
                # Just add Ensembl ID if no version found
                df_temp["ensembl_id"] = str(df_temp["id"])
    
        # second pass for ids that were not found in the initial query
        ens_ids_clean_tmp = [
            ensembl_ID
            for ensembl_ID in ens_ids_clean
            if ensembl_ID not in results_dict.keys()
        ]
    
        if len(ens_ids_clean_tmp) > 0:
            # print(f"Second pass for ids: {ens_ids_clean_tmp}")
            # Try submitting query without expand (expand does not work for exons and translation IDs)
            query = {"ids": ens_ids_clean_tmp}
>           results_dict_new = post_query(server, endpoint, query)
                               ^^^^^^^^^^^^^^^^^^^^^^^^^^^^^^^^^^^

gget/gget_info.py:141: 
_ _ _ _ _ _ _ _ _ _ _ _ _ _ _ _ _ _ _ _ _ _ _ _ _ _ _ _ _ _ _ _ _ _ _ _ _ _ _ _ 

server = 'http://rest.ensembl.org/', endpoint = 'lookup/id/'
query = {'ids': ['ENSTGUEE00000179311']}

    def post_query(server, endpoint, query):
        """
        Function to perform a POST API query.
    
        :param server:  Server to query .
        :param endpoint: Server endpoint
        :param query:   Query that is passed to server.
    
        :return: server output
        """
    
        r = requests.post(
            server + endpoint, json=query, headers={"Content-Type": "application/json"}
        )
    
        if not r.ok:
>           raise RuntimeError(
                f"{server} returned error status code {r.status_code}. "
                "Please double-check arguments and try again.\n"
            )
E           RuntimeError: http://rest.ensembl.org/ returned error status code 503. Please double-check arguments and try again.

gget/utils.py:695: RuntimeError
___________________________ TestInfo.test_info_gene ____________________________

self = <tests.test_info.TestInfo testMethod=test_info_gene>

    def assert_equal(self: unittest.TestCase):
        test = name
        expected_result = td[test]["expected_result"]
>       result_to_test = do_call(func, td[test]["args"])
                         ^^^^^^^^^^^^^^^^^^^^^^^^^^^^^^^

tests/from_json.py:65: 
_ _ _ _ _ _ _ _ _ _ _ _ _ _ _ _ _ _ _ _ _ _ _ _ _ _ _ _ _ _ _ _ _ _ _ _ _ _ _ _ 

func = <function info at 0x7f862ceff740>
args = {'ens_ids': 'EnsMUSG00000000001'}

    def do_call(func, args):
        if isinstance(args, dict):
>           return func(**args)
                   ^^^^^^^^^^^^

tests/from_json.py:57: 
_ _ _ _ _ _ _ _ _ _ _ _ _ _ _ _ _ _ _ _ _ _ _ _ _ _ _ _ _ _ _ _ _ _ _ _ _ _ _ _ 

ens_ids = ['EnsMUSG00000000001'], wrap_text = False, ncbi = True, uniprot = True
pdb = False, json = False, verbose = True, save = False, expand = False
ensembl_only = False

    def info(
        ens_ids,
        wrap_text=False,
        ncbi=True,
        uniprot=True,
        pdb=False,
        json=False,
        verbose=True,
        save=False,
        expand=False,
        ensembl_only=False,
    ):
        """
        Fetch gene and transcript metadata using Ensembl IDs.
    
        Args:
        - ens_ids       One or more Ensembl IDs to look up (string or list of strings).
                        Also supports WormBase and Flybase IDs.
        - wrap_text     If True, displays data frame with wrapped text for easy reading. Default: False.
        - ncbi          If False, does not return data from NCBI. Default: True.
        - uniprot       If False, does not return data from UniProt. Default: True.
        - pdb           If True, also returns PDB IDs (might increase run time). Default: False.
        - json          If True, returns results in json/dictionary format instead of data frame. Default: False.
        - verbose       True/False whether to print progress information. Default True.
        - save          True/False wether to save csv with query results in current working directory. Default: False.
    
        Returns a data frame containing the requested information.
    
        Deprecated arguments:
        - expand        (gget info now always returns all of the available information)
        - ensembl_only  If True, only returns results from Ensembl (excludes PDB, UniProt, and NCBI results). Default: False.
        """
        # Handle deprecated arguments
        if expand:
            if verbose:
                logger.warning(
                    "'expand' argument deprecated! gget info now always returns all of the available information."
                )
        if ensembl_only:
            if verbose:
                logger.warning(
                    "'ensembl_only' argument deprecated! Please use arguments 'ncbi=False' and 'uniprot=False'."
                )
    
        # Set synonyms found by each database initially to none
        ncbi_synonyms = None
        df_uniprot = None
        df_pdb = pd.DataFrame()
        df_ncbi = pd.DataFrame()
    
        # Rename pdb, uniprot, ncbi arguments
        fetch_ncbi = ncbi
        fetch_uniprot = uniprot
        fetch_pdb = pdb
    
        # Define Ensembl REST API server
        server = ENSEMBL_REST_API
        # Define type of returned content from REST
        content_type = "application/json"
    
        ## Clean up Ensembl IDs
        # If single Ensembl ID passed as string, convert to list
        if type(ens_ids) == str:
            ens_ids = [ens_ids]
        # Remove Ensembl ID version if passed
        ens_ids_clean = []
        temp = 0
        for ensembl_ID in ens_ids:
            # But only for Ensembl ID (and not for flybase/wormbase IDs)
            if ensembl_ID.startswith("ENS"):
                ens_ids_clean.append(ensembl_ID.split(".")[0])
    
                if "." in ensembl_ID and temp == 0:
                    if verbose is True:
                        logger.info(
                            "We noticed that you passed a version number with your Ensembl ID.\n"
                            "Please note that gget info will always return information linked to the latest Ensembl ID version (see 'ensembl_id')."
                        )
                    temp = +1
    
            else:
                ens_ids_clean.append(ensembl_ID)
    
        # Remove duplicates in the Ensembl ID list without changing their order
        ens_ids_clean = sorted(set(ens_ids_clean), key=ens_ids_clean.index)
        # Create second clean list of Ensembl IDs which will not include IDs that were not found
        ens_ids_clean_2 = ens_ids_clean.copy()
    
        # Initiate dictionary to save results for all IDs in
        master_dict = {}
    
        # Query REST APIs from https://rest.ensembl.org/
        endpoint = "lookup/id/"
        query = {"ids": ens_ids_clean, "expand": True}
    
>       results_dict = post_query(server, endpoint, query)
                       ^^^^^^^^^^^^^^^^^^^^^^^^^^^^^^^^^^^

gget/gget_info.py:119: 
_ _ _ _ _ _ _ _ _ _ _ _ _ _ _ _ _ _ _ _ _ _ _ _ _ _ _ _ _ _ _ _ _ _ _ _ _ _ _ _ 

server = 'http://rest.ensembl.org/', endpoint = 'lookup/id/'
query = {'expand': True, 'ids': ['EnsMUSG00000000001']}

    def post_query(server, endpoint, query):
        """
        Function to perform a POST API query.
    
        :param server:  Server to query .
        :param endpoint: Server endpoint
        :param query:   Query that is passed to server.
    
        :return: server output
        """
    
        r = requests.post(
            server + endpoint, json=query, headers={"Content-Type": "application/json"}
        )
    
        if not r.ok:
>           raise RuntimeError(
                f"{server} returned error status code {r.status_code}. "
                "Please double-check arguments and try again.\n"
            )
E           RuntimeError: http://rest.ensembl.org/ returned error status code 503. Please double-check arguments and try again.

gget/utils.py:695: RuntimeError
=============================== warnings summary ===============================
tests/test_blast.py::TestBlast::test_blast_nt
  /home/runner/work/gget/gget/gget/gget_blast.py:327: FutureWarning: Passing literal html to 'read_html' is deprecated and will be removed in a future version. To read from a literal string, wrap it in a 'StringIO' object.
    results_df = pd.read_html(str(dsc_table))[0]

tests/test_cbio.py::TestCbioSearch::test_cbio_search
tests/test_cbio.py::TestCbioSearch::test_cbio_search
  /opt/hostedtoolcache/Python/3.12.13/x64/lib/python3.12/site-packages/swagger_spec_validator/validator12.py:18: DeprecationWarning: jsonschema.RefResolver is deprecated as of v4.18.0, in favor of the https://github.com/python-jsonschema/referencing library, which provides more compliant referencing behavior as well as more flexible APIs for customization. A future release will remove RefResolver. Please file a feature request (on referencing) if you are missing an API for the kind of customization you need.
    from jsonschema import RefResolver

tests/test_cbio.py::TestCbioSearch::test_cbio_search
  /opt/hostedtoolcache/Python/3.12.13/x64/lib/python3.12/site-packages/swagger_spec_validator/ref_validators.py:14: DeprecationWarning: jsonschema.RefResolver is deprecated as of v4.18.0, in favor of the https://github.com/python-jsonschema/referencing library, which provides more compliant referencing behavior as well as more flexible APIs for customization. A future release will remove RefResolver. Please file a feature request (on referencing) if you are missing an API for the kind of customization you need.
    from jsonschema.validators import RefResolver

tests/test_cbio.py::TestCbioSearch::test_cbio_search
  /opt/hostedtoolcache/Python/3.12.13/x64/lib/python3.12/site-packages/swagger_spec_validator/validator20.py:18: DeprecationWarning: jsonschema.RefResolver is deprecated as of v4.18.0, in favor of the https://github.com/python-jsonschema/referencing library, which provides more compliant referencing behavior as well as more flexible APIs for customization. A future release will remove RefResolver. Please file a feature request (on referencing) if you are missing an API for the kind of customization you need.
    from jsonschema.validators import RefResolver

tests/test_cbio.py::TestCbioSearch::test_cbio_search
tests/test_cbio.py::TestCbioSearch::test_cbio_search
  /opt/hostedtoolcache/Python/3.12.13/x64/lib/python3.12/site-packages/bravado_core/swagger20_validator.py:6: DeprecationWarning: jsonschema.RefResolver is deprecated as of v4.18.0, in favor of the https://github.com/python-jsonschema/referencing library, which provides more compliant referencing behavior as well as more flexible APIs for customization. A future release will remove RefResolver. Please file a feature request (on referencing) if you are missing an API for the kind of customization you need.
    from jsonschema import RefResolver

tests/test_cbio.py::TestCbioSearch::test_cbio_search
  /opt/hostedtoolcache/Python/3.12.13/x64/lib/python3.12/site-packages/bravado_core/spec.py:14: DeprecationWarning: jsonschema.RefResolver is deprecated as of v4.18.0, in favor of the https://github.com/python-jsonschema/referencing library, which provides more compliant referencing behavior as well as more flexible APIs for customization. A future release will remove RefResolver. Please file a feature request (on referencing) if you are missing an API for the kind of customization you need.
    from jsonschema.validators import RefResolver

tests/test_cbio.py: 16 warnings
  /opt/hostedtoolcache/Python/3.12.13/x64/lib/python3.12/site-packages/bravado_core/model.py:888: DeprecationWarning: jsonschema.RefResolver.in_scope is deprecated and will be removed in a future release.
    with spec.resolver.in_scope(additional_uri):

tests/test_cellxgene.py::TestCellxgene::test_cellxgene_adata
  /home/runner/work/gget/gget/gget/gget_cellxgene.py:222: FutureWarning: The argument `column_names` is deprecated and will be removed in a future release. Please use `obs_column_names` and `var_column_names` instead.
    adata = cellxgene_census.get_anndata(

tests/test_cellxgene.py::TestCellxgene::test_cellxgene_adata
tests/test_cellxgene.py::TestCellxgene::test_cellxgene_adata
  /opt/hostedtoolcache/Python/3.12.13/x64/lib/python3.12/functools.py:912: ImplicitModificationWarning: Transforming to str index.
    return dispatch(args[0].__class__)(*args, **kw)

tests/test_cosmic.py::TestCosmicWorkflow::test_cosmic_defaults
  /home/runner/work/gget/gget/gget/gget_cosmic.py:183: DeprecationWarning: Python 3.14 will, by default, filter extracted tar archives and reject files or modify their metadata. Use the filter argument to control this behavior.
    tar.extractall(path=tar_folder_path)

tests/test_cosmic.py::TestCosmicWorkflow::test_cosmic_defaults
  /home/runner/work/gget/gget/tests/from_json.py:69: FutureWarning: Downcasting behavior in `replace` is deprecated and will be removed in a future version. To retain the old behavior, explicitly call `result.infer_objects(copy=False)`. To opt-in to the future behavior, set `pd.set_option('future.no_silent_downcasting', True)`
    expected_result = expected_result.replace({None: np.nan})

-- Docs: https://docs.pytest.org/en/stable/how-to/capture-warnings.html
============================= slowest 10 durations =============================
73.51s call     tests/test_blast.py::TestBlast::test_blast_nt
55.43s call     tests/test_enrichr.py::TestEnrichr::test_enrichr_background_ensembl
47.87s call     tests/test_info.py::TestInfo::test_info_exon
44.51s call     tests/test_cellxgene.py::TestCellxgene::test_cellxgene_adata
31.40s call     tests/test_info.py::TestInfo::test_info_gene
24.64s call     tests/test_archs4.py::TestArchs4::test_archs4_mouse_json_ensembl
13.16s call     tests/test_elm.py::TestELM::test_elm_uniprot_id_new
11.85s setup    tests/test_cosmic.py::TestCosmicWorkflow::test_cosmic_defaults
10.05s call     tests/test_cosmic.py::TestCosmicWorkflow::test_cosmic_defaults
3.39s call     tests/test_cellxgene.py::TestCellxgene::test_cellxgene_metadata
=========================== short test summary info ============================
FAILED tests/test_enrichr.py::TestEnrichr::test_enrichr_background_ensembl - RuntimeError: http://rest.ensembl.org/ returned error status code 503. Please double-check arguments and try again.
FAILED tests/test_enrichr.py::TestEnrichr::test_enrichr_ensembl_ids - RuntimeError: http://rest.ensembl.org/ returned error status code 503. Please double-check arguments and try again.
FAILED tests/test_info.py::TestInfo::test_info_WB_transcript - RuntimeError: http://rest.ensembl.org/ returned error status code 503. Please double-check arguments and try again.
FAILED tests/test_info.py::TestInfo::test_info_exon - RuntimeError: http://rest.ensembl.org/ returned error status code 503. Please double-check arguments and try again.
FAILED tests/test_info.py::TestInfo::test_info_gene - RuntimeError: http://rest.ensembl.org/ returned error status code 503. Please double-check arguments and try again.
!!!!!!!!!!!!!!!!!!!!!!!!!! stopping after 5 failures !!!!!!!!!!!!!!!!!!!!!!!!!!!
============ 5 failed, 82 passed, 29 warnings in 363.33s (0:06:03) =============
