Pytest results (Python 3.12) - 2026-01-22T16:12:18Z

============================= test session starts ==============================
platform linux -- Python 3.12.12, pytest-9.0.2, pluggy-1.6.0 -- /opt/hostedtoolcache/Python/3.12.12/x64/bin/python
cachedir: .pytest_cache
rootdir: /home/runner/work/gget/gget
configfile: pyproject.toml
plugins: cov-7.0.0, zarr-3.1.5
collecting ... collected 250 items

tests/test_8cube.py::TestSpecificity::test_specificity_basic PASSED      [  0%]
tests/test_8cube.py::TestPsiBlock::test_psi_block_basic PASSED           [  0%]
tests/test_8cube.py::TestGeneExpression::test_gene_expression_basic PASSED [  1%]
tests/test_archs4.py::TestArchs4::test_archs4_bad_ensembl PASSED         [  1%]
tests/test_archs4.py::TestArchs4::test_archs4_bad_gene PASSED            [  2%]
tests/test_archs4.py::TestArchs4::test_archs4_bad_gene_tissue PASSED     [  2%]
tests/test_archs4.py::TestArchs4::test_archs4_bad_species PASSED         [  2%]
tests/test_archs4.py::TestArchs4::test_archs4_bad_which PASSED           [  3%]
tests/test_archs4.py::TestArchs4::test_archs4_defaults PASSED            [  3%]
tests/test_archs4.py::TestArchs4::test_archs4_mouse_json_ensembl PASSED  [  4%]
tests/test_archs4.py::TestArchs4::test_archs4_tissue PASSED              [  4%]
tests/test_archs4.py::TestArchs4::test_archs4_tissue_ensembl PASSED      [  4%]
tests/test_archs4.py::TestArchs4::test_archs4_tissue_json PASSED         [  5%]
tests/test_archs4.py::TestArchs4::test_archs4_tissue_mouse PASSED        [  5%]
tests/test_bgee.py::TestBgee::test_bgee_expression PASSED                [  6%]
tests/test_bgee.py::TestBgee::test_bgee_expression_multiple PASSED       [  6%]
tests/test_bgee.py::TestBgee::test_bgee_orthologs PASSED                 [  6%]
tests/test_bgee.py::TestBgee::test_error_bgee_expression_no_exist PASSED [  7%]
tests/test_bgee.py::TestBgee::test_error_bgee_orthologs_no_exist PASSED  [  7%]
tests/test_bgee.py::TestBgee::test_error_bgee_unknown_type PASSED        [  8%]
tests/test_blast.py::TestBlast::test_blast_bad_db1 PASSED                [  8%]
tests/test_blast.py::TestBlast::test_blast_bad_db2 PASSED                [  8%]
tests/test_blast.py::TestBlast::test_blast_bad_fasta PASSED              [  9%]
tests/test_blast.py::TestBlast::test_blast_bad_program PASSED            [  9%]
tests/test_blast.py::TestBlast::test_blast_bad_seq PASSED                [ 10%]
tests/test_blast.py::TestBlast::test_blast_db_missing PASSED             [ 10%]
tests/test_blast.py::TestBlast::test_blast_nt PASSED                     [ 10%]
tests/test_blat.py::TestBlat::test_blat_aa PASSED                        [ 11%]
tests/test_blat.py::TestBlat::test_blat_aa_RNA PASSED                    [ 11%]
tests/test_blat.py::TestBlat::test_blat_aa_protein PASSED                [ 12%]
tests/test_blat.py::TestBlat::test_blat_bad_assembly PASSED              [ 12%]
tests/test_blat.py::TestBlat::test_blat_bad_fasta PASSED                 [ 12%]
tests/test_blat.py::TestBlat::test_blat_bad_fileformat PASSED            [ 13%]
tests/test_blat.py::TestBlat::test_blat_bad_seqtype PASSED               [ 13%]
tests/test_blat.py::TestBlat::test_blat_bad_txt PASSED                   [ 14%]
tests/test_blat.py::TestBlat::test_blat_nt PASSED                        [ 14%]
tests/test_blat.py::TestBlat::test_blat_nt_DNA PASSED                    [ 14%]
tests/test_blat.py::TestBlat::test_blat_nt_RNA PASSED                    [ 15%]
tests/test_blat.py::TestBlat::test_blat_nt_fasta PASSED                  [ 15%]
tests/test_blat.py::TestBlat::test_blat_nt_json PASSED                   [ 16%]
tests/test_blat.py::TestBlat::test_blat_nt_protein PASSED                [ 16%]
tests/test_blat.py::TestBlat::test_blat_nt_transDNA PASSED               [ 16%]
tests/test_blat.py::TestBlat::test_blat_nt_txt PASSED                    [ 17%]
tests/test_blat.py::TestBlat::test_blat_shortseq PASSED                  [ 17%]
tests/test_cbio.py::TestCbioSearch::test_cbio_search PASSED              [ 18%]
tests/test_cbio.py::TestCbio::test_cbio_download PASSED                  [ 18%]
tests/test_cbio.py::TestCbio::test_cbio_download_partially_existing_files PASSED [ 18%]
tests/test_cbio.py::TestCbio::test_error_cbio_download PASSED            [ 19%]
tests/test_cellxgene.py::TestCellxgene::test_cellxgene_adata PASSED      [ 19%]
tests/test_cellxgene.py::TestCellxgene::test_cellxgene_metadata PASSED   [ 20%]
tests/test_compile.py::TestCompilerWindows::test_compiler_windows PASSED [ 20%]
tests/test_cosmic.py::TestCosmicWorkflow::test_cosmic_defaults PASSED    [ 20%]
tests/test_diamond.py::TestDiamond::test_diamond_JSON_out PASSED         [ 21%]
tests/test_diamond.py::TestDiamond::test_diamond_both_files PASSED       [ 21%]
tests/test_diamond.py::TestDiamond::test_diamond_query_file PASSED       [ 22%]
tests/test_diamond.py::TestDiamond::test_diamond_ref_file PASSED         [ 22%]
tests/test_diamond.py::TestDiamond::test_diamond_seqs_multiple PASSED    [ 22%]
tests/test_diamond.py::TestDiamond::test_diamond_seqs_single PASSED      [ 23%]
tests/test_elm.py::TestELM::test_elm_uniprot_aminoacidseq PASSED         [ 23%]
tests/test_elm.py::TestELM::test_elm_uniprot_id_in_elm PASSED            [ 24%]
tests/test_elm.py::TestELM::test_elm_uniprot_id_new PASSED               [ 24%]
tests/test_enrichr.py::TestEnrichr::test_enrichr_background PASSED       [ 24%]
tests/test_enrichr.py::TestEnrichr::test_enrichr_background_ensembl PASSED [ 25%]
tests/test_enrichr.py::TestEnrichr::test_enrichr_bad_background PASSED   [ 25%]
tests/test_enrichr.py::TestEnrichr::test_enrichr_bad_background_list PASSED [ 26%]
tests/test_enrichr.py::TestEnrichr::test_enrichr_bad_database_shortcut PASSED [ 26%]
tests/test_enrichr.py::TestEnrichr::test_enrichr_bad_gene PASSED         [ 26%]
tests/test_enrichr.py::TestEnrichr::test_enrichr_bad_species PASSED      [ 27%]
tests/test_enrichr.py::TestEnrichr::test_enrichr_celltypes PASSED        [ 27%]
tests/test_enrichr.py::TestEnrichr::test_enrichr_diseases_drugs PASSED   [ 28%]
tests/test_enrichr.py::TestEnrichr::test_enrichr_ensembl_ids PASSED      [ 28%]
tests/test_enrichr.py::TestEnrichr::test_enrichr_fish PASSED             [ 28%]
tests/test_enrichr.py::TestEnrichr::test_enrichr_fly PASSED              [ 29%]
tests/test_enrichr.py::TestEnrichr::test_enrichr_json PASSED             [ 29%]
tests/test_enrichr.py::TestEnrichr::test_enrichr_kinase_interactions PASSED [ 30%]
tests/test_enrichr.py::TestEnrichr::test_enrichr_mouse_is_human PASSED   [ 30%]
tests/test_enrichr.py::TestEnrichr::test_enrichr_none PASSED             [ 30%]
tests/test_enrichr.py::TestEnrichr::test_enrichr_ontology PASSED         [ 31%]
tests/test_enrichr.py::TestEnrichr::test_enrichr_pathway PASSED          [ 31%]
tests/test_enrichr.py::TestEnrichr::test_enrichr_plot PASSED             [ 32%]
tests/test_enrichr.py::TestEnrichr::test_enrichr_transcription PASSED    [ 32%]
tests/test_enrichr.py::TestEnrichr::test_enrichr_worm PASSED             [ 32%]
tests/test_enrichr.py::TestEnrichr::test_enrichr_yeast PASSED            [ 33%]
tests/test_gpt.py::TestGpt::test_gpt PASSED                              [ 33%]
tests/test_info.py::TestInfo::test_info_WB_transcript PASSED             [ 34%]
tests/test_info.py::TestInfo::test_info_exon PASSED                      [ 34%]
tests/test_info.py::TestInfo::test_info_gene PASSED                      [ 34%]
tests/test_info.py::TestInfo::test_info_gene_list_non_model PASSED       [ 35%]
tests/test_info.py::TestInfo::test_info_mix PASSED                       [ 35%]
tests/test_info.py::TestInfo::test_info_ncbifalse_uniprotfalse PASSED    [ 36%]
tests/test_info.py::TestInfo::test_info_ncbifalse_uniprottrue PASSED     [ 36%]
tests/test_info.py::TestInfo::test_info_ncbitrue_uniprotfalse PASSED     [ 36%]
tests/test_info.py::TestInfo::test_info_transcript PASSED                [ 37%]
tests/test_muscle.py::TestMuscle::test_muscle_nt PASSED                  [ 37%]
tests/test_muscle.py::TestMuscle::test_muscle_nt_txt PASSED              [ 38%]
tests/test_muscle.py::TestMuscleSuper::test_muscle_nt_super5 PASSED      [ 38%]
tests/test_muscle.py::TestMuscleAA::test_muscle_aa PASSED                [ 38%]
tests/test_muscle.py::TestMuscleSeqsInput::test_muscle_seqs_as_input PASSED [ 39%]
tests/test_muscle.py::TestMuscleAASuper::test_muscle_aa_super5 PASSED    [ 39%]
tests/test_muscle.py::TestMusclePrints::test_muscle_print_nt PASSED      [ 40%]
tests/test_mutate.py::TestMutate::test_ambiguous_mutation PASSED         [ 40%]
tests/test_mutate.py::TestMutate::test_index_error PASSED                [ 40%]
tests/test_mutate.py::TestMutate::test_intron_mutation_minus PASSED      [ 41%]
tests/test_mutate.py::TestMutate::test_intron_mutation_plus PASSED       [ 41%]
tests/test_mutate.py::TestMutate::test_inversion_with_overlaps PASSED    [ 42%]
tests/test_mutate.py::TestMutate::test_large_k PASSED                    [ 42%]
tests/test_mutate.py::TestMutate::test_list_of_mutations PASSED          [ 42%]
tests/test_mutate.py::TestMutate::test_multi_deletion PASSED             [ 43%]
tests/test_mutate.py::TestMutate::test_multi_deletion_with_right_repeats PASSED [ 43%]
tests/test_mutate.py::TestMutate::test_multi_delins PASSED               [ 44%]
tests/test_mutate.py::TestMutate::test_multi_delins_with_psuedo_left_repeats PASSED [ 44%]
tests/test_mutate.py::TestMutate::test_multi_delins_with_true_left_repeats PASSED [ 44%]
tests/test_mutate.py::TestMutate::test_multi_delins_with_true_right_repeats PASSED [ 45%]
tests/test_mutate.py::TestMutate::test_multi_dup PASSED                  [ 45%]
tests/test_mutate.py::TestMutate::test_multi_insertion PASSED            [ 46%]
tests/test_mutate.py::TestMutate::test_multi_insertion_with_left_repeats PASSED [ 46%]
tests/test_mutate.py::TestMutate::test_posttranslational_mutation PASSED [ 46%]
tests/test_mutate.py::TestMutate::test_single_deletion PASSED            [ 47%]
tests/test_mutate.py::TestMutate::test_single_deletion_with_left_repeats PASSED [ 47%]
tests/test_mutate.py::TestMutate::test_single_deletion_with_right_repeats PASSED [ 48%]
tests/test_mutate.py::TestMutate::test_single_delins PASSED              [ 48%]
tests/test_mutate.py::TestMutate::test_single_dup PASSED                 [ 48%]
tests/test_mutate.py::TestMutate::test_single_insertion PASSED           [ 49%]
tests/test_mutate.py::TestMutate::test_single_substitution PASSED        [ 49%]
tests/test_mutate.py::TestMutate::test_single_substitution_near_left_end PASSED [ 50%]
tests/test_mutate.py::TestMutate::test_single_substitution_near_right_end PASSED [ 50%]
tests/test_mutate.py::TestMutate::test_uncertain_mutation PASSED         [ 50%]
tests/test_mutate.py::test_csv_of_mutations PASSED                       [ 51%]
tests/test_mutate.py::test_mismatch_error PASSED                         [ 51%]
tests/test_opentargets.py::TestOpenTargets::test_error_opentargets_bad_limit PASSED [ 52%]
tests/test_opentargets.py::TestOpenTargets::test_error_opentargets_bad_resource PASSED [ 52%]
tests/test_opentargets.py::TestOpenTargets::test_error_opentargets_diseases_filter PASSED [ 52%]
tests/test_opentargets.py::TestOpenTargets::test_error_opentargets_drugs_invalid_filter PASSED [ 53%]
tests/test_opentargets.py::TestOpenTargets::test_error_opentargets_nonexistent_id PASSED [ 53%]
tests/test_opentargets.py::TestOpenTargets::test_error_opentargets_tractability_limit PASSED [ 54%]
tests/test_opentargets.py::TestOpenTargets::test_opentargets PASSED      [ 54%]
tests/test_opentargets.py::TestOpenTargets::test_opentargets_depmap PASSED [ 54%]
tests/test_opentargets.py::TestOpenTargets::test_opentargets_depmap_filter PASSED [ 55%]
tests/test_opentargets.py::TestOpenTargets::test_opentargets_drugs PASSED [ 55%]
tests/test_opentargets.py::TestOpenTargets::test_opentargets_drugs_no_limit PASSED [ 56%]
tests/test_opentargets.py::TestOpenTargets::test_opentargets_expression_no_limit PASSED [ 56%]
tests/test_opentargets.py::TestOpenTargets::test_opentargets_interactions_no_limit PASSED [ 56%]
tests/test_opentargets.py::TestOpenTargets::test_opentargets_interactions_simple_filter PASSED [ 57%]
tests/test_opentargets.py::TestOpenTargets::test_opentargets_no_limit PASSED [ 57%]
tests/test_opentargets.py::TestOpenTargets::test_opentargets_no_limit_accurate_coverage PASSED [ 58%]
tests/test_opentargets.py::TestOpenTargets::test_opentargets_pharmacogenetics_filter_or PASSED [ 58%]
tests/test_opentargets.py::TestOpenTargets::test_opentargets_pharmacogenetics_no_limit PASSED [ 58%]
tests/test_opentargets.py::TestOpenTargets::test_opentargets_tractability PASSED [ 59%]
tests/test_pdb.py::TestPDB::test_pdb_assembly FAILED                     [ 59%]
tests/test_pdb.py::TestPDB::test_pdb_pdb PASSED                          [ 60%]
tests/test_ref.py::TestRef::test_ref PASSED                              [ 60%]
tests/test_ref.py::TestRef::test_ref_bad_rel PASSED                      [ 60%]
tests/test_ref.py::TestRef::test_ref_bad_species FAILED                  [ 61%]
tests/test_ref.py::TestRef::test_ref_bad_which PASSED                    [ 61%]
tests/test_ref.py::TestRef::test_ref_ftp PASSED                          [ 62%]
tests/test_ref.py::TestRef::test_ref_list PASSED                         [ 62%]
tests/test_ref.py::TestRef::test_ref_plant FAILED                        [ 62%]
tests/test_ref.py::TestRef::test_ref_rel PASSED                          [ 63%]
tests/test_ref.py::TestRef::test_ref_rel_ftp PASSED                      [ 63%]
tests/test_ref.py::TestRef::test_ref_rel_ftp_octopus FAILED              [ 64%]
tests/test_ref.py::TestRef::test_ref_rel_protist FAILED                  [ 64%]

=================================== FAILURES ===================================
__________________________ TestPDB.test_pdb_assembly ___________________________

self = <tests.test_pdb.TestPDB testMethod=test_pdb_assembly>

    def test_pdb_assembly(self):
        test = "test1"
        expected_result = pdb_dict[test]["expected_result"]
        result_to_test = pdb(**pdb_dict[test]["args"])
    
>       self.assertEqual(result_to_test, expected_result)
E       AssertionError: {'pdb[2345 chars]: 2316.9225073146845, 'total_number_interface_[977 chars]2.2'} != {'pdb[2345 chars]: 2315.334008113287, 'total_number_interface_r[976 chars]1.1'}
E         {'pdbx_struct_assembly': {'details': 'author_and_software_defined_assembly',
E                                   'id': '1',
E                                   'method_details': 'PISA',
E                                   'oligomeric_count': 3,
E                                   'oligomeric_details': 'trimeric',
E                                   'rcsb_candidate_assembly': 'Y',
E                                   'rcsb_details': 'author_and_software_defined_assembly'},
E          'pdbx_struct_assembly_gen': [{'assembly_id': '1',
E                                        'asym_id_list': ['A',
E                                                         'B',
E                                                         'C',
E                                                         'G',
E                                                         'H',
E                                                         'I',
E                                                         'J',
E                                                         'K',
E                                                         'O',
E                                                         'P',
E                                                         'Q'],
E                                        'oper_expression': '1',
E                                        'ordinal': 1}],
E          'pdbx_struct_oper_list': [{'id': '1',
E                                     'matrix11': 1.0,
E                                     'matrix12': 0.0,
E                                     'matrix13': 0.0,
E                                     'matrix21': 0.0,
E                                     'matrix22': 1.0,
E                                     'matrix23': 0.0,
E                                     'matrix31': 0.0,
E                                     'matrix32': 0.0,
E                                     'matrix33': 1.0,
E                                     'name': '1_555',
E                                     'symmetry_operation': 'x,y,z',
E                                     'type': 'identity operation',
E                                     'vector1': 0.0,
E                                     'vector2': 0.0,
E                                     'vector3': 0.0}],
E          'rcsb_assembly_container_identifiers': {'assembly_id': '1',
E                                                  'entry_id': '1RH7',
E                                                  'interface_ids': ['1', '2', '3'],
E                                                  'rcsb_id': '1RH7-1'},
E          'rcsb_assembly_info': {'assembly_id': '1',
E                                 'atom_count': 1762,
E                                 'branched_atom_count': 0,
E                                 'branched_entity_count': 0,
E                                 'branched_entity_instance_count': 0,
E                                 'deuterated_water_count': 0,
E                                 'entry_id': '1RH7',
E                                 'hydrogen_atom_count': 0,
E                                 'modeled_polymer_monomer_count': 243,
E                                 'na_polymer_entity_types': 'Other',
E                                 'nonpolymer_atom_count': 29,
E                                 'nonpolymer_entity_count': 2,
E                                 'nonpolymer_entity_instance_count': 5,
E                                 'num_heterologous_interface_entities': 0,
E                                 'num_heteromeric_interface_entities': 0,
E                                 'num_homomeric_interface_entities': 1,
E                                 'num_interface_entities': 1,
E                                 'num_interfaces': 3,
E                                 'num_isologous_interface_entities': 1,
E                                 'num_na_interface_entities': 0,
E                                 'num_prot_na_interface_entities': 0,
E                                 'num_protein_interface_entities': 1,
E                                 'polymer_atom_count': 1658,
E                                 'polymer_composition': 'homomeric protein',
E                                 'polymer_entity_count': 1,
E                                 'polymer_entity_count_dna': 0,
E                                 'polymer_entity_count_nucleic_acid': 0,
E                                 'polymer_entity_count_nucleic_acid_hybrid': 0,
E                                 'polymer_entity_count_protein': 1,
E                                 'polymer_entity_count_rna': 0,
E                                 'polymer_entity_instance_count': 3,
E                                 'polymer_entity_instance_count_dna': 0,
E                                 'polymer_entity_instance_count_nucleic_acid': 0,
E                                 'polymer_entity_instance_count_nucleic_acid_hybrid': 0,
E                                 'polymer_entity_instance_count_protein': 3,
E                                 'polymer_entity_instance_count_rna': 0,
E                                 'polymer_monomer_count': 243,
E                                 'selected_polymer_entity_types': 'Protein (only)',
E                                 'solvent_atom_count': 75,
E                                 'solvent_entity_count': 1,
E                                 'solvent_entity_instance_count': 3,
E       -                         'total_assembly_buried_surface_area': 2316.9225073146845,
E       ?                                                                  ^ ^ ^^^ -------
E       
E       +                         'total_assembly_buried_surface_area': 2315.334008113287,
E       ?                                                                  ^ ^^^^^^^^^ ^
E       
E       -                         'total_number_interface_residues': 160,
E       ?                                                              ^
E       
E       +                         'total_number_interface_residues': 161,
E       ?                                                              ^
E       
E                                 'unmodeled_polymer_monomer_count': 0},
E          'rcsb_id': '1RH7-1',
E          'rcsb_struct_symmetry': [{'clusters': [{'avg_rmsd': 0.8418294327358263,
E                                                  'members': [{'asym_id': 'A',
E                                                               'pdbx_struct_oper_list_ids': ['1']},
E                                                              {'asym_id': 'C',
E                                                               'pdbx_struct_oper_list_ids': ['1']},
E                                                              {'asym_id': 'B',
E                                                               'pdbx_struct_oper_list_ids': ['1']}]}],
E                                    'kind': 'Global Symmetry',
E                                    'oligomeric_state': 'Homo 3-mer',
E                                    'rotation_axes': [{'end': [13.473746075056361,
E                                                               41.0962265805248,
E                                                               -5.777587727129287],
E                                                       'order': 3,
E                                                       'start': [13.838143875349235,
E                                                                 28.581996104345052,
E                                                                 78.43743587115125]}],
E                                    'stoichiometry': ['A3'],
E                                    'symbol': 'C3',
E                                    'type': 'Cyclic'}],
E          'rcsb_struct_symmetry_lineage': [{'depth': 0,
E                                            'id': 'Global Symmetry',
E                                            'name': 'Global Symmetry'},
E                                           {'depth': 2,
E                                            'id': 'Global Symmetry.Cyclic.C3',
E                                            'name': 'C3'},
E                                           {'depth': 3,
E                                            'id': 'Global Symmetry.Cyclic.C3.Homo 3-mer',
E                                            'name': 'Homo 3-mer'},
E                                           {'depth': 1,
E                                            'id': 'Global Symmetry.Cyclic',
E                                            'name': 'Cyclic'}],
E       -  'rcsb_struct_symmetry_provenance_code': 'biojava-7.2.2'}
E       ?                                                     ^ ^
E       
E       +  'rcsb_struct_symmetry_provenance_code': 'biojava-7.1.1'}
E       ?                                                     ^ ^

tests/test_pdb.py:19: AssertionError
_________________________ TestRef.test_ref_bad_species _________________________

self = <HTTPConnection(host='ftp.ensemblgenomes.org', port=80) at 0x7fe799be7410>

    def _new_conn(self) -> socket.socket:
        """Establish a socket connection and set nodelay settings on it.
    
        :return: New socket connection.
        """
        try:
>           sock = connection.create_connection(
                (self._dns_host, self.port),
                self.timeout,
                source_address=self.source_address,
                socket_options=self.socket_options,
            )

/opt/hostedtoolcache/Python/3.12.12/x64/lib/python3.12/site-packages/urllib3/connection.py:204: 
_ _ _ _ _ _ _ _ _ _ _ _ _ _ _ _ _ _ _ _ _ _ _ _ _ _ _ _ _ _ _ _ _ _ _ _ _ _ _ _ 

address = ('ftp.ensemblgenomes.org', 80), timeout = None, source_address = None
socket_options = [(6, 1, 1)]

    def create_connection(
        address: tuple[str, int],
        timeout: _TYPE_TIMEOUT = _DEFAULT_TIMEOUT,
        source_address: tuple[str, int] | None = None,
        socket_options: _TYPE_SOCKET_OPTIONS | None = None,
    ) -> socket.socket:
        """Connect to *address* and return the socket object.
    
        Convenience function.  Connect to *address* (a 2-tuple ``(host,
        port)``) and return the socket object.  Passing the optional
        *timeout* parameter will set the timeout on the socket instance
        before attempting to connect.  If no *timeout* is supplied, the
        global default timeout setting returned by :func:`socket.getdefaulttimeout`
        is used.  If *source_address* is set it must be a tuple of (host, port)
        for the socket to bind as a source address before making the connection.
        An host of '' or port 0 tells the OS to use the default.
        """
    
        host, port = address
        if host.startswith("["):
            host = host.strip("[]")
        err = None
    
        # Using the value from allowed_gai_family() in the context of getaddrinfo lets
        # us select whether to work with IPv4 DNS records, IPv6 records, or both.
        # The original create_connection function always returns all records.
        family = allowed_gai_family()
    
        try:
            host.encode("idna")
        except UnicodeError:
            raise LocationParseError(f"'{host}', label empty or too long") from None
    
        for res in socket.getaddrinfo(host, port, family, socket.SOCK_STREAM):
            af, socktype, proto, canonname, sa = res
            sock = None
            try:
                sock = socket.socket(af, socktype, proto)
    
                # If provided, set socket level options before connecting.
                _set_socket_options(sock, socket_options)
    
                if timeout is not _DEFAULT_TIMEOUT:
                    sock.settimeout(timeout)
                if source_address:
                    sock.bind(source_address)
                sock.connect(sa)
                # Break explicitly a reference cycle
                err = None
                return sock
    
            except OSError as _:
                err = _
                if sock is not None:
                    sock.close()
    
        if err is not None:
            try:
>               raise err

/opt/hostedtoolcache/Python/3.12.12/x64/lib/python3.12/site-packages/urllib3/util/connection.py:85: 
_ _ _ _ _ _ _ _ _ _ _ _ _ _ _ _ _ _ _ _ _ _ _ _ _ _ _ _ _ _ _ _ _ _ _ _ _ _ _ _ 

address = ('ftp.ensemblgenomes.org', 80), timeout = None, source_address = None
socket_options = [(6, 1, 1)]

    def create_connection(
        address: tuple[str, int],
        timeout: _TYPE_TIMEOUT = _DEFAULT_TIMEOUT,
        source_address: tuple[str, int] | None = None,
        socket_options: _TYPE_SOCKET_OPTIONS | None = None,
    ) -> socket.socket:
        """Connect to *address* and return the socket object.
    
        Convenience function.  Connect to *address* (a 2-tuple ``(host,
        port)``) and return the socket object.  Passing the optional
        *timeout* parameter will set the timeout on the socket instance
        before attempting to connect.  If no *timeout* is supplied, the
        global default timeout setting returned by :func:`socket.getdefaulttimeout`
        is used.  If *source_address* is set it must be a tuple of (host, port)
        for the socket to bind as a source address before making the connection.
        An host of '' or port 0 tells the OS to use the default.
        """
    
        host, port = address
        if host.startswith("["):
            host = host.strip("[]")
        err = None
    
        # Using the value from allowed_gai_family() in the context of getaddrinfo lets
        # us select whether to work with IPv4 DNS records, IPv6 records, or both.
        # The original create_connection function always returns all records.
        family = allowed_gai_family()
    
        try:
            host.encode("idna")
        except UnicodeError:
            raise LocationParseError(f"'{host}', label empty or too long") from None
    
        for res in socket.getaddrinfo(host, port, family, socket.SOCK_STREAM):
            af, socktype, proto, canonname, sa = res
            sock = None
            try:
                sock = socket.socket(af, socktype, proto)
    
                # If provided, set socket level options before connecting.
                _set_socket_options(sock, socket_options)
    
                if timeout is not _DEFAULT_TIMEOUT:
                    sock.settimeout(timeout)
                if source_address:
                    sock.bind(source_address)
>               sock.connect(sa)
E               ConnectionRefusedError: [Errno 111] Connection refused

/opt/hostedtoolcache/Python/3.12.12/x64/lib/python3.12/site-packages/urllib3/util/connection.py:73: ConnectionRefusedError

The above exception was the direct cause of the following exception:

self = <urllib3.connectionpool.HTTPConnectionPool object at 0x7fe799be75f0>
method = 'GET', url = '/pub/VERSION', body = None
headers = {'User-Agent': 'python-requests/2.32.5', 'Accept-Encoding': 'gzip, deflate', 'Accept': '*/*', 'Connection': 'keep-alive'}
retries = Retry(total=0, connect=None, read=False, redirect=None, status=None)
redirect = False, assert_same_host = False
timeout = Timeout(connect=None, read=None, total=None), pool_timeout = None
release_conn = False, chunked = False, body_pos = None, preload_content = False
decode_content = False, response_kw = {}
parsed_url = Url(scheme=None, auth=None, host=None, port=None, path='/pub/VERSION', query=None, fragment=None)
destination_scheme = None, conn = None, release_this_conn = True
http_tunnel_required = False, err = None, clean_exit = False

    def urlopen(  # type: ignore[override]
        self,
        method: str,
        url: str,
        body: _TYPE_BODY | None = None,
        headers: typing.Mapping[str, str] | None = None,
        retries: Retry | bool | int | None = None,
        redirect: bool = True,
        assert_same_host: bool = True,
        timeout: _TYPE_TIMEOUT = _DEFAULT_TIMEOUT,
        pool_timeout: int | None = None,
        release_conn: bool | None = None,
        chunked: bool = False,
        body_pos: _TYPE_BODY_POSITION | None = None,
        preload_content: bool = True,
        decode_content: bool = True,
        **response_kw: typing.Any,
    ) -> BaseHTTPResponse:
        """
        Get a connection from the pool and perform an HTTP request. This is the
        lowest level call for making a request, so you'll need to specify all
        the raw details.
    
        .. note::
    
           More commonly, it's appropriate to use a convenience method
           such as :meth:`request`.
    
        .. note::
    
           `release_conn` will only behave as expected if
           `preload_content=False` because we want to make
           `preload_content=False` the default behaviour someday soon without
           breaking backwards compatibility.
    
        :param method:
            HTTP request method (such as GET, POST, PUT, etc.)
    
        :param url:
            The URL to perform the request on.
    
        :param body:
            Data to send in the request body, either :class:`str`, :class:`bytes`,
            an iterable of :class:`str`/:class:`bytes`, or a file-like object.
    
        :param headers:
            Dictionary of custom headers to send, such as User-Agent,
            If-None-Match, etc. If None, pool headers are used. If provided,
            these headers completely replace any pool-specific headers.
    
        :param retries:
            Configure the number of retries to allow before raising a
            :class:`~urllib3.exceptions.MaxRetryError` exception.
    
            If ``None`` (default) will retry 3 times, see ``Retry.DEFAULT``. Pass a
            :class:`~urllib3.util.retry.Retry` object for fine-grained control
            over different types of retries.
            Pass an integer number to retry connection errors that many times,
            but no other types of errors. Pass zero to never retry.
    
            If ``False``, then retries are disabled and any exception is raised
            immediately. Also, instead of raising a MaxRetryError on redirects,
            the redirect response will be returned.
    
        :type retries: :class:`~urllib3.util.retry.Retry`, False, or an int.
    
        :param redirect:
            If True, automatically handle redirects (status codes 301, 302,
            303, 307, 308). Each redirect counts as a retry. Disabling retries
            will disable redirect, too.
    
        :param assert_same_host:
            If ``True``, will make sure that the host of the pool requests is
            consistent else will raise HostChangedError. When ``False``, you can
            use the pool on an HTTP proxy and request foreign hosts.
    
        :param timeout:
            If specified, overrides the default timeout for this one
            request. It may be a float (in seconds) or an instance of
            :class:`urllib3.util.Timeout`.
    
        :param pool_timeout:
            If set and the pool is set to block=True, then this method will
            block for ``pool_timeout`` seconds and raise EmptyPoolError if no
            connection is available within the time period.
    
        :param bool preload_content:
            If True, the response's body will be preloaded into memory.
    
        :param bool decode_content:
            If True, will attempt to decode the body based on the
            'content-encoding' header.
    
        :param release_conn:
            If False, then the urlopen call will not release the connection
            back into the pool once a response is received (but will release if
            you read the entire contents of the response such as when
            `preload_content=True`). This is useful if you're not preloading
            the response's content immediately. You will need to call
            ``r.release_conn()`` on the response ``r`` to return the connection
            back into the pool. If None, it takes the value of ``preload_content``
            which defaults to ``True``.
    
        :param bool chunked:
            If True, urllib3 will send the body using chunked transfer
            encoding. Otherwise, urllib3 will send the body using the standard
            content-length form. Defaults to False.
    
        :param int body_pos:
            Position to seek to in file-like body in the event of a retry or
            redirect. Typically this won't need to be set because urllib3 will
            auto-populate the value when needed.
        """
        parsed_url = parse_url(url)
        destination_scheme = parsed_url.scheme
    
        if headers is None:
            headers = self.headers
    
        if not isinstance(retries, Retry):
            retries = Retry.from_int(retries, redirect=redirect, default=self.retries)
    
        if release_conn is None:
            release_conn = preload_content
    
        # Check host
        if assert_same_host and not self.is_same_host(url):
            raise HostChangedError(self, url, retries)
    
        # Ensure that the URL we're connecting to is properly encoded
        if url.startswith("/"):
            url = to_str(_encode_target(url))
        else:
            url = to_str(parsed_url.url)
    
        conn = None
    
        # Track whether `conn` needs to be released before
        # returning/raising/recursing. Update this variable if necessary, and
        # leave `release_conn` constant throughout the function. That way, if
        # the function recurses, the original value of `release_conn` will be
        # passed down into the recursive call, and its value will be respected.
        #
        # See issue #651 [1] for details.
        #
        # [1] <https://github.com/urllib3/urllib3/issues/651>
        release_this_conn = release_conn
    
        http_tunnel_required = connection_requires_http_tunnel(
            self.proxy, self.proxy_config, destination_scheme
        )
    
        # Merge the proxy headers. Only done when not using HTTP CONNECT. We
        # have to copy the headers dict so we can safely change it without those
        # changes being reflected in anyone else's copy.
        if not http_tunnel_required:
            headers = headers.copy()  # type: ignore[attr-defined]
            headers.update(self.proxy_headers)  # type: ignore[union-attr]
    
        # Must keep the exception bound to a separate variable or else Python 3
        # complains about UnboundLocalError.
        err = None
    
        # Keep track of whether we cleanly exited the except block. This
        # ensures we do proper cleanup in finally.
        clean_exit = False
    
        # Rewind body position, if needed. Record current position
        # for future rewinds in the event of a redirect/retry.
        body_pos = set_file_position(body, body_pos)
    
        try:
            # Request a connection from the queue.
            timeout_obj = self._get_timeout(timeout)
            conn = self._get_conn(timeout=pool_timeout)
    
            conn.timeout = timeout_obj.connect_timeout  # type: ignore[assignment]
    
            # Is this a closed/new connection that requires CONNECT tunnelling?
            if self.proxy is not None and http_tunnel_required and conn.is_closed:
                try:
                    self._prepare_proxy(conn)
                except (BaseSSLError, OSError, SocketTimeout) as e:
                    self._raise_timeout(
                        err=e, url=self.proxy.url, timeout_value=conn.timeout
                    )
                    raise
    
            # If we're going to release the connection in ``finally:``, then
            # the response doesn't need to know about the connection. Otherwise
            # it will also try to release it and we'll have a double-release
            # mess.
            response_conn = conn if not release_conn else None
    
            # Make the request on the HTTPConnection object
>           response = self._make_request(
                conn,
                method,
                url,
                timeout=timeout_obj,
                body=body,
                headers=headers,
                chunked=chunked,
                retries=retries,
                response_conn=response_conn,
                preload_content=preload_content,
                decode_content=decode_content,
                **response_kw,
            )

/opt/hostedtoolcache/Python/3.12.12/x64/lib/python3.12/site-packages/urllib3/connectionpool.py:787: 
_ _ _ _ _ _ _ _ _ _ _ _ _ _ _ _ _ _ _ _ _ _ _ _ _ _ _ _ _ _ _ _ _ _ _ _ _ _ _ _ 

self = <urllib3.connectionpool.HTTPConnectionPool object at 0x7fe799be75f0>
conn = <HTTPConnection(host='ftp.ensemblgenomes.org', port=80) at 0x7fe799be7410>
method = 'GET', url = '/pub/VERSION', body = None
headers = {'User-Agent': 'python-requests/2.32.5', 'Accept-Encoding': 'gzip, deflate', 'Accept': '*/*', 'Connection': 'keep-alive'}
retries = Retry(total=0, connect=None, read=False, redirect=None, status=None)
timeout = Timeout(connect=None, read=None, total=None), chunked = False
response_conn = <HTTPConnection(host='ftp.ensemblgenomes.org', port=80) at 0x7fe799be7410>
preload_content = False, decode_content = False, enforce_content_length = True

    def _make_request(
        self,
        conn: BaseHTTPConnection,
        method: str,
        url: str,
        body: _TYPE_BODY | None = None,
        headers: typing.Mapping[str, str] | None = None,
        retries: Retry | None = None,
        timeout: _TYPE_TIMEOUT = _DEFAULT_TIMEOUT,
        chunked: bool = False,
        response_conn: BaseHTTPConnection | None = None,
        preload_content: bool = True,
        decode_content: bool = True,
        enforce_content_length: bool = True,
    ) -> BaseHTTPResponse:
        """
        Perform a request on a given urllib connection object taken from our
        pool.
    
        :param conn:
            a connection from one of our connection pools
    
        :param method:
            HTTP request method (such as GET, POST, PUT, etc.)
    
        :param url:
            The URL to perform the request on.
    
        :param body:
            Data to send in the request body, either :class:`str`, :class:`bytes`,
            an iterable of :class:`str`/:class:`bytes`, or a file-like object.
    
        :param headers:
            Dictionary of custom headers to send, such as User-Agent,
            If-None-Match, etc. If None, pool headers are used. If provided,
            these headers completely replace any pool-specific headers.
    
        :param retries:
            Configure the number of retries to allow before raising a
            :class:`~urllib3.exceptions.MaxRetryError` exception.
    
            Pass ``None`` to retry until you receive a response. Pass a
            :class:`~urllib3.util.retry.Retry` object for fine-grained control
            over different types of retries.
            Pass an integer number to retry connection errors that many times,
            but no other types of errors. Pass zero to never retry.
    
            If ``False``, then retries are disabled and any exception is raised
            immediately. Also, instead of raising a MaxRetryError on redirects,
            the redirect response will be returned.
    
        :type retries: :class:`~urllib3.util.retry.Retry`, False, or an int.
    
        :param timeout:
            If specified, overrides the default timeout for this one
            request. It may be a float (in seconds) or an instance of
            :class:`urllib3.util.Timeout`.
    
        :param chunked:
            If True, urllib3 will send the body using chunked transfer
            encoding. Otherwise, urllib3 will send the body using the standard
            content-length form. Defaults to False.
    
        :param response_conn:
            Set this to ``None`` if you will handle releasing the connection or
            set the connection to have the response release it.
    
        :param preload_content:
          If True, the response's body will be preloaded during construction.
    
        :param decode_content:
            If True, will attempt to decode the body based on the
            'content-encoding' header.
    
        :param enforce_content_length:
            Enforce content length checking. Body returned by server must match
            value of Content-Length header, if present. Otherwise, raise error.
        """
        self.num_requests += 1
    
        timeout_obj = self._get_timeout(timeout)
        timeout_obj.start_connect()
        conn.timeout = Timeout.resolve_default_timeout(timeout_obj.connect_timeout)
    
        try:
            # Trigger any extra validation we need to do.
            try:
                self._validate_conn(conn)
            except (SocketTimeout, BaseSSLError) as e:
                self._raise_timeout(err=e, url=url, timeout_value=conn.timeout)
                raise
    
        # _validate_conn() starts the connection to an HTTPS proxy
        # so we need to wrap errors with 'ProxyError' here too.
        except (
            OSError,
            NewConnectionError,
            TimeoutError,
            BaseSSLError,
            CertificateError,
            SSLError,
        ) as e:
            new_e: Exception = e
            if isinstance(e, (BaseSSLError, CertificateError)):
                new_e = SSLError(e)
            # If the connection didn't successfully connect to it's proxy
            # then there
            if isinstance(
                new_e, (OSError, NewConnectionError, TimeoutError, SSLError)
            ) and (conn and conn.proxy and not conn.has_connected_to_proxy):
                new_e = _wrap_proxy_error(new_e, conn.proxy.scheme)
            raise new_e
    
        # conn.request() calls http.client.*.request, not the method in
        # urllib3.request. It also calls makefile (recv) on the socket.
        try:
>           conn.request(
                method,
                url,
                body=body,
                headers=headers,
                chunked=chunked,
                preload_content=preload_content,
                decode_content=decode_content,
                enforce_content_length=enforce_content_length,
            )

/opt/hostedtoolcache/Python/3.12.12/x64/lib/python3.12/site-packages/urllib3/connectionpool.py:493: 
_ _ _ _ _ _ _ _ _ _ _ _ _ _ _ _ _ _ _ _ _ _ _ _ _ _ _ _ _ _ _ _ _ _ _ _ _ _ _ _ 

self = <HTTPConnection(host='ftp.ensemblgenomes.org', port=80) at 0x7fe799be7410>
method = 'GET', url = '/pub/VERSION', body = None
headers = {'User-Agent': 'python-requests/2.32.5', 'Accept-Encoding': 'gzip, deflate', 'Accept': '*/*', 'Connection': 'keep-alive'}

    def request(  # type: ignore[override]
        self,
        method: str,
        url: str,
        body: _TYPE_BODY | None = None,
        headers: typing.Mapping[str, str] | None = None,
        *,
        chunked: bool = False,
        preload_content: bool = True,
        decode_content: bool = True,
        enforce_content_length: bool = True,
    ) -> None:
        # Update the inner socket's timeout value to send the request.
        # This only triggers if the connection is re-used.
        if self.sock is not None:
            self.sock.settimeout(self.timeout)
    
        # Store these values to be fed into the HTTPResponse
        # object later. TODO: Remove this in favor of a real
        # HTTP lifecycle mechanism.
    
        # We have to store these before we call .request()
        # because sometimes we can still salvage a response
        # off the wire even if we aren't able to completely
        # send the request body.
        self._response_options = _ResponseOptions(
            request_method=method,
            request_url=url,
            preload_content=preload_content,
            decode_content=decode_content,
            enforce_content_length=enforce_content_length,
        )
    
        if headers is None:
            headers = {}
        header_keys = frozenset(to_str(k.lower()) for k in headers)
        skip_accept_encoding = "accept-encoding" in header_keys
        skip_host = "host" in header_keys
        self.putrequest(
            method, url, skip_accept_encoding=skip_accept_encoding, skip_host=skip_host
        )
    
        # Transform the body into an iterable of sendall()-able chunks
        # and detect if an explicit Content-Length is doable.
        chunks_and_cl = body_to_chunks(body, method=method, blocksize=self.blocksize)
        chunks = chunks_and_cl.chunks
        content_length = chunks_and_cl.content_length
    
        # When chunked is explicit set to 'True' we respect that.
        if chunked:
            if "transfer-encoding" not in header_keys:
                self.putheader("Transfer-Encoding", "chunked")
        else:
            # Detect whether a framing mechanism is already in use. If so
            # we respect that value, otherwise we pick chunked vs content-length
            # depending on the type of 'body'.
            if "content-length" in header_keys:
                chunked = False
            elif "transfer-encoding" in header_keys:
                chunked = True
    
            # Otherwise we go off the recommendation of 'body_to_chunks()'.
            else:
                chunked = False
                if content_length is None:
                    if chunks is not None:
                        chunked = True
                        self.putheader("Transfer-Encoding", "chunked")
                else:
                    self.putheader("Content-Length", str(content_length))
    
        # Now that framing headers are out of the way we send all the other headers.
        if "user-agent" not in header_keys:
            self.putheader("User-Agent", _get_default_user_agent())
        for header, value in headers.items():
            self.putheader(header, value)
>       self.endheaders()

/opt/hostedtoolcache/Python/3.12.12/x64/lib/python3.12/site-packages/urllib3/connection.py:500: 
_ _ _ _ _ _ _ _ _ _ _ _ _ _ _ _ _ _ _ _ _ _ _ _ _ _ _ _ _ _ _ _ _ _ _ _ _ _ _ _ 

self = <HTTPConnection(host='ftp.ensemblgenomes.org', port=80) at 0x7fe799be7410>
message_body = None

    def endheaders(self, message_body=None, *, encode_chunked=False):
        """Indicate that the last header line has been sent to the server.
    
        This method sends the request to the server.  The optional message_body
        argument can be used to pass a message body associated with the
        request.
        """
        if self.__state == _CS_REQ_STARTED:
            self.__state = _CS_REQ_SENT
        else:
            raise CannotSendHeader()
>       self._send_output(message_body, encode_chunked=encode_chunked)

/opt/hostedtoolcache/Python/3.12.12/x64/lib/python3.12/http/client.py:1333: 
_ _ _ _ _ _ _ _ _ _ _ _ _ _ _ _ _ _ _ _ _ _ _ _ _ _ _ _ _ _ _ _ _ _ _ _ _ _ _ _ 

self = <HTTPConnection(host='ftp.ensemblgenomes.org', port=80) at 0x7fe799be7410>
message_body = None, encode_chunked = False

    def _send_output(self, message_body=None, encode_chunked=False):
        """Send the currently buffered request and clear the buffer.
    
        Appends an extra \\r\\n to the buffer.
        A message_body may be specified, to be appended to the request.
        """
        self._buffer.extend((b"", b""))
        msg = b"\r\n".join(self._buffer)
        del self._buffer[:]
>       self.send(msg)

/opt/hostedtoolcache/Python/3.12.12/x64/lib/python3.12/http/client.py:1093: 
_ _ _ _ _ _ _ _ _ _ _ _ _ _ _ _ _ _ _ _ _ _ _ _ _ _ _ _ _ _ _ _ _ _ _ _ _ _ _ _ 

self = <HTTPConnection(host='ftp.ensemblgenomes.org', port=80) at 0x7fe799be7410>
data = b'GET /pub/VERSION HTTP/1.1\r\nHost: ftp.ensemblgenomes.org\r\nUser-Agent: python-requests/2.32.5\r\nAccept-Encoding: gzip, deflate\r\nAccept: */*\r\nConnection: keep-alive\r\n\r\n'

    def send(self, data):
        """Send `data' to the server.
        ``data`` can be a string object, a bytes object, an array object, a
        file-like object that supports a .read() method, or an iterable object.
        """
    
        if self.sock is None:
            if self.auto_open:
>               self.connect()

/opt/hostedtoolcache/Python/3.12.12/x64/lib/python3.12/http/client.py:1037: 
_ _ _ _ _ _ _ _ _ _ _ _ _ _ _ _ _ _ _ _ _ _ _ _ _ _ _ _ _ _ _ _ _ _ _ _ _ _ _ _ 

self = <HTTPConnection(host='ftp.ensemblgenomes.org', port=80) at 0x7fe799be7410>

    def connect(self) -> None:
>       self.sock = self._new_conn()
                    ^^^^^^^^^^^^^^^^

/opt/hostedtoolcache/Python/3.12.12/x64/lib/python3.12/site-packages/urllib3/connection.py:331: 
_ _ _ _ _ _ _ _ _ _ _ _ _ _ _ _ _ _ _ _ _ _ _ _ _ _ _ _ _ _ _ _ _ _ _ _ _ _ _ _ 

self = <HTTPConnection(host='ftp.ensemblgenomes.org', port=80) at 0x7fe799be7410>

    def _new_conn(self) -> socket.socket:
        """Establish a socket connection and set nodelay settings on it.
    
        :return: New socket connection.
        """
        try:
            sock = connection.create_connection(
                (self._dns_host, self.port),
                self.timeout,
                source_address=self.source_address,
                socket_options=self.socket_options,
            )
        except socket.gaierror as e:
            raise NameResolutionError(self.host, self, e) from e
        except SocketTimeout as e:
            raise ConnectTimeoutError(
                self,
                f"Connection to {self.host} timed out. (connect timeout={self.timeout})",
            ) from e
    
        except OSError as e:
>           raise NewConnectionError(
                self, f"Failed to establish a new connection: {e}"
            ) from e
E           urllib3.exceptions.NewConnectionError: HTTPConnection(host='ftp.ensemblgenomes.org', port=80): Failed to establish a new connection: [Errno 111] Connection refused

/opt/hostedtoolcache/Python/3.12.12/x64/lib/python3.12/site-packages/urllib3/connection.py:219: NewConnectionError

The above exception was the direct cause of the following exception:

    def send(
        self, request, stream=False, timeout=None, verify=True, cert=None, proxies=None
    ):
        """Sends PreparedRequest object. Returns Response object.
    
        :param request: The :class:`PreparedRequest <PreparedRequest>` being sent.
        :param stream: (optional) Whether to stream the request content.
        :param timeout: (optional) How long to wait for the server to send
            data before giving up, as a float, or a :ref:`(connect timeout,
            read timeout) <timeouts>` tuple.
        :type timeout: float or tuple or urllib3 Timeout object
        :param verify: (optional) Either a boolean, in which case it controls whether
            we verify the server's TLS certificate, or a string, in which case it
            must be a path to a CA bundle to use
        :param cert: (optional) Any user-provided SSL certificate to be trusted.
        :param proxies: (optional) The proxies dictionary to apply to the request.
        :rtype: requests.Response
        """
    
        try:
            conn = self.get_connection_with_tls_context(
                request, verify, proxies=proxies, cert=cert
            )
        except LocationValueError as e:
            raise InvalidURL(e, request=request)
    
        self.cert_verify(conn, request.url, verify, cert)
        url = self.request_url(request, proxies)
        self.add_headers(
            request,
            stream=stream,
            timeout=timeout,
            verify=verify,
            cert=cert,
            proxies=proxies,
        )
    
        chunked = not (request.body is None or "Content-Length" in request.headers)
    
        if isinstance(timeout, tuple):
            try:
                connect, read = timeout
                timeout = TimeoutSauce(connect=connect, read=read)
            except ValueError:
                raise ValueError(
                    f"Invalid timeout {timeout}. Pass a (connect, read) timeout tuple, "
                    f"or a single float to set both timeouts to the same value."
                )
        elif isinstance(timeout, TimeoutSauce):
            pass
        else:
            timeout = TimeoutSauce(connect=timeout, read=timeout)
    
        try:
>           resp = conn.urlopen(
                method=request.method,
                url=url,
                body=request.body,
                headers=request.headers,
                redirect=False,
                assert_same_host=False,
                preload_content=False,
                decode_content=False,
                retries=self.max_retries,
                timeout=timeout,
                chunked=chunked,
            )

/opt/hostedtoolcache/Python/3.12.12/x64/lib/python3.12/site-packages/requests/adapters.py:644: 
_ _ _ _ _ _ _ _ _ _ _ _ _ _ _ _ _ _ _ _ _ _ _ _ _ _ _ _ _ _ _ _ _ _ _ _ _ _ _ _ 

self = <urllib3.connectionpool.HTTPConnectionPool object at 0x7fe799be75f0>
method = 'GET', url = '/pub/VERSION', body = None
headers = {'User-Agent': 'python-requests/2.32.5', 'Accept-Encoding': 'gzip, deflate', 'Accept': '*/*', 'Connection': 'keep-alive'}
retries = Retry(total=0, connect=None, read=False, redirect=None, status=None)
redirect = False, assert_same_host = False
timeout = Timeout(connect=None, read=None, total=None), pool_timeout = None
release_conn = False, chunked = False, body_pos = None, preload_content = False
decode_content = False, response_kw = {}
parsed_url = Url(scheme=None, auth=None, host=None, port=None, path='/pub/VERSION', query=None, fragment=None)
destination_scheme = None, conn = None, release_this_conn = True
http_tunnel_required = False, err = None, clean_exit = False

    def urlopen(  # type: ignore[override]
        self,
        method: str,
        url: str,
        body: _TYPE_BODY | None = None,
        headers: typing.Mapping[str, str] | None = None,
        retries: Retry | bool | int | None = None,
        redirect: bool = True,
        assert_same_host: bool = True,
        timeout: _TYPE_TIMEOUT = _DEFAULT_TIMEOUT,
        pool_timeout: int | None = None,
        release_conn: bool | None = None,
        chunked: bool = False,
        body_pos: _TYPE_BODY_POSITION | None = None,
        preload_content: bool = True,
        decode_content: bool = True,
        **response_kw: typing.Any,
    ) -> BaseHTTPResponse:
        """
        Get a connection from the pool and perform an HTTP request. This is the
        lowest level call for making a request, so you'll need to specify all
        the raw details.
    
        .. note::
    
           More commonly, it's appropriate to use a convenience method
           such as :meth:`request`.
    
        .. note::
    
           `release_conn` will only behave as expected if
           `preload_content=False` because we want to make
           `preload_content=False` the default behaviour someday soon without
           breaking backwards compatibility.
    
        :param method:
            HTTP request method (such as GET, POST, PUT, etc.)
    
        :param url:
            The URL to perform the request on.
    
        :param body:
            Data to send in the request body, either :class:`str`, :class:`bytes`,
            an iterable of :class:`str`/:class:`bytes`, or a file-like object.
    
        :param headers:
            Dictionary of custom headers to send, such as User-Agent,
            If-None-Match, etc. If None, pool headers are used. If provided,
            these headers completely replace any pool-specific headers.
    
        :param retries:
            Configure the number of retries to allow before raising a
            :class:`~urllib3.exceptions.MaxRetryError` exception.
    
            If ``None`` (default) will retry 3 times, see ``Retry.DEFAULT``. Pass a
            :class:`~urllib3.util.retry.Retry` object for fine-grained control
            over different types of retries.
            Pass an integer number to retry connection errors that many times,
            but no other types of errors. Pass zero to never retry.
    
            If ``False``, then retries are disabled and any exception is raised
            immediately. Also, instead of raising a MaxRetryError on redirects,
            the redirect response will be returned.
    
        :type retries: :class:`~urllib3.util.retry.Retry`, False, or an int.
    
        :param redirect:
            If True, automatically handle redirects (status codes 301, 302,
            303, 307, 308). Each redirect counts as a retry. Disabling retries
            will disable redirect, too.
    
        :param assert_same_host:
            If ``True``, will make sure that the host of the pool requests is
            consistent else will raise HostChangedError. When ``False``, you can
            use the pool on an HTTP proxy and request foreign hosts.
    
        :param timeout:
            If specified, overrides the default timeout for this one
            request. It may be a float (in seconds) or an instance of
            :class:`urllib3.util.Timeout`.
    
        :param pool_timeout:
            If set and the pool is set to block=True, then this method will
            block for ``pool_timeout`` seconds and raise EmptyPoolError if no
            connection is available within the time period.
    
        :param bool preload_content:
            If True, the response's body will be preloaded into memory.
    
        :param bool decode_content:
            If True, will attempt to decode the body based on the
            'content-encoding' header.
    
        :param release_conn:
            If False, then the urlopen call will not release the connection
            back into the pool once a response is received (but will release if
            you read the entire contents of the response such as when
            `preload_content=True`). This is useful if you're not preloading
            the response's content immediately. You will need to call
            ``r.release_conn()`` on the response ``r`` to return the connection
            back into the pool. If None, it takes the value of ``preload_content``
            which defaults to ``True``.
    
        :param bool chunked:
            If True, urllib3 will send the body using chunked transfer
            encoding. Otherwise, urllib3 will send the body using the standard
            content-length form. Defaults to False.
    
        :param int body_pos:
            Position to seek to in file-like body in the event of a retry or
            redirect. Typically this won't need to be set because urllib3 will
            auto-populate the value when needed.
        """
        parsed_url = parse_url(url)
        destination_scheme = parsed_url.scheme
    
        if headers is None:
            headers = self.headers
    
        if not isinstance(retries, Retry):
            retries = Retry.from_int(retries, redirect=redirect, default=self.retries)
    
        if release_conn is None:
            release_conn = preload_content
    
        # Check host
        if assert_same_host and not self.is_same_host(url):
            raise HostChangedError(self, url, retries)
    
        # Ensure that the URL we're connecting to is properly encoded
        if url.startswith("/"):
            url = to_str(_encode_target(url))
        else:
            url = to_str(parsed_url.url)
    
        conn = None
    
        # Track whether `conn` needs to be released before
        # returning/raising/recursing. Update this variable if necessary, and
        # leave `release_conn` constant throughout the function. That way, if
        # the function recurses, the original value of `release_conn` will be
        # passed down into the recursive call, and its value will be respected.
        #
        # See issue #651 [1] for details.
        #
        # [1] <https://github.com/urllib3/urllib3/issues/651>
        release_this_conn = release_conn
    
        http_tunnel_required = connection_requires_http_tunnel(
            self.proxy, self.proxy_config, destination_scheme
        )
    
        # Merge the proxy headers. Only done when not using HTTP CONNECT. We
        # have to copy the headers dict so we can safely change it without those
        # changes being reflected in anyone else's copy.
        if not http_tunnel_required:
            headers = headers.copy()  # type: ignore[attr-defined]
            headers.update(self.proxy_headers)  # type: ignore[union-attr]
    
        # Must keep the exception bound to a separate variable or else Python 3
        # complains about UnboundLocalError.
        err = None
    
        # Keep track of whether we cleanly exited the except block. This
        # ensures we do proper cleanup in finally.
        clean_exit = False
    
        # Rewind body position, if needed. Record current position
        # for future rewinds in the event of a redirect/retry.
        body_pos = set_file_position(body, body_pos)
    
        try:
            # Request a connection from the queue.
            timeout_obj = self._get_timeout(timeout)
            conn = self._get_conn(timeout=pool_timeout)
    
            conn.timeout = timeout_obj.connect_timeout  # type: ignore[assignment]
    
            # Is this a closed/new connection that requires CONNECT tunnelling?
            if self.proxy is not None and http_tunnel_required and conn.is_closed:
                try:
                    self._prepare_proxy(conn)
                except (BaseSSLError, OSError, SocketTimeout) as e:
                    self._raise_timeout(
                        err=e, url=self.proxy.url, timeout_value=conn.timeout
                    )
                    raise
    
            # If we're going to release the connection in ``finally:``, then
            # the response doesn't need to know about the connection. Otherwise
            # it will also try to release it and we'll have a double-release
            # mess.
            response_conn = conn if not release_conn else None
    
            # Make the request on the HTTPConnection object
            response = self._make_request(
                conn,
                method,
                url,
                timeout=timeout_obj,
                body=body,
                headers=headers,
                chunked=chunked,
                retries=retries,
                response_conn=response_conn,
                preload_content=preload_content,
                decode_content=decode_content,
                **response_kw,
            )
    
            # Everything went great!
            clean_exit = True
    
        except EmptyPoolError:
            # Didn't get a connection from the pool, no need to clean up
            clean_exit = True
            release_this_conn = False
            raise
    
        except (
            TimeoutError,
            HTTPException,
            OSError,
            ProtocolError,
            BaseSSLError,
            SSLError,
            CertificateError,
            ProxyError,
        ) as e:
            # Discard the connection for these exceptions. It will be
            # replaced during the next _get_conn() call.
            clean_exit = False
            new_e: Exception = e
            if isinstance(e, (BaseSSLError, CertificateError)):
                new_e = SSLError(e)
            if isinstance(
                new_e,
                (
                    OSError,
                    NewConnectionError,
                    TimeoutError,
                    SSLError,
                    HTTPException,
                ),
            ) and (conn and conn.proxy and not conn.has_connected_to_proxy):
                new_e = _wrap_proxy_error(new_e, conn.proxy.scheme)
            elif isinstance(new_e, (OSError, HTTPException)):
                new_e = ProtocolError("Connection aborted.", new_e)
    
>           retries = retries.increment(
                method, url, error=new_e, _pool=self, _stacktrace=sys.exc_info()[2]
            )

/opt/hostedtoolcache/Python/3.12.12/x64/lib/python3.12/site-packages/urllib3/connectionpool.py:841: 
_ _ _ _ _ _ _ _ _ _ _ _ _ _ _ _ _ _ _ _ _ _ _ _ _ _ _ _ _ _ _ _ _ _ _ _ _ _ _ _ 

self = Retry(total=0, connect=None, read=False, redirect=None, status=None)
method = 'GET', url = '/pub/VERSION', response = None
error = NewConnectionError("HTTPConnection(host='ftp.ensemblgenomes.org', port=80): Failed to establish a new connection: [Errno 111] Connection refused")
_pool = <urllib3.connectionpool.HTTPConnectionPool object at 0x7fe799be75f0>
_stacktrace = <traceback object at 0x7fe799b73840>

    def increment(
        self,
        method: str | None = None,
        url: str | None = None,
        response: BaseHTTPResponse | None = None,
        error: Exception | None = None,
        _pool: ConnectionPool | None = None,
        _stacktrace: TracebackType | None = None,
    ) -> Self:
        """Return a new Retry object with incremented retry counters.
    
        :param response: A response object, or None, if the server did not
            return a response.
        :type response: :class:`~urllib3.response.BaseHTTPResponse`
        :param Exception error: An error encountered during the request, or
            None if the response was received successfully.
    
        :return: A new ``Retry`` object.
        """
        if self.total is False and error:
            # Disabled, indicate to re-raise the error.
            raise reraise(type(error), error, _stacktrace)
    
        total = self.total
        if total is not None:
            total -= 1
    
        connect = self.connect
        read = self.read
        redirect = self.redirect
        status_count = self.status
        other = self.other
        cause = "unknown"
        status = None
        redirect_location = None
    
        if error and self._is_connection_error(error):
            # Connect retry?
            if connect is False:
                raise reraise(type(error), error, _stacktrace)
            elif connect is not None:
                connect -= 1
    
        elif error and self._is_read_error(error):
            # Read retry?
            if read is False or method is None or not self._is_method_retryable(method):
                raise reraise(type(error), error, _stacktrace)
            elif read is not None:
                read -= 1
    
        elif error:
            # Other retry?
            if other is not None:
                other -= 1
    
        elif response and response.get_redirect_location():
            # Redirect retry?
            if redirect is not None:
                redirect -= 1
            cause = "too many redirects"
            response_redirect_location = response.get_redirect_location()
            if response_redirect_location:
                redirect_location = response_redirect_location
            status = response.status
    
        else:
            # Incrementing because of a server error like a 500 in
            # status_forcelist and the given method is in the allowed_methods
            cause = ResponseError.GENERIC_ERROR
            if response and response.status:
                if status_count is not None:
                    status_count -= 1
                cause = ResponseError.SPECIFIC_ERROR.format(status_code=response.status)
                status = response.status
    
        history = self.history + (
            RequestHistory(method, url, error, status, redirect_location),
        )
    
        new_retry = self.new(
            total=total,
            connect=connect,
            read=read,
            redirect=redirect,
            status=status_count,
            other=other,
            history=history,
        )
    
        if new_retry.is_exhausted():
            reason = error or ResponseError(cause)
>           raise MaxRetryError(_pool, url, reason) from reason  # type: ignore[arg-type]
            ^^^^^^^^^^^^^^^^^^^^^^^^^^^^^^^^^^^^^^^^^^^^^^^^^^^
E           urllib3.exceptions.MaxRetryError: HTTPConnectionPool(host='ftp.ensemblgenomes.org', port=80): Max retries exceeded with url: /pub/VERSION (Caused by NewConnectionError("HTTPConnection(host='ftp.ensemblgenomes.org', port=80): Failed to establish a new connection: [Errno 111] Connection refused"))

/opt/hostedtoolcache/Python/3.12.12/x64/lib/python3.12/site-packages/urllib3/util/retry.py:535: MaxRetryError

During handling of the above exception, another exception occurred:

self = <tests.test_ref.TestRef testMethod=test_ref_bad_species>

    def error(self: unittest.TestCase):
        test = name
        with self.assertRaises(Error) as cm:
>           do_call(func, td[test]["args"])

tests/from_json.py:186: 
_ _ _ _ _ _ _ _ _ _ _ _ _ _ _ _ _ _ _ _ _ _ _ _ _ _ _ _ _ _ _ _ _ _ _ _ _ _ _ _ 

    def do_call(func, args):
        if isinstance(args, dict):
>           return func(**args)
                   ^^^^^^^^^^^^

tests/from_json.py:57: 
_ _ _ _ _ _ _ _ _ _ _ _ _ _ _ _ _ _ _ _ _ _ _ _ _ _ _ _ _ _ _ _ _ _ _ _ _ _ _ _ 

    def ref(
        species,
        which="all",
        release=None,
        ftp=False,
        save=False,
        list_species=False,
        list_iv_species=False,
        verbose=True,
    ):
        """
        Fetch FTPs for reference genomes and annotations by species from Ensembl.
    
        Args:
        - species         Defines the species for which the reference should be fetched in the format "<genus>_<species>",
                          e.g. species = "homo_sapiens".
                          Supported shortcuts: "human", "mouse", "human_grch37" (accesses the GRCh37 genome assembly)
        - which           Defines which results to return.
                          Default: 'all' -> Returns all available results.
                          Possible entries are one or a combination (as a list of strings) of the following:
                          'gtf' - Returns the annotation (GTF).
                          'cdna' - Returns the trancriptome (cDNA).
                          'dna' - Returns the genome (DNA).
                          'cds - Returns the coding sequences corresponding to Ensembl genes. (Does not contain UTR or intronic sequence.)
                          'cdrna' - Returns transcript sequences corresponding to non-coding RNA genes (ncRNA).
                          'pep' - Returns the protein translations of Ensembl genes.
        - release         Defines the Ensembl release number from which the files are fetched, e.g. release = 104.
                          Default: None -> latest Ensembl release is used
        - ftp             Return only the requested FTP links in a list (default: False).
        - save            Save the results in the local directory (default: False).
        - list_species    If True and `species=None`, returns a list of all available VERTEBRATE species from the Ensembl database (default: False).
                          (Can be combined with the `release` argument to get the available species from a specific Ensembl release.)
        - list_iv_species If True and `species=None`, returns a list of all available INVERTEBRATE species from the Ensembl database (default: False).
                          (Can be combined with the `release` argument to get the available species from a specific Ensembl release.)
        - verbose         True/False whether to print progress information (default: True).
    
        Returns a dictionary containing the requested URLs with their respective Ensembl version and release date and time.
        (If FTP=True, returns a list containing only the URLs.)
        """
        # Return list of all available species
        if list_species:
            if release is None:
                if verbose:
                    logger.info(
                        f"Fetching available vertebrate genomes (GTF and FASTA available) from Ensembl release {find_latest_ens_rel()} (latest)."
                    )
            else:
                if verbose:
                    logger.info(
                        f"Fetching available vertebrate genomes (GTF and FASTA available) from Ensembl release {release}."
                    )
    
            # Find all available species for GTFs for this Ensembl release
            species_list_gtf = ref_species_options("gtf", release=release)
            # Find all available species for FASTAs for this Ensembl release
            species_list_dna = ref_species_options("dna", release=release)
    
            # Find intersection of the two lists
            # (Only species which have GTF and FASTAs available can continue)
            species_list = list(set(species_list_gtf) & set(species_list_dna))
    
            if save:
                with open("ensembl_species.txt", "w") as tfile:
                    tfile.write("\n".join(species_list))
    
            return sorted(species_list)
    
        # Return list of all available invertebrate species
        elif list_iv_species:
            if release is None:
                if verbose:
                    logger.info(
                        f"Fetching available invertebrate genomes (GTF and FASTA present) from Ensembl release {find_latest_ens_rel(database=ENSEMBL_FTP_URL_NV)} (latest)."
                    )
            else:
                if verbose:
                    logger.info(
                        f"Fetching available invertebrate genomes (GTF and FASTA present) from Ensembl release {release}."
                    )
    
            # Find all available species for GTFs for this Ensembl release
            species_list_gtf = ref_species_options(
                "gtf", database=ENSEMBL_FTP_URL_NV, release=release
            )
            # Find all available species for FASTAs for this Ensembl release
            species_list_dna = ref_species_options(
                "dna", database=ENSEMBL_FTP_URL_NV, release=release
            )
    
            # Find intersection of the two lists
            # (Only species which have GTF and FASTAs available can continue)
            species_list = list(set(species_list_gtf) & set(species_list_dna))
    
            if save:
                with open("ensembl_iv_species.txt", "w") as tfile:
                    tfile.write("\n".join(species_list))
    
            return sorted(species_list)
    
        ## Check 'which' parameter
        # If single which passed as string, convert to list
        if type(which) == str:
            which = [which]
    
        # Raise error if several values are passed and 'all' is included
        if len(which) > 1 and "all" in which:
            raise ValueError(
                "Parameter 'which' must be 'all', or any one or a combination of the following: 'gtf', 'cdna', 'dna', 'cds', 'ncrna', 'pep'.\n"
            )
        # Raise error if 'which' argument includes unsupported option
        which_allowed = ["all", "gtf", "cdna", "dna", "cds", "ncrna", "pep"]
        if any(x not in which_allowed for x in which):
            raise ValueError(
                f"Parameter 'which' must be 'all', or any one or a combination of the following: 'gtf', 'cdna', 'dna', 'cds', 'ncrna', 'pep'.\n"
            )
    
        # Species shortcuts
        grch37 = False
        if species == "human":
            species = "homo_sapiens"
        if species == "mouse":
            species = "mus_musculus"
        if species == "human_grch37":
            species = "homo_sapiens"
            grch37 = True
    
        # In case species was passed with upper case letters
        species = species.lower()
    
        # GRCh37 database (releases same as standard database)
        if grch37:
            database = ENSEMBL_FTP_URL_GRCH37
            ENS_rel = find_latest_ens_rel(ENSEMBL_FTP_URL)
        # Standard database
        elif species in ref_species_options(
            "dna", database=ENSEMBL_FTP_URL, release=release
        ):
            database = ENSEMBL_FTP_URL
            # Find latest vertebrate Ensembl release
            ENS_rel = find_latest_ens_rel(database)
        # For non-vertebrates, switch to non-vertebrate databases
        else:
            database = ENSEMBL_FTP_URL_NV
            # Find latest NV Ensembl release
            ENS_rel = find_latest_ens_rel(database)
    
        # If release != None, use user-defined Ensembl release
        if release != None:
            # Warn user when release is higher than the latest release
            if release > ENS_rel:
                logger.warning(
                    f"Provided Ensembl release number {release} is greater than the latest release ({ENS_rel})."
                )
            ENS_rel = release
    
        if not grch37:
            ## Raise error if species not found (both FASTA and GTF have to be available)
            # Find all available species for genome FASTAs for this Ensembl release
>           species_list_dna = ref_species_options(
                "dna", database=database, release=ENS_rel
            )

gget/gget_ref.py:213: 
_ _ _ _ _ _ _ _ _ _ _ _ _ _ _ _ _ _ _ _ _ _ _ _ _ _ _ _ _ _ _ _ _ _ _ _ _ _ _ _ 

    def ref_species_options(which, database=ENSEMBL_FTP_URL, release=None):
        """
        Function to find all available species for gget ref.
    
        Args:
        - which     Which type of file to check for.
                    Possible entries: 'dna', 'cdna', 'gtf'.
        - database  Link to Ensembl database.
[...]
                request, verify, proxies=proxies, cert=cert
            )
        except LocationValueError as e:
            raise InvalidURL(e, request=request)
    
        self.cert_verify(conn, request.url, verify, cert)
        url = self.request_url(request, proxies)
        self.add_headers(
            request,
            stream=stream,
            timeout=timeout,
            verify=verify,
            cert=cert,
            proxies=proxies,
        )
    
        chunked = not (request.body is None or "Content-Length" in request.headers)
    
        if isinstance(timeout, tuple):
            try:
                connect, read = timeout
                timeout = TimeoutSauce(connect=connect, read=read)
            except ValueError:
                raise ValueError(
                    f"Invalid timeout {timeout}. Pass a (connect, read) timeout tuple, "
                    f"or a single float to set both timeouts to the same value."
                )
        elif isinstance(timeout, TimeoutSauce):
            pass
        else:
            timeout = TimeoutSauce(connect=timeout, read=timeout)
    
        try:
            resp = conn.urlopen(
                method=request.method,
                url=url,
                body=request.body,
                headers=request.headers,
                redirect=False,
                assert_same_host=False,
                preload_content=False,
                decode_content=False,
                retries=self.max_retries,
                timeout=timeout,
                chunked=chunked,
            )
    
        except (ProtocolError, OSError) as err:
            raise ConnectionError(err, request=request)
    
        except MaxRetryError as e:
            if isinstance(e.reason, ConnectTimeoutError):
                # TODO: Remove this in 3.0.0: see #2811
                if not isinstance(e.reason, NewConnectionError):
                    raise ConnectTimeout(e, request=request)
    
            if isinstance(e.reason, ResponseError):
                raise RetryError(e, request=request)
    
            if isinstance(e.reason, _ProxyError):
                raise ProxyError(e, request=request)
    
            if isinstance(e.reason, _SSLError):
                # This branch is for urllib3 v1.22 and later.
                raise SSLError(e, request=request)
    
>           raise ConnectionError(e, request=request)
E           requests.exceptions.ConnectionError: HTTPConnectionPool(host='ftp.ensemblgenomes.org', port=80): Max retries exceeded with url: /pub/VERSION (Caused by NewConnectionError("HTTPConnection(host='ftp.ensemblgenomes.org', port=80): Failed to establish a new connection: [Errno 111] Connection refused"))

/opt/hostedtoolcache/Python/3.12.12/x64/lib/python3.12/site-packages/requests/adapters.py:677: ConnectionError
=============================== warnings summary ===============================
tests/test_blast.py::TestBlast::test_blast_nt
  /home/runner/work/gget/gget/gget/gget_blast.py:327: FutureWarning: Passing literal html to 'read_html' is deprecated and will be removed in a future version. To read from a literal string, wrap it in a 'StringIO' object.
    results_df = pd.read_html(str(dsc_table))[0]

tests/test_cbio.py::TestCbioSearch::test_cbio_search
tests/test_cbio.py::TestCbioSearch::test_cbio_search
  /opt/hostedtoolcache/Python/3.12.12/x64/lib/python3.12/site-packages/swagger_spec_validator/validator12.py:18: DeprecationWarning: jsonschema.RefResolver is deprecated as of v4.18.0, in favor of the https://github.com/python-jsonschema/referencing library, which provides more compliant referencing behavior as well as more flexible APIs for customization. A future release will remove RefResolver. Please file a feature request (on referencing) if you are missing an API for the kind of customization you need.
    from jsonschema import RefResolver

tests/test_cbio.py::TestCbioSearch::test_cbio_search
  /opt/hostedtoolcache/Python/3.12.12/x64/lib/python3.12/site-packages/swagger_spec_validator/ref_validators.py:14: DeprecationWarning: jsonschema.RefResolver is deprecated as of v4.18.0, in favor of the https://github.com/python-jsonschema/referencing library, which provides more compliant referencing behavior as well as more flexible APIs for customization. A future release will remove RefResolver. Please file a feature request (on referencing) if you are missing an API for the kind of customization you need.
    from jsonschema.validators import RefResolver

tests/test_cbio.py::TestCbioSearch::test_cbio_search
  /opt/hostedtoolcache/Python/3.12.12/x64/lib/python3.12/site-packages/swagger_spec_validator/validator20.py:18: DeprecationWarning: jsonschema.RefResolver is deprecated as of v4.18.0, in favor of the https://github.com/python-jsonschema/referencing library, which provides more compliant referencing behavior as well as more flexible APIs for customization. A future release will remove RefResolver. Please file a feature request (on referencing) if you are missing an API for the kind of customization you need.
    from jsonschema.validators import RefResolver

tests/test_cbio.py::TestCbioSearch::test_cbio_search
tests/test_cbio.py::TestCbioSearch::test_cbio_search
  /opt/hostedtoolcache/Python/3.12.12/x64/lib/python3.12/site-packages/bravado_core/swagger20_validator.py:6: DeprecationWarning: jsonschema.RefResolver is deprecated as of v4.18.0, in favor of the https://github.com/python-jsonschema/referencing library, which provides more compliant referencing behavior as well as more flexible APIs for customization. A future release will remove RefResolver. Please file a feature request (on referencing) if you are missing an API for the kind of customization you need.
    from jsonschema import RefResolver

tests/test_cbio.py::TestCbioSearch::test_cbio_search
  /opt/hostedtoolcache/Python/3.12.12/x64/lib/python3.12/site-packages/bravado_core/spec.py:14: DeprecationWarning: jsonschema.RefResolver is deprecated as of v4.18.0, in favor of the https://github.com/python-jsonschema/referencing library, which provides more compliant referencing behavior as well as more flexible APIs for customization. A future release will remove RefResolver. Please file a feature request (on referencing) if you are missing an API for the kind of customization you need.
    from jsonschema.validators import RefResolver

tests/test_cbio.py: 16 warnings
  /opt/hostedtoolcache/Python/3.12.12/x64/lib/python3.12/site-packages/bravado_core/model.py:888: DeprecationWarning: jsonschema.RefResolver.in_scope is deprecated and will be removed in a future release.
    with spec.resolver.in_scope(additional_uri):

tests/test_cellxgene.py::TestCellxgene::test_cellxgene_adata
  /home/runner/work/gget/gget/gget/gget_cellxgene.py:222: FutureWarning: The argument `column_names` is deprecated and will be removed in a future release. Please use `obs_column_names` and `var_column_names` instead.
    adata = cellxgene_census.get_anndata(

tests/test_cellxgene.py::TestCellxgene::test_cellxgene_adata
tests/test_cellxgene.py::TestCellxgene::test_cellxgene_adata
  /opt/hostedtoolcache/Python/3.12.12/x64/lib/python3.12/functools.py:912: ImplicitModificationWarning: Transforming to str index.
    return dispatch(args[0].__class__)(*args, **kw)

tests/test_cosmic.py::TestCosmicWorkflow::test_cosmic_defaults
  /home/runner/work/gget/gget/gget/gget_cosmic.py:183: DeprecationWarning: Python 3.14 will, by default, filter extracted tar archives and reject files or modify their metadata. Use the filter argument to control this behavior.
    tar.extractall(path=tar_folder_path)

tests/test_cosmic.py::TestCosmicWorkflow::test_cosmic_defaults
  /home/runner/work/gget/gget/tests/from_json.py:69: FutureWarning: Downcasting behavior in `replace` is deprecated and will be removed in a future version. To retain the old behavior, explicitly call `result.infer_objects(copy=False)`. To opt-in to the future behavior, set `pd.set_option('future.no_silent_downcasting', True)`
    expected_result = expected_result.replace({None: np.nan})

tests/test_mutate.py: 29 warnings
  /home/runner/work/gget/gget/gget/gget_mutate.py:663: UserWarning: This pattern is interpreted as a regular expression, and has match groups. To actually get the groups, use str.extract.
    mask = mutations[mut_column].str.contains(combined_pattern)

tests/test_ref.py: 18 warnings
  /home/runner/work/gget/gget/gget/utils.py:924: DeprecationWarning: Call to deprecated method findAll. (Replaced by find_all) -- Deprecated since version 4.0.0.
    for subsoup in soup.body.findAll("a"):

tests/test_ref.py: 17 warnings
  /home/runner/work/gget/gget/gget/gget_ref.py:43: DeprecationWarning: Call to deprecated method findAll. (Replaced by find_all) -- Deprecated since version 4.0.0.
    links = [stuff.text.strip() for stuff in soup.findAll("td")]

tests/test_ref.py::TestRef::test_ref
tests/test_ref.py::TestRef::test_ref_ftp
  /home/runner/work/gget/gget/gget/gget_ref.py:350: DeprecationWarning: Call to deprecated method findAll. (Replaced by find_all) -- Deprecated since version 4.0.0.
    links = [stuff.text.strip() for stuff in soup.findAll("td")]

tests/test_ref.py::TestRef::test_ref_rel_ftp_octopus
tests/test_ref.py::TestRef::test_ref_rel_ftp_octopus
  /home/runner/work/gget/gget/gget/utils.py:899: DeprecationWarning: Call to deprecated method findAll. (Replaced by find_all) -- Deprecated since version 4.0.0.
    for subsoup in soup.body.findAll("a"):

-- Docs: https://docs.pytest.org/en/stable/how-to/capture-warnings.html
============================= slowest 10 durations =============================
94.62s call     tests/test_blast.py::TestBlast::test_blast_nt
31.38s call     tests/test_cellxgene.py::TestCellxgene::test_cellxgene_adata
23.06s call     tests/test_ref.py::TestRef::test_ref_rel_ftp_octopus
20.40s call     tests/test_ref.py::TestRef::test_ref_plant
17.28s setup    tests/test_cosmic.py::TestCosmicWorkflow::test_cosmic_defaults
12.44s call     tests/test_elm.py::TestELM::test_elm_uniprot_id_new
10.05s call     tests/test_cosmic.py::TestCosmicWorkflow::test_cosmic_defaults
9.03s call     tests/test_enrichr.py::TestEnrichr::test_enrichr_background_ensembl
6.13s call     tests/test_ref.py::TestRef::test_ref
4.77s call     tests/test_info.py::TestInfo::test_info_gene
=========================== short test summary info ============================
FAILED tests/test_pdb.py::TestPDB::test_pdb_assembly - AssertionError: {'pdb[2345 chars]: 2316.9225073146845, 'total_number_interface_[977 chars]2.2'} != {'pdb[2345 chars]: 2315.334008113287, 'total_number_interface_r[976 chars]1.1'}
  {'pdbx_struct_assembly': {'details': 'author_and_software_defined_assembly',
                            'id': '1',
                            'method_details': 'PISA',
                            'oligomeric_count': 3,
                            'oligomeric_details': 'trimeric',
                            'rcsb_candidate_assembly': 'Y',
                            'rcsb_details': 'author_and_software_defined_assembly'},
   'pdbx_struct_assembly_gen': [{'assembly_id': '1',
                                 'asym_id_list': ['A',
                                                  'B',
                                                  'C',
                                                  'G',
                                                  'H',
                                                  'I',
                                                  'J',
                                                  'K',
                                                  'O',
                                                  'P',
                                                  'Q'],
                                 'oper_expression': '1',
                                 'ordinal': 1}],
   'pdbx_struct_oper_list': [{'id': '1',
                              'matrix11': 1.0,
                              'matrix12': 0.0,
                              'matrix13': 0.0,
                              'matrix21': 0.0,
                              'matrix22': 1.0,
                              'matrix23': 0.0,
                              'matrix31': 0.0,
                              'matrix32': 0.0,
                              'matrix33': 1.0,
                              'name': '1_555',
                              'symmetry_operation': 'x,y,z',
                              'type': 'identity operation',
                              'vector1': 0.0,
                              'vector2': 0.0,
                              'vector3': 0.0}],
   'rcsb_assembly_container_identifiers': {'assembly_id': '1',
                                           'entry_id': '1RH7',
                                           'interface_ids': ['1', '2', '3'],
                                           'rcsb_id': '1RH7-1'},
   'rcsb_assembly_info': {'assembly_id': '1',
                          'atom_count': 1762,
                          'branched_atom_count': 0,
                          'branched_entity_count': 0,
                          'branched_entity_instance_count': 0,
                          'deuterated_water_count': 0,
                          'entry_id': '1RH7',
                          'hydrogen_atom_count': 0,
                          'modeled_polymer_monomer_count': 243,
                          'na_polymer_entity_types': 'Other',
                          'nonpolymer_atom_count': 29,
                          'nonpolymer_entity_count': 2,
                          'nonpolymer_entity_instance_count': 5,
                          'num_heterologous_interface_entities': 0,
                          'num_heteromeric_interface_entities': 0,
                          'num_homomeric_interface_entities': 1,
                          'num_interface_entities': 1,
                          'num_interfaces': 3,
                          'num_isologous_interface_entities': 1,
                          'num_na_interface_entities': 0,
                          'num_prot_na_interface_entities': 0,
                          'num_protein_interface_entities': 1,
                          'polymer_atom_count': 1658,
                          'polymer_composition': 'homomeric protein',
                          'polymer_entity_count': 1,
                          'polymer_entity_count_dna': 0,
                          'polymer_entity_count_nucleic_acid': 0,
                          'polymer_entity_count_nucleic_acid_hybrid': 0,
                          'polymer_entity_count_protein': 1,
                          'polymer_entity_count_rna': 0,
                          'polymer_entity_instance_count': 3,
                          'polymer_entity_instance_count_dna': 0,
                          'polymer_entity_instance_count_nucleic_acid': 0,
                          'polymer_entity_instance_count_nucleic_acid_hybrid': 0,
                          'polymer_entity_instance_count_protein': 3,
                          'polymer_entity_instance_count_rna': 0,
                          'polymer_monomer_count': 243,
                          'selected_polymer_entity_types': 'Protein (only)',
                          'solvent_atom_count': 75,
                          'solvent_entity_count': 1,
                          'solvent_entity_instance_count': 3,
-                         'total_assembly_buried_surface_area': 2316.9225073146845,
?                                                                  ^ ^ ^^^ -------

+                         'total_assembly_buried_surface_area': 2315.334008113287,
?                                                                  ^ ^^^^^^^^^ ^

-                         'total_number_interface_residues': 160,
?                                                              ^

+                         'total_number_interface_residues': 161,
?                                                              ^

                          'unmodeled_polymer_monomer_count': 0},
   'rcsb_id': '1RH7-1',
   'rcsb_struct_symmetry': [{'clusters': [{'avg_rmsd': 0.8418294327358263,
                                           'members': [{'asym_id': 'A',
                                                        'pdbx_struct_oper_list_ids': ['1']},
                                                       {'asym_id': 'C',
                                                        'pdbx_struct_oper_list_ids': ['1']},
                                                       {'asym_id': 'B',
                                                        'pdbx_struct_oper_list_ids': ['1']}]}],
                             'kind': 'Global Symmetry',
                             'oligomeric_state': 'Homo 3-mer',
                             'rotation_axes': [{'end': [13.473746075056361,
                                                        41.0962265805248,
                                                        -5.777587727129287],
                                                'order': 3,
                                                'start': [13.838143875349235,
                                                          28.581996104345052,
                                                          78.43743587115125]}],
                             'stoichiometry': ['A3'],
                             'symbol': 'C3',
                             'type': 'Cyclic'}],
   'rcsb_struct_symmetry_lineage': [{'depth': 0,
                                     'id': 'Global Symmetry',
                                     'name': 'Global Symmetry'},
                                    {'depth': 2,
                                     'id': 'Global Symmetry.Cyclic.C3',
                                     'name': 'C3'},
                                    {'depth': 3,
                                     'id': 'Global Symmetry.Cyclic.C3.Homo 3-mer',
                                     'name': 'Homo 3-mer'},
                                    {'depth': 1,
                                     'id': 'Global Symmetry.Cyclic',
                                     'name': 'Cyclic'}],
-  'rcsb_struct_symmetry_provenance_code': 'biojava-7.2.2'}
?                                                     ^ ^

+  'rcsb_struct_symmetry_provenance_code': 'biojava-7.1.1'}
?                                                     ^ ^
FAILED tests/test_ref.py::TestRef::test_ref_bad_species - requests.exceptions.ConnectionError: HTTPConnectionPool(host='ftp.ensemblgenomes.org', port=80): Max retries exceeded with url: /pub/VERSION (Caused by NewConnectionError("HTTPConnection(host='ftp.ensemblgenomes.org', port=80): Failed to establish a new connection: [Errno 111] Connection refused"))
FAILED tests/test_ref.py::TestRef::test_ref_plant - requests.exceptions.ConnectionError: HTTPConnectionPool(host='ftp.ensemblgenomes.org', port=80): Max retries exceeded with url: /pub/VERSION (Caused by NewConnectionError("HTTPConnection(host='ftp.ensemblgenomes.org', port=80): Failed to establish a new connection: [Errno 111] Connection refused"))
FAILED tests/test_ref.py::TestRef::test_ref_rel_ftp_octopus - requests.exceptions.ConnectionError: HTTPConnectionPool(host='ftp.ensemblgenomes.org', port=80): Max retries exceeded with url: /pub/release-51/metazoa/fasta/ (Caused by NewConnectionError("HTTPConnection(host='ftp.ensemblgenomes.org', port=80): Failed to establish a new connection: [Errno 111] Connection refused"))
FAILED tests/test_ref.py::TestRef::test_ref_rel_protist - requests.exceptions.ConnectionError: HTTPConnectionPool(host='ftp.ensemblgenomes.org', port=80): Max retries exceeded with url: /pub/VERSION (Caused by NewConnectionError("HTTPConnection(host='ftp.ensemblgenomes.org', port=80): Failed to establish a new connection: [Errno 111] Connection refused"))
!!!!!!!!!!!!!!!!!!!!!!!!!! stopping after 5 failures !!!!!!!!!!!!!!!!!!!!!!!!!!!
============ 5 failed, 156 passed, 97 warnings in 327.28s (0:05:27) ============
