Pytest results (Python 3.12) - 2026-04-06T16:21:08Z

============================= test session starts ==============================
platform linux -- Python 3.12.13, pytest-9.0.2, pluggy-1.6.0 -- /opt/hostedtoolcache/Python/3.12.13/x64/bin/python
cachedir: .pytest_cache
rootdir: /home/runner/work/gget/gget
configfile: pyproject.toml
plugins: fast-array-utils-1.4, cov-7.1.0, zarr-3.1.6
collecting ... collected 256 items

tests/test_8cube.py::TestSpecificity::test_specificity_basic PASSED      [  0%]
tests/test_8cube.py::TestPsiBlock::test_psi_block_basic PASSED           [  0%]
tests/test_8cube.py::TestGeneExpression::test_gene_expression_basic PASSED [  1%]
tests/test_archs4.py::TestArchs4::test_archs4_bad_ensembl PASSED         [  1%]
tests/test_archs4.py::TestArchs4::test_archs4_bad_gene PASSED            [  1%]
tests/test_archs4.py::TestArchs4::test_archs4_bad_gene_tissue PASSED     [  2%]
tests/test_archs4.py::TestArchs4::test_archs4_bad_species PASSED         [  2%]
tests/test_archs4.py::TestArchs4::test_archs4_bad_which PASSED           [  3%]
tests/test_archs4.py::TestArchs4::test_archs4_defaults PASSED            [  3%]
tests/test_archs4.py::TestArchs4::test_archs4_mouse_json_ensembl PASSED  [  3%]
tests/test_archs4.py::TestArchs4::test_archs4_tissue PASSED              [  4%]
tests/test_archs4.py::TestArchs4::test_archs4_tissue_ensembl PASSED      [  4%]
tests/test_archs4.py::TestArchs4::test_archs4_tissue_json PASSED         [  5%]
tests/test_archs4.py::TestArchs4::test_archs4_tissue_mouse PASSED        [  5%]
tests/test_bgee.py::TestBgee::test_bgee_expression PASSED                [  5%]
tests/test_bgee.py::TestBgee::test_bgee_expression_multiple PASSED       [  6%]
tests/test_bgee.py::TestBgee::test_bgee_orthologs PASSED                 [  6%]
tests/test_bgee.py::TestBgee::test_error_bgee_expression_no_exist PASSED [  7%]
tests/test_bgee.py::TestBgee::test_error_bgee_orthologs_no_exist PASSED  [  7%]
tests/test_bgee.py::TestBgee::test_error_bgee_unknown_type PASSED        [  7%]
tests/test_blast.py::TestBlast::test_blast_bad_db1 PASSED                [  8%]
tests/test_blast.py::TestBlast::test_blast_bad_db2 PASSED                [  8%]
tests/test_blast.py::TestBlast::test_blast_bad_fasta PASSED              [  8%]
tests/test_blast.py::TestBlast::test_blast_bad_program PASSED            [  9%]
tests/test_blast.py::TestBlast::test_blast_bad_seq PASSED                [  9%]
tests/test_blast.py::TestBlast::test_blast_db_missing PASSED             [ 10%]
tests/test_blast.py::TestBlast::test_blast_nt PASSED                     [ 10%]
tests/test_blat.py::TestBlat::test_blat_aa PASSED                        [ 10%]
tests/test_blat.py::TestBlat::test_blat_aa_RNA PASSED                    [ 11%]
tests/test_blat.py::TestBlat::test_blat_aa_protein PASSED                [ 11%]
tests/test_blat.py::TestBlat::test_blat_bad_assembly PASSED              [ 12%]
tests/test_blat.py::TestBlat::test_blat_bad_fasta PASSED                 [ 12%]
tests/test_blat.py::TestBlat::test_blat_bad_fileformat PASSED            [ 12%]
tests/test_blat.py::TestBlat::test_blat_bad_seqtype PASSED               [ 13%]
tests/test_blat.py::TestBlat::test_blat_bad_txt PASSED                   [ 13%]
tests/test_blat.py::TestBlat::test_blat_nt PASSED                        [ 14%]
tests/test_blat.py::TestBlat::test_blat_nt_DNA PASSED                    [ 14%]
tests/test_blat.py::TestBlat::test_blat_nt_RNA PASSED                    [ 14%]
tests/test_blat.py::TestBlat::test_blat_nt_fasta PASSED                  [ 15%]
tests/test_blat.py::TestBlat::test_blat_nt_json PASSED                   [ 15%]
tests/test_blat.py::TestBlat::test_blat_nt_protein PASSED                [ 16%]
tests/test_blat.py::TestBlat::test_blat_nt_transDNA PASSED               [ 16%]
tests/test_blat.py::TestBlat::test_blat_nt_txt PASSED                    [ 16%]
tests/test_blat.py::TestBlat::test_blat_shortseq PASSED                  [ 17%]
tests/test_cbio.py::TestCbioSearch::test_cbio_search PASSED              [ 17%]
tests/test_cbio.py::TestCbio::test_cbio_download PASSED                  [ 17%]
tests/test_cbio.py::TestCbio::test_cbio_download_partially_existing_files PASSED [ 18%]
tests/test_cbio.py::TestCbio::test_error_cbio_download PASSED            [ 18%]
tests/test_cellxgene.py::TestCellxgene::test_cellxgene_adata PASSED      [ 19%]
tests/test_cellxgene.py::TestCellxgene::test_cellxgene_metadata PASSED   [ 19%]
tests/test_compile.py::TestCompilerWindows::test_compiler_windows PASSED [ 19%]
tests/test_cosmic.py::TestCosmicWorkflow::test_cosmic_defaults PASSED    [ 20%]
tests/test_diamond.py::TestDiamond::test_diamond_JSON_out PASSED         [ 20%]
tests/test_diamond.py::TestDiamond::test_diamond_both_files PASSED       [ 21%]
tests/test_diamond.py::TestDiamond::test_diamond_query_file PASSED       [ 21%]
tests/test_diamond.py::TestDiamond::test_diamond_ref_file PASSED         [ 21%]
tests/test_diamond.py::TestDiamond::test_diamond_seqs_multiple PASSED    [ 22%]
tests/test_diamond.py::TestDiamond::test_diamond_seqs_single PASSED      [ 22%]
tests/test_elm.py::TestELM::test_elm_uniprot_aminoacidseq PASSED         [ 23%]
tests/test_elm.py::TestELM::test_elm_uniprot_id_in_elm PASSED            [ 23%]
tests/test_elm.py::TestELM::test_elm_uniprot_id_new PASSED               [ 23%]
tests/test_enrichr.py::TestEnrichr::test_enrichr_background PASSED       [ 24%]
tests/test_enrichr.py::TestEnrichr::test_enrichr_background_ensembl PASSED [ 24%]
tests/test_enrichr.py::TestEnrichr::test_enrichr_bad_background PASSED   [ 25%]
tests/test_enrichr.py::TestEnrichr::test_enrichr_bad_background_list PASSED [ 25%]
tests/test_enrichr.py::TestEnrichr::test_enrichr_bad_database_shortcut PASSED [ 25%]
tests/test_enrichr.py::TestEnrichr::test_enrichr_bad_gene PASSED         [ 26%]
tests/test_enrichr.py::TestEnrichr::test_enrichr_bad_species PASSED      [ 26%]
tests/test_enrichr.py::TestEnrichr::test_enrichr_celltypes PASSED        [ 26%]
tests/test_enrichr.py::TestEnrichr::test_enrichr_diseases_drugs PASSED   [ 27%]
tests/test_enrichr.py::TestEnrichr::test_enrichr_ensembl_ids PASSED      [ 27%]
tests/test_enrichr.py::TestEnrichr::test_enrichr_fish PASSED             [ 28%]
tests/test_enrichr.py::TestEnrichr::test_enrichr_fly PASSED              [ 28%]
tests/test_enrichr.py::TestEnrichr::test_enrichr_json PASSED             [ 28%]
tests/test_enrichr.py::TestEnrichr::test_enrichr_kinase_interactions PASSED [ 29%]
tests/test_enrichr.py::TestEnrichr::test_enrichr_mouse_is_human PASSED   [ 29%]
tests/test_enrichr.py::TestEnrichr::test_enrichr_none PASSED             [ 30%]
tests/test_enrichr.py::TestEnrichr::test_enrichr_ontology PASSED         [ 30%]
tests/test_enrichr.py::TestEnrichr::test_enrichr_pathway PASSED          [ 30%]
tests/test_enrichr.py::TestEnrichr::test_enrichr_plot PASSED             [ 31%]
tests/test_enrichr.py::TestEnrichr::test_enrichr_transcription PASSED    [ 31%]
tests/test_enrichr.py::TestEnrichr::test_enrichr_worm PASSED             [ 32%]
tests/test_enrichr.py::TestEnrichr::test_enrichr_yeast PASSED            [ 32%]
tests/test_gpt.py::TestGpt::test_gpt PASSED                              [ 32%]
tests/test_info.py::TestInfo::test_info_WB_transcript PASSED             [ 33%]
tests/test_info.py::TestInfo::test_info_exon PASSED                      [ 33%]
tests/test_info.py::TestInfo::test_info_gene PASSED                      [ 33%]
tests/test_info.py::TestInfo::test_info_gene_list_non_model PASSED       [ 34%]
tests/test_info.py::TestInfo::test_info_mix PASSED                       [ 34%]
tests/test_info.py::TestInfo::test_info_ncbifalse_uniprotfalse PASSED    [ 35%]
tests/test_info.py::TestInfo::test_info_ncbifalse_uniprottrue PASSED     [ 35%]
tests/test_info.py::TestInfo::test_info_ncbitrue_uniprotfalse PASSED     [ 35%]
tests/test_info.py::TestInfo::test_info_transcript PASSED                [ 36%]
tests/test_muscle.py::TestMuscle::test_muscle_nt PASSED                  [ 36%]
tests/test_muscle.py::TestMuscle::test_muscle_nt_txt PASSED              [ 37%]
tests/test_muscle.py::TestMuscleSuper::test_muscle_nt_super5 PASSED      [ 37%]
tests/test_muscle.py::TestMuscleAA::test_muscle_aa PASSED                [ 37%]
tests/test_muscle.py::TestMuscleSeqsInput::test_muscle_seqs_as_input PASSED [ 38%]
tests/test_muscle.py::TestMuscleAASuper::test_muscle_aa_super5 PASSED    [ 38%]
tests/test_muscle.py::TestMusclePrints::test_muscle_print_nt PASSED      [ 39%]
tests/test_mutate.py::TestMutate::test_ambiguous_mutation PASSED         [ 39%]
tests/test_mutate.py::TestMutate::test_index_error PASSED                [ 39%]
tests/test_mutate.py::TestMutate::test_intron_mutation_minus PASSED      [ 40%]
tests/test_mutate.py::TestMutate::test_intron_mutation_plus PASSED       [ 40%]
tests/test_mutate.py::TestMutate::test_inversion_with_overlaps PASSED    [ 41%]
tests/test_mutate.py::TestMutate::test_large_k PASSED                    [ 41%]
tests/test_mutate.py::TestMutate::test_list_of_mutations PASSED          [ 41%]
tests/test_mutate.py::TestMutate::test_multi_deletion PASSED             [ 42%]
tests/test_mutate.py::TestMutate::test_multi_deletion_with_right_repeats PASSED [ 42%]
tests/test_mutate.py::TestMutate::test_multi_delins PASSED               [ 42%]
tests/test_mutate.py::TestMutate::test_multi_delins_with_psuedo_left_repeats PASSED [ 43%]
tests/test_mutate.py::TestMutate::test_multi_delins_with_true_left_repeats PASSED [ 43%]
tests/test_mutate.py::TestMutate::test_multi_delins_with_true_right_repeats PASSED [ 44%]
tests/test_mutate.py::TestMutate::test_multi_dup PASSED                  [ 44%]
tests/test_mutate.py::TestMutate::test_multi_insertion PASSED            [ 44%]
tests/test_mutate.py::TestMutate::test_multi_insertion_with_left_repeats PASSED [ 45%]
tests/test_mutate.py::TestMutate::test_posttranslational_mutation PASSED [ 45%]
tests/test_mutate.py::TestMutate::test_single_deletion PASSED            [ 46%]
tests/test_mutate.py::TestMutate::test_single_deletion_with_left_repeats PASSED [ 46%]
tests/test_mutate.py::TestMutate::test_single_deletion_with_right_repeats PASSED [ 46%]
tests/test_mutate.py::TestMutate::test_single_delins PASSED              [ 47%]
tests/test_mutate.py::TestMutate::test_single_dup PASSED                 [ 47%]
tests/test_mutate.py::TestMutate::test_single_insertion PASSED           [ 48%]
tests/test_mutate.py::TestMutate::test_single_substitution PASSED        [ 48%]
tests/test_mutate.py::TestMutate::test_single_substitution_near_left_end PASSED [ 48%]
tests/test_mutate.py::TestMutate::test_single_substitution_near_right_end PASSED [ 49%]
tests/test_mutate.py::TestMutate::test_uncertain_mutation PASSED         [ 49%]
tests/test_mutate.py::test_csv_of_mutations PASSED                       [ 50%]
tests/test_mutate.py::test_mismatch_error PASSED                         [ 50%]
tests/test_opentargets.py::TestOpenTargets::test_error_opentargets_bad_limit PASSED [ 50%]
tests/test_opentargets.py::TestOpenTargets::test_error_opentargets_bad_resource PASSED [ 51%]
tests/test_opentargets.py::TestOpenTargets::test_error_opentargets_diseases_filter PASSED [ 51%]
tests/test_opentargets.py::TestOpenTargets::test_error_opentargets_drugs_invalid_filter PASSED [ 51%]
tests/test_opentargets.py::TestOpenTargets::test_error_opentargets_nonexistent_id PASSED [ 52%]
tests/test_opentargets.py::TestOpenTargets::test_error_opentargets_tractability_limit PASSED [ 52%]
tests/test_opentargets.py::TestOpenTargets::test_opentargets PASSED      [ 53%]
tests/test_opentargets.py::TestOpenTargets::test_opentargets_depmap PASSED [ 53%]
tests/test_opentargets.py::TestOpenTargets::test_opentargets_depmap_filter PASSED [ 53%]
tests/test_opentargets.py::TestOpenTargets::test_opentargets_expression_no_limit PASSED [ 54%]
tests/test_opentargets.py::TestOpenTargets::test_opentargets_interactions_no_limit PASSED [ 54%]
tests/test_opentargets.py::TestOpenTargets::test_opentargets_interactions_simple_filter PASSED [ 55%]
tests/test_pdb.py::TestPDB::test_pdb_assembly PASSED                     [ 55%]
tests/test_pdb.py::TestPDB::test_pdb_pdb PASSED                          [ 55%]
tests/test_ref.py::TestRef::test_ref PASSED                              [ 56%]
tests/test_ref.py::TestRef::test_ref_bad_rel PASSED                      [ 56%]
tests/test_ref.py::TestRef::test_ref_bad_species PASSED                  [ 57%]
tests/test_ref.py::TestRef::test_ref_bad_which PASSED                    [ 57%]
tests/test_ref.py::TestRef::test_ref_ftp PASSED                          [ 57%]
tests/test_ref.py::TestRef::test_ref_list PASSED                         [ 58%]
tests/test_ref.py::TestRef::test_ref_plant PASSED                        [ 58%]
tests/test_ref.py::TestRef::test_ref_rel PASSED                          [ 58%]
tests/test_ref.py::TestRef::test_ref_rel_ftp PASSED                      [ 59%]
tests/test_ref.py::TestRef::test_ref_rel_ftp_octopus PASSED              [ 59%]
tests/test_ref.py::TestRef::test_ref_rel_protist PASSED                  [ 60%]
tests/test_ref.py::TestRef::test_ref_which PASSED                        [ 60%]
tests/test_ref.py::TestRef::test_ref_which_plant PASSED                  [ 60%]
tests/test_search.py::TestSearch::test_search_db PASSED                  [ 61%]
tests/test_search.py::TestSearch::test_search_gene_bad_andor PASSED      [ 61%]
tests/test_search.py::TestSearch::test_search_gene_bad_species PASSED    [ 62%]
tests/test_search.py::TestSearch::test_search_gene_one_sw PASSED         [ 62%]
tests/test_search.py::TestSearch::test_search_gene_one_sw_json PASSED    [ 62%]
tests/test_search.py::TestSearch::test_search_gene_one_sw_limit PASSED   [ 63%]
tests/test_search.py::TestSearch::test_search_gene_two_sw_and PASSED     [ 63%]
tests/test_search.py::TestSearch::test_search_gene_two_sw_limit PASSED   [ 64%]
tests/test_search.py::TestSearch::test_search_gene_two_sw_or PASSED      [ 64%]
tests/test_search.py::TestSearch::test_search_octopus PASSED             [ 64%]
tests/test_search.py::TestSearch::test_search_plant PASSED               [ 65%]
tests/test_search.py::TestSearch::test_search_plant_db PASSED            [ 65%]
tests/test_search.py::TestSearch::test_search_release PASSED             [ 66%]
tests/test_search.py::TestSearch::test_search_transcript_bad_andor PASSED [ 66%]
tests/test_search.py::TestSearch::test_search_transcript_bad_species PASSED [ 66%]
tests/test_search.py::TestSearch::test_search_transcript_one_sw PASSED   [ 67%]
tests/test_search.py::TestSearch::test_search_transcript_two_sw_and PASSED [ 67%]
tests/test_search.py::TestSearch::test_search_transcript_two_sw_or FAILED [ 67%]
tests/test_seq.py::TestSeq::test_seq_gene PASSED                         [ 68%]
tests/test_seq.py::TestSeq::test_seq_gene_iso PASSED                     [ 68%]
tests/test_seq.py::TestSeq::test_seq_gene_transcript_iso PASSED          [ 69%]
tests/test_seq.py::TestSeq::test_seq_missing_uniprot_gene_name PASSED    [ 69%]
tests/test_seq.py::TestSeq::test_seq_transcript PASSED                   [ 69%]
tests/test_seq.py::TestSeq::test_seq_transcript_gene PASSED              [ 70%]
tests/test_seq.py::TestSeq::test_seq_transcript_gene_WB PASSED           [ 70%]
tests/test_seq.py::TestSeq::test_seq_transcript_gene_iso PASSED          [ 71%]
tests/test_seq.py::TestSeq::test_seq_transcript_transcript_WB PASSED     [ 71%]
tests/test_seq.py::TestSeq::test_seq_transcript_transcript_iso PASSED    [ 71%]
tests/test_utils.py::TestUtils::test_aa_colors PASSED                    [ 72%]
tests/test_utils.py::TestUtils::test_find_latest_ens_rel PASSED          [ 72%]
tests/test_utils.py::TestUtils::test_get_uniprot_info_gene PASSED        [ 73%]
tests/test_utils.py::TestUtils::test_get_uniprot_info_transcript PASSED  [ 73%]
tests/test_utils.py::TestUtils::test_get_uniprot_seqs PASSED             [ 73%]
tests/test_utils.py::TestUtils::test_n_colors PASSED                     [ 74%]
tests/test_utils.py::TestUtils::test_read_fasta PASSED                   [ 74%]
tests/test_utils.py::TestUtils::test_ref_iv_species_options PASSED       [ 75%]
tests/test_utils.py::TestUtils::test_ref_species_options PASSED          [ 75%]
tests/test_utils.py::TestUtils::test_ref_species_options_bad_type PASSED [ 75%]
tests/test_utils.py::TestUtils::test_rest_query PASSED                   [ 76%]
tests/test_utils.py::TestUtils::test_rest_query_bad_type PASSED          [ 76%]
tests/test_utils.py::TestUtils::test_search_iv_species_options PASSED    [ 76%]
tests/test_utils.py::TestUtils::test_search_species_options PASSED       [ 77%]
tests/test_utils.py::TestUtils::test_search_species_options_bad_type PASSED [ 77%]
tests/test_virus.py::TestVirus::test_batch_accessions_for_url PASSED     [ 78%]
tests/test_virus.py::TestVirus::test_calculate_max_accessions_per_batch PASSED [ 78%]
tests/test_virus.py::TestVirus::test_datasets_cli_version_output PASSED  [ 78%]
tests/test_virus.py::TestVirus::test_get_datasets_path_returns_valid_path PASSED [ 79%]
tests/test_virus.py::TestVirus::test_get_datasets_path_uses_bundled_binary PASSED [ 79%]
tests/test_virus.py::TestVirus::test_parse_accession_input_empty_file_raises_error PASSED [ 80%]
tests/test_virus.py::TestVirus::test_parse_accession_input_from_file PASSED [ 80%]
tests/test_virus.py::TestVirus::test_parse_accession_input_nonexistent_file_raises_error PASSED [ 80%]
tests/test_virus.py::TestVirus::test_parse_accession_input_single PASSED [ 81%]
tests/test_virus.py::TestVirus::test_parse_accession_input_space_separated PASSED [ 81%]
tests/test_virus.py::TestVirus::test_retry_helper_custom_retryable_exceptions PASSED [ 82%]
tests/test_virus.py::TestVirus::test_retry_helper_exponential_backoff_timing PASSED [ 82%]
tests/test_virus.py::TestVirus::test_retry_helper_failed_commands_tracking PASSED [ 82%]
tests/test_virus.py::TestVirus::test_retry_helper_non_retryable_exception PASSED [ 83%]
tests/test_virus.py::TestVirus::test_retry_helper_success_after_retry PASSED [ 83%]
tests/test_virus.py::TestVirus::test_retry_helper_successful_operation PASSED [ 83%]
tests/test_virus.py::TestVirus::test_virus_completeness_filter_verification PASSED [ 84%]
tests/test_virus.py::TestVirus::test_virus_empty_virus_name PASSED       [ 84%]
tests/test_virus.py::TestVirus::test_virus_host_filter_verification PASSED [ 85%]
tests/test_virus.py::TestVirus::test_virus_integer_virus_id PASSED       [ 85%]
tests/test_virus.py::TestVirus::test_virus_invalid_annotated_type PASSED [ 85%]
tests/test_virus.py::TestVirus::test_virus_invalid_completeness PASSED   [ 86%]
tests/test_virus.py::TestVirus::test_virus_invalid_genbank_batch_size_negative PASSED [ 86%]
tests/test_virus.py::TestVirus::test_virus_invalid_genbank_batch_size_type PASSED [ 87%]
tests/test_virus.py::TestVirus::test_virus_invalid_genbank_batch_size_zero PASSED [ 87%]
tests/test_virus.py::TestVirus::test_virus_invalid_genbank_metadata_type PASSED [ 87%]
tests/test_virus.py::TestVirus::test_virus_invalid_is_accession_type PASSED [ 88%]
tests/test_virus.py::TestVirus::test_virus_invalid_keep_temp_type PASSED [ 88%]
tests/test_virus.py::TestVirus::test_virus_invalid_lab_passaged_type PASSED [ 89%]
tests/test_virus.py::TestVirus::test_virus_invalid_proteins_complete_type PASSED [ 89%]
tests/test_virus.py::TestVirus::test_virus_metadata_schema_validation PASSED [ 89%]
tests/test_virus.py::TestVirus::test_virus_min_greater_than_max_collection_date PASSED [ 90%]
tests/test_virus.py::TestVirus::test_virus_min_greater_than_max_gene_count PASSED [ 90%]
tests/test_virus.py::TestVirus::test_virus_min_greater_than_max_peptide_count PASSED [ 91%]
tests/test_virus.py::TestVirus::test_virus_min_greater_than_max_protein_count PASSED [ 91%]
tests/test_virus.py::TestVirus::test_virus_min_greater_than_max_release_date PASSED [ 91%]
tests/test_virus.py::TestVirus::test_virus_min_greater_than_max_seq_length PASSED [ 92%]
tests/test_virus.py::TestVirus::test_virus_multi_accession_file_input PASSED [ 92%]
tests/test_virus.py::TestVirus::test_virus_multi_accession_space_separated PASSED [ 92%]
tests/test_virus.py::TestVirus::test_virus_multiple_filters_relationship_check PASSED [ 93%]
tests/test_virus.py::TestVirus::test_virus_none_virus_name PASSED        [ 93%]
tests/test_virus.py::TestVirus::test_virus_relationship_check_counts_match PASSED [ 94%]
tests/test_virus.py::TestVirus::test_virus_release_date_filter_verification PASSED [ 94%]
tests/test_virus.py::TestVirus::test_virus_specific_accession_file_creation PASSED [ 94%]
tests/test_virus.py::TestVirus::test_virus_with_annotated_filter PASSED  [ 95%]
tests/test_virus.py::TestVirus::test_virus_with_collection_date_filters PASSED [ 95%]
tests/test_virus.py::TestVirus::test_virus_with_completeness_filter PASSED [ 96%]
tests/test_virus.py::TestVirus::test_virus_with_genbank_metadata_retrieval PASSED [ 96%]
tests/test_virus.py::TestVirus::test_virus_with_geographic_location_filter PASSED [ 96%]
tests/test_virus.py::TestVirus::test_virus_with_has_proteins_filter PASSED [ 97%]
tests/test_virus.py::TestVirus::test_virus_with_host_filter PASSED       [ 97%]
tests/test_virus.py::TestVirus::test_virus_with_lab_passaged_filter PASSED [ 98%]
tests/test_virus.py::TestVirus::test_virus_with_length_filters PASSED    [ 98%]
tests/test_virus.py::TestVirus::test_virus_with_max_ambiguous_chars_filter PASSED [ 98%]
tests/test_virus.py::TestVirus::test_virus_with_multiple_filters PASSED  [ 99%]
tests/test_virus.py::TestVirus::test_virus_with_protein_count_filters PASSED [ 99%]
tests/test_virus.py::TestVirus::test_virus_with_source_database_filter PASSED [100%]

=================================== FAILURES ===================================
_________________ TestSearch.test_search_transcript_two_sw_or __________________

self = <HTTPConnection(host='ftp.ensemblgenomes.org', port=80) at 0x7f4eb4f23e00>

    def _new_conn(self) -> socket.socket:
        """Establish a socket connection and set nodelay settings on it.
    
        :return: New socket connection.
        """
        try:
>           sock = connection.create_connection(
                (self._dns_host, self.port),
                self.timeout,
                source_address=self.source_address,
                socket_options=self.socket_options,
            )

/opt/hostedtoolcache/Python/3.12.13/x64/lib/python3.12/site-packages/urllib3/connection.py:204: 
_ _ _ _ _ _ _ _ _ _ _ _ _ _ _ _ _ _ _ _ _ _ _ _ _ _ _ _ _ _ _ _ _ _ _ _ _ _ _ _ 

address = ('ftp.ensemblgenomes.org', 80), timeout = None, source_address = None
socket_options = [(6, 1, 1)]

    def create_connection(
        address: tuple[str, int],
        timeout: _TYPE_TIMEOUT = _DEFAULT_TIMEOUT,
        source_address: tuple[str, int] | None = None,
        socket_options: _TYPE_SOCKET_OPTIONS | None = None,
    ) -> socket.socket:
        """Connect to *address* and return the socket object.
    
        Convenience function.  Connect to *address* (a 2-tuple ``(host,
        port)``) and return the socket object.  Passing the optional
        *timeout* parameter will set the timeout on the socket instance
        before attempting to connect.  If no *timeout* is supplied, the
        global default timeout setting returned by :func:`socket.getdefaulttimeout`
        is used.  If *source_address* is set it must be a tuple of (host, port)
        for the socket to bind as a source address before making the connection.
        An host of '' or port 0 tells the OS to use the default.
        """
    
        host, port = address
        if host.startswith("["):
            host = host.strip("[]")
        err = None
    
        # Using the value from allowed_gai_family() in the context of getaddrinfo lets
        # us select whether to work with IPv4 DNS records, IPv6 records, or both.
        # The original create_connection function always returns all records.
        family = allowed_gai_family()
    
        try:
            host.encode("idna")
        except UnicodeError:
            raise LocationParseError(f"'{host}', label empty or too long") from None
    
        for res in socket.getaddrinfo(host, port, family, socket.SOCK_STREAM):
            af, socktype, proto, canonname, sa = res
            sock = None
            try:
                sock = socket.socket(af, socktype, proto)
    
                # If provided, set socket level options before connecting.
                _set_socket_options(sock, socket_options)
    
                if timeout is not _DEFAULT_TIMEOUT:
                    sock.settimeout(timeout)
                if source_address:
                    sock.bind(source_address)
                sock.connect(sa)
                # Break explicitly a reference cycle
                err = None
                return sock
    
            except OSError as _:
                err = _
                if sock is not None:
                    sock.close()
    
        if err is not None:
            try:
>               raise err

/opt/hostedtoolcache/Python/3.12.13/x64/lib/python3.12/site-packages/urllib3/util/connection.py:85: 
_ _ _ _ _ _ _ _ _ _ _ _ _ _ _ _ _ _ _ _ _ _ _ _ _ _ _ _ _ _ _ _ _ _ _ _ _ _ _ _ 

address = ('ftp.ensemblgenomes.org', 80), timeout = None, source_address = None
socket_options = [(6, 1, 1)]

    def create_connection(
        address: tuple[str, int],
        timeout: _TYPE_TIMEOUT = _DEFAULT_TIMEOUT,
        source_address: tuple[str, int] | None = None,
        socket_options: _TYPE_SOCKET_OPTIONS | None = None,
    ) -> socket.socket:
        """Connect to *address* and return the socket object.
    
        Convenience function.  Connect to *address* (a 2-tuple ``(host,
        port)``) and return the socket object.  Passing the optional
        *timeout* parameter will set the timeout on the socket instance
        before attempting to connect.  If no *timeout* is supplied, the
        global default timeout setting returned by :func:`socket.getdefaulttimeout`
        is used.  If *source_address* is set it must be a tuple of (host, port)
        for the socket to bind as a source address before making the connection.
        An host of '' or port 0 tells the OS to use the default.
        """
    
        host, port = address
        if host.startswith("["):
            host = host.strip("[]")
        err = None
    
        # Using the value from allowed_gai_family() in the context of getaddrinfo lets
        # us select whether to work with IPv4 DNS records, IPv6 records, or both.
        # The original create_connection function always returns all records.
        family = allowed_gai_family()
    
        try:
            host.encode("idna")
        except UnicodeError:
            raise LocationParseError(f"'{host}', label empty or too long") from None
    
        for res in socket.getaddrinfo(host, port, family, socket.SOCK_STREAM):
            af, socktype, proto, canonname, sa = res
            sock = None
            try:
                sock = socket.socket(af, socktype, proto)
    
                # If provided, set socket level options before connecting.
                _set_socket_options(sock, socket_options)
    
                if timeout is not _DEFAULT_TIMEOUT:
                    sock.settimeout(timeout)
                if source_address:
                    sock.bind(source_address)
>               sock.connect(sa)
E               ConnectionRefusedError: [Errno 111] Connection refused

/opt/hostedtoolcache/Python/3.12.13/x64/lib/python3.12/site-packages/urllib3/util/connection.py:73: ConnectionRefusedError

The above exception was the direct cause of the following exception:

self = <urllib3.connectionpool.HTTPConnectionPool object at 0x7f4eb4f226c0>
method = 'GET', url = '/pub/release-61/plants/mysql/', body = None
headers = {'User-Agent': 'python-requests/2.33.1', 'Accept-Encoding': 'gzip, deflate', 'Accept': '*/*', 'Connection': 'keep-alive'}
retries = Retry(total=0, connect=None, read=False, redirect=None, status=None)
redirect = False, assert_same_host = False
timeout = Timeout(connect=None, read=None, total=None), pool_timeout = None
release_conn = False, chunked = False, body_pos = None, preload_content = False
decode_content = False, response_kw = {}
parsed_url = Url(scheme=None, auth=None, host=None, port=None, path='/pub/release-61/plants/mysql/', query=None, fragment=None)
destination_scheme = None, conn = None, release_this_conn = True
http_tunnel_required = False, err = None, clean_exit = False

    def urlopen(  # type: ignore[override]
        self,
        method: str,
        url: str,
        body: _TYPE_BODY | None = None,
        headers: typing.Mapping[str, str] | None = None,
        retries: Retry | bool | int | None = None,
        redirect: bool = True,
        assert_same_host: bool = True,
        timeout: _TYPE_TIMEOUT = _DEFAULT_TIMEOUT,
        pool_timeout: int | None = None,
        release_conn: bool | None = None,
        chunked: bool = False,
        body_pos: _TYPE_BODY_POSITION | None = None,
        preload_content: bool = True,
        decode_content: bool = True,
        **response_kw: typing.Any,
    ) -> BaseHTTPResponse:
        """
        Get a connection from the pool and perform an HTTP request. This is the
        lowest level call for making a request, so you'll need to specify all
        the raw details.
    
        .. note::
    
           More commonly, it's appropriate to use a convenience method
           such as :meth:`request`.
    
        .. note::
    
           `release_conn` will only behave as expected if
           `preload_content=False` because we want to make
           `preload_content=False` the default behaviour someday soon without
           breaking backwards compatibility.
    
        :param method:
            HTTP request method (such as GET, POST, PUT, etc.)
    
        :param url:
            The URL to perform the request on.
    
        :param body:
            Data to send in the request body, either :class:`str`, :class:`bytes`,
            an iterable of :class:`str`/:class:`bytes`, or a file-like object.
    
        :param headers:
            Dictionary of custom headers to send, such as User-Agent,
            If-None-Match, etc. If None, pool headers are used. If provided,
            these headers completely replace any pool-specific headers.
    
        :param retries:
            Configure the number of retries to allow before raising a
            :class:`~urllib3.exceptions.MaxRetryError` exception.
    
            If ``None`` (default) will retry 3 times, see ``Retry.DEFAULT``. Pass a
            :class:`~urllib3.util.retry.Retry` object for fine-grained control
            over different types of retries.
            Pass an integer number to retry connection errors that many times,
            but no other types of errors. Pass zero to never retry.
    
            If ``False``, then retries are disabled and any exception is raised
            immediately. Also, instead of raising a MaxRetryError on redirects,
            the redirect response will be returned.
    
        :type retries: :class:`~urllib3.util.retry.Retry`, False, or an int.
    
        :param redirect:
            If True, automatically handle redirects (status codes 301, 302,
            303, 307, 308). Each redirect counts as a retry. Disabling retries
            will disable redirect, too.
    
        :param assert_same_host:
            If ``True``, will make sure that the host of the pool requests is
            consistent else will raise HostChangedError. When ``False``, you can
            use the pool on an HTTP proxy and request foreign hosts.
    
        :param timeout:
            If specified, overrides the default timeout for this one
            request. It may be a float (in seconds) or an instance of
            :class:`urllib3.util.Timeout`.
    
        :param pool_timeout:
            If set and the pool is set to block=True, then this method will
            block for ``pool_timeout`` seconds and raise EmptyPoolError if no
            connection is available within the time period.
    
        :param bool preload_content:
            If True, the response's body will be preloaded into memory.
    
        :param bool decode_content:
            If True, will attempt to decode the body based on the
            'content-encoding' header.
    
        :param release_conn:
            If False, then the urlopen call will not release the connection
            back into the pool once a response is received (but will release if
            you read the entire contents of the response such as when
            `preload_content=True`). This is useful if you're not preloading
            the response's content immediately. You will need to call
            ``r.release_conn()`` on the response ``r`` to return the connection
            back into the pool. If None, it takes the value of ``preload_content``
            which defaults to ``True``.
    
        :param bool chunked:
            If True, urllib3 will send the body using chunked transfer
            encoding. Otherwise, urllib3 will send the body using the standard
            content-length form. Defaults to False.
    
        :param int body_pos:
            Position to seek to in file-like body in the event of a retry or
            redirect. Typically this won't need to be set because urllib3 will
            auto-populate the value when needed.
        """
        parsed_url = parse_url(url)
        destination_scheme = parsed_url.scheme
    
        if headers is None:
            headers = self.headers
    
        if not isinstance(retries, Retry):
            retries = Retry.from_int(retries, redirect=redirect, default=self.retries)
    
        if release_conn is None:
            release_conn = preload_content
    
        # Check host
        if assert_same_host and not self.is_same_host(url):
            raise HostChangedError(self, url, retries)
    
        # Ensure that the URL we're connecting to is properly encoded
        if url.startswith("/"):
            url = to_str(_encode_target(url))
        else:
            url = to_str(parsed_url.url)
    
        conn = None
    
        # Track whether `conn` needs to be released before
        # returning/raising/recursing. Update this variable if necessary, and
        # leave `release_conn` constant throughout the function. That way, if
        # the function recurses, the original value of `release_conn` will be
        # passed down into the recursive call, and its value will be respected.
        #
        # See issue #651 [1] for details.
        #
        # [1] <https://github.com/urllib3/urllib3/issues/651>
        release_this_conn = release_conn
    
        http_tunnel_required = connection_requires_http_tunnel(
            self.proxy, self.proxy_config, destination_scheme
        )
    
        # Merge the proxy headers. Only done when not using HTTP CONNECT. We
        # have to copy the headers dict so we can safely change it without those
        # changes being reflected in anyone else's copy.
        if not http_tunnel_required:
            headers = headers.copy()  # type: ignore[attr-defined]
            headers.update(self.proxy_headers)  # type: ignore[union-attr]
    
        # Must keep the exception bound to a separate variable or else Python 3
        # complains about UnboundLocalError.
        err = None
    
        # Keep track of whether we cleanly exited the except block. This
        # ensures we do proper cleanup in finally.
        clean_exit = False
    
        # Rewind body position, if needed. Record current position
        # for future rewinds in the event of a redirect/retry.
        body_pos = set_file_position(body, body_pos)
    
        try:
            # Request a connection from the queue.
            timeout_obj = self._get_timeout(timeout)
            conn = self._get_conn(timeout=pool_timeout)
    
            conn.timeout = timeout_obj.connect_timeout  # type: ignore[assignment]
    
            # Is this a closed/new connection that requires CONNECT tunnelling?
            if self.proxy is not None and http_tunnel_required and conn.is_closed:
                try:
                    self._prepare_proxy(conn)
                except (BaseSSLError, OSError, SocketTimeout) as e:
                    self._raise_timeout(
                        err=e, url=self.proxy.url, timeout_value=conn.timeout
                    )
                    raise
    
            # If we're going to release the connection in ``finally:``, then
            # the response doesn't need to know about the connection. Otherwise
            # it will also try to release it and we'll have a double-release
            # mess.
            response_conn = conn if not release_conn else None
    
            # Make the request on the HTTPConnection object
>           response = self._make_request(
                conn,
                method,
                url,
                timeout=timeout_obj,
                body=body,
                headers=headers,
                chunked=chunked,
                retries=retries,
                response_conn=response_conn,
                preload_content=preload_content,
                decode_content=decode_content,
                **response_kw,
            )

/opt/hostedtoolcache/Python/3.12.13/x64/lib/python3.12/site-packages/urllib3/connectionpool.py:787: 
_ _ _ _ _ _ _ _ _ _ _ _ _ _ _ _ _ _ _ _ _ _ _ _ _ _ _ _ _ _ _ _ _ _ _ _ _ _ _ _ 

self = <urllib3.connectionpool.HTTPConnectionPool object at 0x7f4eb4f226c0>
conn = <HTTPConnection(host='ftp.ensemblgenomes.org', port=80) at 0x7f4eb4f23e00>
method = 'GET', url = '/pub/release-61/plants/mysql/', body = None
headers = {'User-Agent': 'python-requests/2.33.1', 'Accept-Encoding': 'gzip, deflate', 'Accept': '*/*', 'Connection': 'keep-alive'}
retries = Retry(total=0, connect=None, read=False, redirect=None, status=None)
timeout = Timeout(connect=None, read=None, total=None), chunked = False
response_conn = <HTTPConnection(host='ftp.ensemblgenomes.org', port=80) at 0x7f4eb4f23e00>
preload_content = False, decode_content = False, enforce_content_length = True

    def _make_request(
        self,
        conn: BaseHTTPConnection,
        method: str,
        url: str,
        body: _TYPE_BODY | None = None,
        headers: typing.Mapping[str, str] | None = None,
        retries: Retry | None = None,
        timeout: _TYPE_TIMEOUT = _DEFAULT_TIMEOUT,
        chunked: bool = False,
        response_conn: BaseHTTPConnection | None = None,
        preload_content: bool = True,
        decode_content: bool = True,
        enforce_content_length: bool = True,
    ) -> BaseHTTPResponse:
        """
        Perform a request on a given urllib connection object taken from our
        pool.
    
        :param conn:
            a connection from one of our connection pools
    
        :param method:
            HTTP request method (such as GET, POST, PUT, etc.)
    
        :param url:
            The URL to perform the request on.
    
        :param body:
            Data to send in the request body, either :class:`str`, :class:`bytes`,
            an iterable of :class:`str`/:class:`bytes`, or a file-like object.
    
        :param headers:
            Dictionary of custom headers to send, such as User-Agent,
            If-None-Match, etc. If None, pool headers are used. If provided,
            these headers completely replace any pool-specific headers.
    
        :param retries:
            Configure the number of retries to allow before raising a
            :class:`~urllib3.exceptions.MaxRetryError` exception.
    
            Pass ``None`` to retry until you receive a response. Pass a
            :class:`~urllib3.util.retry.Retry` object for fine-grained control
            over different types of retries.
            Pass an integer number to retry connection errors that many times,
            but no other types of errors. Pass zero to never retry.
    
            If ``False``, then retries are disabled and any exception is raised
            immediately. Also, instead of raising a MaxRetryError on redirects,
            the redirect response will be returned.
    
        :type retries: :class:`~urllib3.util.retry.Retry`, False, or an int.
    
        :param timeout:
            If specified, overrides the default timeout for this one
            request. It may be a float (in seconds) or an instance of
            :class:`urllib3.util.Timeout`.
    
        :param chunked:
            If True, urllib3 will send the body using chunked transfer
            encoding. Otherwise, urllib3 will send the body using the standard
            content-length form. Defaults to False.
    
        :param response_conn:
            Set this to ``None`` if you will handle releasing the connection or
            set the connection to have the response release it.
    
        :param preload_content:
          If True, the response's body will be preloaded during construction.
    
        :param decode_content:
            If True, will attempt to decode the body based on the
            'content-encoding' header.
    
        :param enforce_content_length:
            Enforce content length checking. Body returned by server must match
            value of Content-Length header, if present. Otherwise, raise error.
        """
        self.num_requests += 1
    
        timeout_obj = self._get_timeout(timeout)
        timeout_obj.start_connect()
        conn.timeout = Timeout.resolve_default_timeout(timeout_obj.connect_timeout)
    
        try:
            # Trigger any extra validation we need to do.
            try:
                self._validate_conn(conn)
            except (SocketTimeout, BaseSSLError) as e:
                self._raise_timeout(err=e, url=url, timeout_value=conn.timeout)
                raise
    
        # _validate_conn() starts the connection to an HTTPS proxy
        # so we need to wrap errors with 'ProxyError' here too.
        except (
            OSError,
            NewConnectionError,
            TimeoutError,
            BaseSSLError,
            CertificateError,
            SSLError,
        ) as e:
            new_e: Exception = e
            if isinstance(e, (BaseSSLError, CertificateError)):
                new_e = SSLError(e)
            # If the connection didn't successfully connect to it's proxy
            # then there
            if isinstance(
                new_e, (OSError, NewConnectionError, TimeoutError, SSLError)
            ) and (conn and conn.proxy and not conn.has_connected_to_proxy):
                new_e = _wrap_proxy_error(new_e, conn.proxy.scheme)
            raise new_e
    
        # conn.request() calls http.client.*.request, not the method in
        # urllib3.request. It also calls makefile (recv) on the socket.
        try:
>           conn.request(
                method,
                url,
                body=body,
                headers=headers,
                chunked=chunked,
                preload_content=preload_content,
                decode_content=decode_content,
                enforce_content_length=enforce_content_length,
            )

/opt/hostedtoolcache/Python/3.12.13/x64/lib/python3.12/site-packages/urllib3/connectionpool.py:493: 
_ _ _ _ _ _ _ _ _ _ _ _ _ _ _ _ _ _ _ _ _ _ _ _ _ _ _ _ _ _ _ _ _ _ _ _ _ _ _ _ 

self = <HTTPConnection(host='ftp.ensemblgenomes.org', port=80) at 0x7f4eb4f23e00>
method = 'GET', url = '/pub/release-61/plants/mysql/', body = None
headers = {'User-Agent': 'python-requests/2.33.1', 'Accept-Encoding': 'gzip, deflate', 'Accept': '*/*', 'Connection': 'keep-alive'}

    def request(  # type: ignore[override]
        self,
        method: str,
        url: str,
        body: _TYPE_BODY | None = None,
        headers: typing.Mapping[str, str] | None = None,
        *,
        chunked: bool = False,
        preload_content: bool = True,
        decode_content: bool = True,
        enforce_content_length: bool = True,
    ) -> None:
        # Update the inner socket's timeout value to send the request.
        # This only triggers if the connection is re-used.
        if self.sock is not None:
            self.sock.settimeout(self.timeout)
    
        # Store these values to be fed into the HTTPResponse
        # object later. TODO: Remove this in favor of a real
        # HTTP lifecycle mechanism.
    
        # We have to store these before we call .request()
        # because sometimes we can still salvage a response
        # off the wire even if we aren't able to completely
        # send the request body.
        self._response_options = _ResponseOptions(
            request_method=method,
            request_url=url,
            preload_content=preload_content,
            decode_content=decode_content,
            enforce_content_length=enforce_content_length,
        )
    
        if headers is None:
            headers = {}
        header_keys = frozenset(to_str(k.lower()) for k in headers)
        skip_accept_encoding = "accept-encoding" in header_keys
        skip_host = "host" in header_keys
        self.putrequest(
            method, url, skip_accept_encoding=skip_accept_encoding, skip_host=skip_host
        )
    
        # Transform the body into an iterable of sendall()-able chunks
        # and detect if an explicit Content-Length is doable.
        chunks_and_cl = body_to_chunks(body, method=method, blocksize=self.blocksize)
        chunks = chunks_and_cl.chunks
        content_length = chunks_and_cl.content_length
    
        # When chunked is explicit set to 'True' we respect that.
        if chunked:
            if "transfer-encoding" not in header_keys:
                self.putheader("Transfer-Encoding", "chunked")
        else:
            # Detect whether a framing mechanism is already in use. If so
            # we respect that value, otherwise we pick chunked vs content-length
            # depending on the type of 'body'.
            if "content-length" in header_keys:
                chunked = False
            elif "transfer-encoding" in header_keys:
                chunked = True
    
            # Otherwise we go off the recommendation of 'body_to_chunks()'.
            else:
                chunked = False
                if content_length is None:
                    if chunks is not None:
                        chunked = True
                        self.putheader("Transfer-Encoding", "chunked")
                else:
                    self.putheader("Content-Length", str(content_length))
    
        # Now that framing headers are out of the way we send all the other headers.
        if "user-agent" not in header_keys:
            self.putheader("User-Agent", _get_default_user_agent())
        for header, value in headers.items():
            self.putheader(header, value)
>       self.endheaders()

/opt/hostedtoolcache/Python/3.12.13/x64/lib/python3.12/site-packages/urllib3/connection.py:500: 
_ _ _ _ _ _ _ _ _ _ _ _ _ _ _ _ _ _ _ _ _ _ _ _ _ _ _ _ _ _ _ _ _ _ _ _ _ _ _ _ 

self = <HTTPConnection(host='ftp.ensemblgenomes.org', port=80) at 0x7f4eb4f23e00>
message_body = None

    def endheaders(self, message_body=None, *, encode_chunked=False):
        """Indicate that the last header line has been sent to the server.
    
        This method sends the request to the server.  The optional message_body
        argument can be used to pass a message body associated with the
        request.
        """
        if self.__state == _CS_REQ_STARTED:
            self.__state = _CS_REQ_SENT
        else:
            raise CannotSendHeader()
>       self._send_output(message_body, encode_chunked=encode_chunked)

/opt/hostedtoolcache/Python/3.12.13/x64/lib/python3.12/http/client.py:1353: 
_ _ _ _ _ _ _ _ _ _ _ _ _ _ _ _ _ _ _ _ _ _ _ _ _ _ _ _ _ _ _ _ _ _ _ _ _ _ _ _ 

self = <HTTPConnection(host='ftp.ensemblgenomes.org', port=80) at 0x7f4eb4f23e00>
message_body = None, encode_chunked = False

    def _send_output(self, message_body=None, encode_chunked=False):
        """Send the currently buffered request and clear the buffer.
    
        Appends an extra \\r\\n to the buffer.
        A message_body may be specified, to be appended to the request.
        """
        self._buffer.extend((b"", b""))
        msg = b"\r\n".join(self._buffer)
        del self._buffer[:]
>       self.send(msg)

/opt/hostedtoolcache/Python/3.12.13/x64/lib/python3.12/http/client.py:1113: 
_ _ _ _ _ _ _ _ _ _ _ _ _ _ _ _ _ _ _ _ _ _ _ _ _ _ _ _ _ _ _ _ _ _ _ _ _ _ _ _ 

self = <HTTPConnection(host='ftp.ensemblgenomes.org', port=80) at 0x7f4eb4f23e00>
data = b'GET /pub/release-61/plants/mysql/ HTTP/1.1\r\nHost: ftp.ensemblgenomes.org\r\nUser-Agent: python-requests/2.33.1\r\nAccept-Encoding: gzip, deflate\r\nAccept: */*\r\nConnection: keep-alive\r\n\r\n'

    def send(self, data):
        """Send `data' to the server.
        ``data`` can be a string object, a bytes object, an array object, a
        file-like object that supports a .read() method, or an iterable object.
        """
    
        if self.sock is None:
            if self.auto_open:
>               self.connect()

/opt/hostedtoolcache/Python/3.12.13/x64/lib/python3.12/http/client.py:1057: 
_ _ _ _ _ _ _ _ _ _ _ _ _ _ _ _ _ _ _ _ _ _ _ _ _ _ _ _ _ _ _ _ _ _ _ _ _ _ _ _ 

self = <HTTPConnection(host='ftp.ensemblgenomes.org', port=80) at 0x7f4eb4f23e00>

    def connect(self) -> None:
>       self.sock = self._new_conn()
                    ^^^^^^^^^^^^^^^^

/opt/hostedtoolcache/Python/3.12.13/x64/lib/python3.12/site-packages/urllib3/connection.py:331: 
_ _ _ _ _ _ _ _ _ _ _ _ _ _ _ _ _ _ _ _ _ _ _ _ _ _ _ _ _ _ _ _ _ _ _ _ _ _ _ _ 

self = <HTTPConnection(host='ftp.ensemblgenomes.org', port=80) at 0x7f4eb4f23e00>

    def _new_conn(self) -> socket.socket:
        """Establish a socket connection and set nodelay settings on it.
    
        :return: New socket connection.
        """
        try:
            sock = connection.create_connection(
                (self._dns_host, self.port),
                self.timeout,
                source_address=self.source_address,
                socket_options=self.socket_options,
            )
        except socket.gaierror as e:
            raise NameResolutionError(self.host, self, e) from e
        except SocketTimeout as e:
            raise ConnectTimeoutError(
                self,
                f"Connection to {self.host} timed out. (connect timeout={self.timeout})",
            ) from e
    
        except OSError as e:
>           raise NewConnectionError(
                self, f"Failed to establish a new connection: {e}"
            ) from e
E           urllib3.exceptions.NewConnectionError: HTTPConnection(host='ftp.ensemblgenomes.org', port=80): Failed to establish a new connection: [Errno 111] Connection refused

/opt/hostedtoolcache/Python/3.12.13/x64/lib/python3.12/site-packages/urllib3/connection.py:219: NewConnectionError

The above exception was the direct cause of the following exception:

self = <requests.adapters.HTTPAdapter object at 0x7f4eb4f23140>
request = <PreparedRequest [GET]>, stream = False
timeout = Timeout(connect=None, read=None, total=None), verify = True
cert = None, proxies = OrderedDict()

    def send(
        self, request, stream=False, timeout=None, verify=True, cert=None, proxies=None
    ):
        """Sends PreparedRequest object. Returns Response object.
    
        :param request: The :class:`PreparedRequest <PreparedRequest>` being sent.
        :param stream: (optional) Whether to stream the request content.
        :param timeout: (optional) How long to wait for the server to send
            data before giving up, as a float, or a :ref:`(connect timeout,
            read timeout) <timeouts>` tuple.
        :type timeout: float or tuple or urllib3 Timeout object
        :param verify: (optional) Either a boolean, in which case it controls whether
            we verify the server's TLS certificate, or a string, in which case it
            must be a path to a CA bundle to use
        :param cert: (optional) Any user-provided SSL certificate to be trusted.
        :param proxies: (optional) The proxies dictionary to apply to the request.
        :rtype: requests.Response
        """
    
        try:
            conn = self.get_connection_with_tls_context(
                request, verify, proxies=proxies, cert=cert
            )
        except LocationValueError as e:
            raise InvalidURL(e, request=request)
    
        self.cert_verify(conn, request.url, verify, cert)
        url = self.request_url(request, proxies)
        self.add_headers(
            request,
            stream=stream,
            timeout=timeout,
            verify=verify,
            cert=cert,
            proxies=proxies,
        )
    
        chunked = not (request.body is None or "Content-Length" in request.headers)
    
        if isinstance(timeout, tuple):
            try:
                connect, read = timeout
                timeout = TimeoutSauce(connect=connect, read=read)
            except ValueError:
                raise ValueError(
                    f"Invalid timeout {timeout}. Pass a (connect, read) timeout tuple, "
                    f"or a single float to set both timeouts to the same value."
                )
        elif isinstance(timeout, TimeoutSauce):
            pass
        else:
            timeout = TimeoutSauce(connect=timeout, read=timeout)
    
        try:
>           resp = conn.urlopen(
                method=request.method,
                url=url,
                body=request.body,
                headers=request.headers,
                redirect=False,
                assert_same_host=False,
                preload_content=False,
                decode_content=False,
                retries=self.max_retries,
                timeout=timeout,
                chunked=chunked,
            )

/opt/hostedtoolcache/Python/3.12.13/x64/lib/python3.12/site-packages/requests/adapters.py:645: 
_ _ _ _ _ _ _ _ _ _ _ _ _ _ _ _ _ _ _ _ _ _ _ _ _ _ _ _ _ _ _ _ _ _ _ _ _ _ _ _ 

self = <urllib3.connectionpool.HTTPConnectionPool object at 0x7f4eb4f226c0>
method = 'GET', url = '/pub/release-61/plants/mysql/', body = None
headers = {'User-Agent': 'python-requests/2.33.1', 'Accept-Encoding': 'gzip, deflate', 'Accept': '*/*', 'Connection': 'keep-alive'}
retries = Retry(total=0, connect=None, read=False, redirect=None, status=None)
redirect = False, assert_same_host = False
timeout = Timeout(connect=None, read=None, total=None), pool_timeout = None
release_conn = False, chunked = False, body_pos = None, preload_content = False
decode_content = False, response_kw = {}
parsed_url = Url(scheme=None, auth=None, host=None, port=None, path='/pub/release-61/plants/mysql/', query=None, fragment=None)
destination_scheme = None, conn = None, release_this_conn = True
http_tunnel_required = False, err = None, clean_exit = False

    def urlopen(  # type: ignore[override]
        self,
        method: str,
        url: str,
        body: _TYPE_BODY | None = None,
        headers: typing.Mapping[str, str] | None = None,
        retries: Retry | bool | int | None = None,
        redirect: bool = True,
        assert_same_host: bool = True,
        timeout: _TYPE_TIMEOUT = _DEFAULT_TIMEOUT,
        pool_timeout: int | None = None,
        release_conn: bool | None = None,
        chunked: bool = False,
        body_pos: _TYPE_BODY_POSITION | None = None,
        preload_content: bool = True,
        decode_content: bool = True,
        **response_kw: typing.Any,
    ) -> BaseHTTPResponse:
        """
        Get a connection from the pool and perform an HTTP request. This is the
        lowest level call for making a request, so you'll need to specify all
        the raw details.
    
        .. note::
    
           More commonly, it's appropriate to use a convenience method
           such as :meth:`request`.
    
        .. note::
    
           `release_conn` will only behave as expected if
           `preload_content=False` because we want to make
           `preload_content=False` the default behaviour someday soon without
           breaking backwards compatibility.
    
        :param method:
            HTTP request method (such as GET, POST, PUT, etc.)
    
        :param url:
            The URL to perform the request on.
    
        :param body:
            Data to send in the request body, either :class:`str`, :class:`bytes`,
            an iterable of :class:`str`/:class:`bytes`, or a file-like object.
    
        :param headers:
            Dictionary of custom headers to send, such as User-Agent,
            If-None-Match, etc. If None, pool headers are used. If provided,
            these headers completely replace any pool-specific headers.
    
        :param retries:
            Configure the number of retries to allow before raising a
            :class:`~urllib3.exceptions.MaxRetryError` exception.
    
            If ``None`` (default) will retry 3 times, see ``Retry.DEFAULT``. Pass a
            :class:`~urllib3.util.retry.Retry` object for fine-grained control
            over different types of retries.
            Pass an integer number to retry connection errors that many times,
            but no other types of errors. Pass zero to never retry.
    
            If ``False``, then retries are disabled and any exception is raised
            immediately. Also, instead of raising a MaxRetryError on redirects,
            the redirect response will be returned.
    
        :type retries: :class:`~urllib3.util.retry.Retry`, False, or an int.
    
        :param redirect:
            If True, automatically handle redirects (status codes 301, 302,
            303, 307, 308). Each redirect counts as a retry. Disabling retries
            will disable redirect, too.
    
        :param assert_same_host:
            If ``True``, will make sure that the host of the pool requests is
            consistent else will raise HostChangedError. When ``False``, you can
            use the pool on an HTTP proxy and request foreign hosts.
    
        :param timeout:
            If specified, overrides the default timeout for this one
            request. It may be a float (in seconds) or an instance of
            :class:`urllib3.util.Timeout`.
    
        :param pool_timeout:
            If set and the pool is set to block=True, then this method will
            block for ``pool_timeout`` seconds and raise EmptyPoolError if no
            connection is available within the time period.
    
        :param bool preload_content:
            If True, the response's body will be preloaded into memory.
    
        :param bool decode_content:
            If True, will attempt to decode the body based on the
            'content-encoding' header.
    
        :param release_conn:
            If False, then the urlopen call will not release the connection
            back into the pool once a response is received (but will release if
            you read the entire contents of the response such as when
            `preload_content=True`). This is useful if you're not preloading
            the response's content immediately. You will need to call
            ``r.release_conn()`` on the response ``r`` to return the connection
            back into the pool. If None, it takes the value of ``preload_content``
            which defaults to ``True``.
    
        :param bool chunked:
            If True, urllib3 will send the body using chunked transfer
            encoding. Otherwise, urllib3 will send the body using the standard
            content-length form. Defaults to False.
    
        :param int body_pos:
            Position to seek to in file-like body in the event of a retry or
            redirect. Typically this won't need to be set because urllib3 will
            auto-populate the value when needed.
        """
        parsed_url = parse_url(url)
        destination_scheme = parsed_url.scheme
    
        if headers is None:
            headers = self.headers
    
        if not isinstance(retries, Retry):
            retries = Retry.from_int(retries, redirect=redirect, default=self.retries)
    
        if release_conn is None:
            release_conn = preload_content
    
        # Check host
        if assert_same_host and not self.is_same_host(url):
            raise HostChangedError(self, url, retries)
    
        # Ensure that the URL we're connecting to is properly encoded
        if url.startswith("/"):
            url = to_str(_encode_target(url))
        else:
            url = to_str(parsed_url.url)
    
        conn = None
    
        # Track whether `conn` needs to be released before
        # returning/raising/recursing. Update this variable if necessary, and
        # leave `release_conn` constant throughout the function. That way, if
        # the function recurses, the original value of `release_conn` will be
        # passed down into the recursive call, and its value will be respected.
        #
        # See issue #651 [1] for details.
        #
        # [1] <https://github.com/urllib3/urllib3/issues/651>
        release_this_conn = release_conn
    
        http_tunnel_required = connection_requires_http_tunnel(
            self.proxy, self.proxy_config, destination_scheme
        )
    
        # Merge the proxy headers. Only done when not using HTTP CONNECT. We
        # have to copy the headers dict so we can safely change it without those
        # changes being reflected in anyone else's copy.
        if not http_tunnel_required:
            headers = headers.copy()  # type: ignore[attr-defined]
            headers.update(self.proxy_headers)  # type: ignore[union-attr]
    
        # Must keep the exception bound to a separate variable or else Python 3
        # complains about UnboundLocalError.
        err = None
    
        # Keep track of whether we cleanly exited the except block. This
        # ensures we do proper cleanup in finally.
        clean_exit = False
    
        # Rewind body position, if needed. Record current position
        # for future rewinds in the event of a redirect/retry.
        body_pos = set_file_position(body, body_pos)
    
        try:
            # Request a connection from the queue.
            timeout_obj = self._get_timeout(timeout)
            conn = self._get_conn(timeout=pool_timeout)
    
            conn.timeout = timeout_obj.connect_timeout  # type: ignore[assignment]
    
            # Is this a closed/new connection that requires CONNECT tunnelling?
            if self.proxy is not None and http_tunnel_required and conn.is_closed:
                try:
                    self._prepare_proxy(conn)
                except (BaseSSLError, OSError, SocketTimeout) as e:
                    self._raise_timeout(
                        err=e, url=self.proxy.url, timeout_value=conn.timeout
                    )
                    raise
    
            # If we're going to release the connection in ``finally:``, then
            # the response doesn't need to know about the connection. Otherwise
            # it will also try to release it and we'll have a double-release
            # mess.
            response_conn = conn if not release_conn else None
    
            # Make the request on the HTTPConnection object
            response = self._make_request(
                conn,
                method,
                url,
                timeout=timeout_obj,
                body=body,
                headers=headers,
                chunked=chunked,
                retries=retries,
                response_conn=response_conn,
                preload_content=preload_content,
                decode_content=decode_content,
                **response_kw,
            )
    
            # Everything went great!
            clean_exit = True
    
        except EmptyPoolError:
            # Didn't get a connection from the pool, no need to clean up
            clean_exit = True
            release_this_conn = False
            raise
    
        except (
            TimeoutError,
            HTTPException,
            OSError,
            ProtocolError,
            BaseSSLError,
            SSLError,
            CertificateError,
            ProxyError,
        ) as e:
            # Discard the connection for these exceptions. It will be
            # replaced during the next _get_conn() call.
            clean_exit = False
            new_e: Exception = e
            if isinstance(e, (BaseSSLError, CertificateError)):
                new_e = SSLError(e)
            if isinstance(
                new_e,
                (
                    OSError,
                    NewConnectionError,
                    TimeoutError,
                    SSLError,
                    HTTPException,
                ),
            ) and (conn and conn.proxy and not conn.has_connected_to_proxy):
                new_e = _wrap_proxy_error(new_e, conn.proxy.scheme)
            elif isinstance(new_e, (OSError, HTTPException)):
                new_e = ProtocolError("Connection aborted.", new_e)
    
>           retries = retries.increment(
                method, url, error=new_e, _pool=self, _stacktrace=sys.exc_info()[2]
            )

/opt/hostedtoolcache/Python/3.12.13/x64/lib/python3.12/site-packages/urllib3/connectionpool.py:841: 
_ _ _ _ _ _ _ _ _ _ _ _ _ _ _ _ _ _ _ _ _ _ _ _ _ _ _ _ _ _ _ _ _ _ _ _ _ _ _ _ 

self = Retry(total=0, connect=None, read=False, redirect=None, status=None)
method = 'GET', url = '/pub/release-61/plants/mysql/', response = None
error = NewConnectionError("HTTPConnection(host='ftp.ensemblgenomes.org', port=80): Failed to establish a new connection: [Errno 111] Connection refused")
_pool = <urllib3.connectionpool.HTTPConnectionPool object at 0x7f4eb4f226c0>
_stacktrace = <traceback object at 0x7f4eb467a2c0>

    def increment(
        self,
        method: str | None = None,
        url: str | None = None,
        response: BaseHTTPResponse | None = None,
        error: Exception | None = None,
        _pool: ConnectionPool | None = None,
        _stacktrace: TracebackType | None = None,
    ) -> Self:
        """Return a new Retry object with incremented retry counters.
    
        :param response: A response object, or None, if the server did not
            return a response.
        :type response: :class:`~urllib3.response.BaseHTTPResponse`
        :param Exception error: An error encountered during the request, or
            None if the response was received successfully.
    
        :return: A new ``Retry`` object.
        """
        if self.total is False and error:
            # Disabled, indicate to re-raise the error.
            raise reraise(type(error), error, _stacktrace)
    
        total = self.total
        if total is not None:
            total -= 1
    
        connect = self.connect
        read = self.read
        redirect = self.redirect
        status_count = self.status
        other = self.other
        cause = "unknown"
        status = None
        redirect_location = None
    
        if error and self._is_connection_error(error):
            # Connect retry?
            if connect is False:
                raise reraise(type(error), error, _stacktrace)
            elif connect is not None:
                connect -= 1
    
        elif error and self._is_read_error(error):
            # Read retry?
            if read is False or method is None or not self._is_method_retryable(method):
                raise reraise(type(error), error, _stacktrace)
            elif read is not None:
                read -= 1
    
        elif error:
            # Other retry?
            if other is not None:
                other -= 1
    
        elif response and response.get_redirect_location():
            # Redirect retry?
            if redirect is not None:
                redirect -= 1
            cause = "too many redirects"
            response_redirect_location = response.get_redirect_location()
            if response_redirect_location:
                redirect_location = response_redirect_location
            status = response.status
    
        else:
            # Incrementing because of a server error like a 500 in
            # status_forcelist and the given method is in the allowed_methods
            cause = ResponseError.GENERIC_ERROR
            if response and response.status:
                if status_count is not None:
                    status_count -= 1
                cause = ResponseError.SPECIFIC_ERROR.format(status_code=response.status)
                status = response.status
    
        history = self.history + (
            RequestHistory(method, url, error, status, redirect_location),
        )
    
        new_retry = self.new(
            total=total,
            connect=connect,
            read=read,
            redirect=redirect,
            status=status_count,
            other=other,
            history=history,
        )
    
        if new_retry.is_exhausted():
            reason = error or ResponseError(cause)
>           raise MaxRetryError(_pool, url, reason) from reason  # type: ignore[arg-type]
            ^^^^^^^^^^^^^^^^^^^^^^^^^^^^^^^^^^^^^^^^^^^^^^^^^^^
E           urllib3.exceptions.MaxRetryError: HTTPConnectionPool(host='ftp.ensemblgenomes.org', port=80): Max retries exceeded with url: /pub/release-61/plants/mysql/ (Caused by NewConnectionError("HTTPConnection(host='ftp.ensemblgenomes.org', port=80): Failed to establish a new connection: [Errno 111] Connection refused"))

/opt/hostedtoolcache/Python/3.12.13/x64/lib/python3.12/site-packages/urllib3/util/retry.py:535: MaxRetryError

During handling of the above exception, another exception occurred:

self = <tests.test_search.TestSearch testMethod=test_search_transcript_two_sw_or>

    def assert_equal_na(self: unittest.TestCase):
        test = name
        expected_result = td[test]["expected_result"]
>       result_to_test = do_call(func, td[test]["args"])
                         ^^^^^^^^^^^^^^^^^^^^^^^^^^^^^^^

tests/from_json.py:87: 
_ _ _ _ _ _ _ _ _ _ _ _ _ _ _ _ _ _ _ _ _ _ _ _ _ _ _ _ _ _ _ _ _ _ _ _ _ _ _ _ 

func = <function search at 0x7f4ec2358ae0>
args = {'andor': 'or', 'id_type': 'transcript', 'limit': 5, 'release': 110, ...}

    def do_call(func, args):
        if isinstance(args, dict):
>           return func(**args)
                   ^^^^^^^^^^^^

tests/from_json.py:57: 
_ _ _ _ _ _ _ _ _ _ _ _ _ _ _ _ _ _ _ _ _ _ _ _ _ _ _ _ _ _ _ _ _ _ _ _ _ _ _ _ 

searchwords = ['SNORA71', '201'], species = 'accipiter', release = 110
id_type = 'transcript', seqtype = None, andor = 'or', limit = 5
wrap_text = False, json = False, save = False, verbose = True

    def search(
        searchwords,
        species,
        release=None,
        id_type="gene",
        seqtype=None,
        andor="or",
        limit=None,
        wrap_text=False,
        json=False,
        save=False,
        verbose=True,
    ):
        """
        Function to query Ensembl for genes based on species and free form search terms.
        Automatically fetches results from latest Ensembl release, unless user specifies database (see 'species' argument)
        or release database (see 'release' argument).
    
        Args:
        - searchwords     Free form search words (not case-sensitive) as a string or list of strings
                          (e.g.searchwords = ["GABA", "gamma-aminobutyric"]).
        - species         Species can be passed in the format "genus_species", e.g. "homo_sapiens" or "arabidopsis_thaliana".
                          To pass a specific database, enter the name of the core database, e.g. "mus_musculus_dba2j_core_105_1".
                          All available core databases can be found here:
                          Vertebrates: http://ftp.ensembl.org/pub/current/mysql/
                          Invertebrates: http://ftp.ensemblgenomes.org/pub/current/ + kingdom + mysql/
        - release         Defines the Ensembl release number from which the files are fetched, e.g. 104.
                          Note: This argument does not apply to invertebrate species (you can pass a specific core database (which includes release number) to the species argument instead).
                          This argument is overwritten if a specific database (which includes a release number) is passed to the species argument.
                          Default: None -> latest Ensembl release is used
        - id_type         "gene" (default) or "transcript"
                          Defines whether genes or transcripts matching the searchwords are returned.
        - andor           "or" (default) or "and"
                          "or": Returns all genes that INCLUDE AT LEAST ONE of the searchwords in their name/description.
                          "and": Returns only genes that INCLUDE ALL of the searchwords in their name/description.
        - limit           (int) Limit the number of search results returned (default: None).
        - wrap_text       If True, displays data frame with wrapped text for easy reading. Default: False.
        - json            If True, returns results in json format instead of data frame. Default: False.
        - save            If True, the data frame is saved as a csv in the current directory (default: False).
        - verbose         True/False whether to print progress information. Default True.
    
        Returns a data frame with the query results.
    
        Note: Only returns results based on matches in the "gene name" or "description" sections in the Ensembl database.
    
        Deprecated arguments: 'seqtype' (renamed to id_type)
        """
        # Handle deprecated arguments
        if seqtype:
            logger.error(
                "'seqtype' argument deprecated! Please use argument 'id_type' instead."
            )
            return
    
        start_time = time.time()
    
        ## Check validity or arguments
        # Check if id_type is valid
        id_types = ["gene", "transcript"]
        id_type = id_type.lower()
        if id_type not in id_types:
            raise ValueError(
                f"ID type (id_type) specified is '{id_type}'. Expected one of: {', '.join(id_types)}"
            )
    
        # Check if 'andor' arg is valid
        andors = ["and", "or"]
        andor = andor.lower()
        if andor not in andors:
            raise ValueError(
                f"'andor' argument specified as {andor}. Expected one of {', '.join(andors)}"
            )
    
        ## Get database for specified species
        # Species shortcuts
        if species == "human":
            species = "homo_sapiens"
        if species == "mouse":
            species = "mus_musculus"
    
        # If a specific database is passed with the "/" at the end, remove it
        if "/" in species:
            species = species.split("/")[0]
    
        # In case species was passed with upper case letters
        species = species.lower()
    
        if "core" in species:
            db = species
            if release:
                logger.warning(
                    "Specified release overwritten because database name was provided."
                )
        else:
            if release:
                ens_rel = release
            else:
                # Find latest Ensembl release
                ens_rel = find_latest_ens_rel()
    
            # Fetch ensembl databases
            databases = search_species_options(database=ENSEMBL_FTP_URL, release=ens_rel)
    
            # Add ensembl invertebrate databases
>           databases += search_species_options(database=ENSEMBL_FTP_URL_NV, release=None)
                         ^^^^^^^^^^^^^^^^^^^^^^^^^^^^^^^^^^^^^^^^^^^^^^^^^^^^^^^^^^^^^^^^^

gget/gget_search.py:139: 
_ _ _ _ _ _ _ _ _ _ _ _ _ _ _ _ _ _ _ _ _ _ _ _ _ _ _ _ _ _ _ _ _ _ _ _ _ _ _ _ 

database = 'http://ftp.ensemblgenomes.org/pub/', release = None

    def search_species_options(database=ENSEMBL_FTP_URL, release=None):
        """
        Function to find all available species core databases for gget search.
    
        Args:
        - release   Ensembl release for which the databases are fetched.
                    (Default: latest release.)
    
        Returns list of available core databases.
        """
        # Find latest Ensembl release
        ENS_rel = find_latest_ens_rel(database)
    
        # If release != None, use user-defined Ensembl release
        if release != None:
            if release > ENS_rel:
                logger.warning(
                    f"Provided Ensembl release number {release} is greater than the latest release ({ENS_rel})."
                )
            ENS_rel = release
    
        ## Find all available databases
        # Handle structure of invertebrate database
        if "ensemblgenomes" in database:
            databases = []
            kds = ["plants", "protists", "metazoa", "fungi"]
            for kingdom in kds:
                url = database + f"release-{ENS_rel}/{kingdom}/mysql/"
>               html = requests.get(url)
                       ^^^^^^^^^^^^^^^^^

gget/utils.py:793: 
_ _ _ _ _ _ _ _ _ _ _ _ _ _ _ _ _ _ _ _ _ _ _ _ _ _ _ _ _ _ _ _ _ _ _ _ _ _ _ _ 

url = 'http://ftp.ensemblgenomes.org/pub/release-61/plants/mysql/'
params = None, kwargs = {}

    def get(url, params=None, **kwargs):
        r"""Sends a GET request.
    
        :param url: URL for the new :class:`Request` object.
        :param params: (optional) Dictionary, list of tuples or bytes to send
            in the query string for the :class:`Request`.
        :param \*\*kwargs: Optional arguments that ``request`` takes.
        :return: :class:`Response <Response>` object
        :rtype: requests.Response
        """
    
>       return request("get", url, params=params, **kwargs)
               ^^^^^^^^^^^^^^^^^^^^^^^^^^^^^^^^^^^^^^^^^^^^

/opt/hostedtoolcache/Python/3.12.13/x64/lib/python3.12/site-packages/requests/api.py:73: 
_ _ _ _ _ _ _ _ _ _ _ _ _ _ _ _ _ _ _ _ _ _ _ _ _ _ _ _ _ _ _ _ _ _ _ _ _ _ _ _ 

method = 'get'
url = 'http://ftp.ensemblgenomes.org/pub/release-61/plants/mysql/'
kwargs = {'params': None}
session = <requests.sessions.Session object at 0x7f4ec0699d00>

    def request(method, url, **kwargs):
        """Constructs and sends a :class:`Request <Request>`.
    
        :param method: method for the new :class:`Request` object: ``GET``, ``OPTIONS``, ``HEAD``, ``POST``, ``PUT``, ``PATCH``, or ``DELETE``.
        :param url: URL for the new :class:`Request` object.
        :param params: (optional) Dictionary, list of tuples or bytes to send
            in the query string for the :class:`Request`.
        :param data: (optional) Dictionary, list of tuples, bytes, or file-like
            object to send in the body of the :class:`Request`.
        :param json: (optional) A JSON serializable Python object to send in the body of the :class:`Request`.
        :param headers: (optional) Dictionary of HTTP Headers to send with the :class:`Request`.
        :param cookies: (optional) Dict or CookieJar object to send with the :class:`Request`.
        :param files: (optional) Dictionary of ``'name': file-like-objects`` (or ``{'name': file-tuple}``) for multipart encoding upload.
            ``file-tuple`` can be a 2-tuple ``('filename', fileobj)``, 3-tuple ``('filename', fileobj, 'content_type')``
            or a 4-tuple ``('filename', fileobj, 'content_type', custom_headers)``, where ``'content_type'`` is a string
            defining the content type of the given file and ``custom_headers`` a dict-like object containing additional headers
            to add for the file.
        :param auth: (optional) Auth tuple to enable Basic/Digest/Custom HTTP Auth.
[...]
request = <PreparedRequest [GET]>, stream = False
timeout = Timeout(connect=None, read=None, total=None), verify = True
cert = None, proxies = OrderedDict()

    def send(
        self, request, stream=False, timeout=None, verify=True, cert=None, proxies=None
    ):
        """Sends PreparedRequest object. Returns Response object.
    
        :param request: The :class:`PreparedRequest <PreparedRequest>` being sent.
        :param stream: (optional) Whether to stream the request content.
        :param timeout: (optional) How long to wait for the server to send
            data before giving up, as a float, or a :ref:`(connect timeout,
            read timeout) <timeouts>` tuple.
        :type timeout: float or tuple or urllib3 Timeout object
        :param verify: (optional) Either a boolean, in which case it controls whether
            we verify the server's TLS certificate, or a string, in which case it
            must be a path to a CA bundle to use
        :param cert: (optional) Any user-provided SSL certificate to be trusted.
        :param proxies: (optional) The proxies dictionary to apply to the request.
        :rtype: requests.Response
        """
    
        try:
            conn = self.get_connection_with_tls_context(
                request, verify, proxies=proxies, cert=cert
            )
        except LocationValueError as e:
            raise InvalidURL(e, request=request)
    
        self.cert_verify(conn, request.url, verify, cert)
        url = self.request_url(request, proxies)
        self.add_headers(
            request,
            stream=stream,
            timeout=timeout,
            verify=verify,
            cert=cert,
            proxies=proxies,
        )
    
        chunked = not (request.body is None or "Content-Length" in request.headers)
    
        if isinstance(timeout, tuple):
            try:
                connect, read = timeout
                timeout = TimeoutSauce(connect=connect, read=read)
            except ValueError:
                raise ValueError(
                    f"Invalid timeout {timeout}. Pass a (connect, read) timeout tuple, "
                    f"or a single float to set both timeouts to the same value."
                )
        elif isinstance(timeout, TimeoutSauce):
            pass
        else:
            timeout = TimeoutSauce(connect=timeout, read=timeout)
    
        try:
            resp = conn.urlopen(
                method=request.method,
                url=url,
                body=request.body,
                headers=request.headers,
                redirect=False,
                assert_same_host=False,
                preload_content=False,
                decode_content=False,
                retries=self.max_retries,
                timeout=timeout,
                chunked=chunked,
            )
    
        except (ProtocolError, OSError) as err:
            raise ConnectionError(err, request=request)
    
        except MaxRetryError as e:
            if isinstance(e.reason, ConnectTimeoutError):
                # TODO: Remove this in 3.0.0: see #2811
                if not isinstance(e.reason, NewConnectionError):
                    raise ConnectTimeout(e, request=request)
    
            if isinstance(e.reason, ResponseError):
                raise RetryError(e, request=request)
    
            if isinstance(e.reason, _ProxyError):
                raise ProxyError(e, request=request)
    
            if isinstance(e.reason, _SSLError):
                # This branch is for urllib3 v1.22 and later.
                raise SSLError(e, request=request)
    
>           raise ConnectionError(e, request=request)
E           requests.exceptions.ConnectionError: HTTPConnectionPool(host='ftp.ensemblgenomes.org', port=80): Max retries exceeded with url: /pub/release-61/plants/mysql/ (Caused by NewConnectionError("HTTPConnection(host='ftp.ensemblgenomes.org', port=80): Failed to establish a new connection: [Errno 111] Connection refused"))

/opt/hostedtoolcache/Python/3.12.13/x64/lib/python3.12/site-packages/requests/adapters.py:678: ConnectionError
=============================== warnings summary ===============================
tests/test_blast.py::TestBlast::test_blast_nt
  /home/runner/work/gget/gget/gget/gget_blast.py:327: FutureWarning: Passing literal html to 'read_html' is deprecated and will be removed in a future version. To read from a literal string, wrap it in a 'StringIO' object.
    results_df = pd.read_html(str(dsc_table))[0]

tests/test_cbio.py::TestCbioSearch::test_cbio_search
tests/test_cbio.py::TestCbioSearch::test_cbio_search
  /opt/hostedtoolcache/Python/3.12.13/x64/lib/python3.12/site-packages/swagger_spec_validator/validator12.py:18: DeprecationWarning: jsonschema.RefResolver is deprecated as of v4.18.0, in favor of the https://github.com/python-jsonschema/referencing library, which provides more compliant referencing behavior as well as more flexible APIs for customization. A future release will remove RefResolver. Please file a feature request (on referencing) if you are missing an API for the kind of customization you need.
    from jsonschema import RefResolver

tests/test_cbio.py::TestCbioSearch::test_cbio_search
  /opt/hostedtoolcache/Python/3.12.13/x64/lib/python3.12/site-packages/swagger_spec_validator/ref_validators.py:14: DeprecationWarning: jsonschema.RefResolver is deprecated as of v4.18.0, in favor of the https://github.com/python-jsonschema/referencing library, which provides more compliant referencing behavior as well as more flexible APIs for customization. A future release will remove RefResolver. Please file a feature request (on referencing) if you are missing an API for the kind of customization you need.
    from jsonschema.validators import RefResolver

tests/test_cbio.py::TestCbioSearch::test_cbio_search
  /opt/hostedtoolcache/Python/3.12.13/x64/lib/python3.12/site-packages/swagger_spec_validator/validator20.py:18: DeprecationWarning: jsonschema.RefResolver is deprecated as of v4.18.0, in favor of the https://github.com/python-jsonschema/referencing library, which provides more compliant referencing behavior as well as more flexible APIs for customization. A future release will remove RefResolver. Please file a feature request (on referencing) if you are missing an API for the kind of customization you need.
    from jsonschema.validators import RefResolver

tests/test_cbio.py::TestCbioSearch::test_cbio_search
tests/test_cbio.py::TestCbioSearch::test_cbio_search
  /opt/hostedtoolcache/Python/3.12.13/x64/lib/python3.12/site-packages/bravado_core/swagger20_validator.py:6: DeprecationWarning: jsonschema.RefResolver is deprecated as of v4.18.0, in favor of the https://github.com/python-jsonschema/referencing library, which provides more compliant referencing behavior as well as more flexible APIs for customization. A future release will remove RefResolver. Please file a feature request (on referencing) if you are missing an API for the kind of customization you need.
    from jsonschema import RefResolver

tests/test_cbio.py::TestCbioSearch::test_cbio_search
  /opt/hostedtoolcache/Python/3.12.13/x64/lib/python3.12/site-packages/bravado_core/spec.py:14: DeprecationWarning: jsonschema.RefResolver is deprecated as of v4.18.0, in favor of the https://github.com/python-jsonschema/referencing library, which provides more compliant referencing behavior as well as more flexible APIs for customization. A future release will remove RefResolver. Please file a feature request (on referencing) if you are missing an API for the kind of customization you need.
    from jsonschema.validators import RefResolver

tests/test_cbio.py: 16 warnings
  /opt/hostedtoolcache/Python/3.12.13/x64/lib/python3.12/site-packages/bravado_core/model.py:888: DeprecationWarning: jsonschema.RefResolver.in_scope is deprecated and will be removed in a future release.
    with spec.resolver.in_scope(additional_uri):

tests/test_cellxgene.py::TestCellxgene::test_cellxgene_adata
  /home/runner/work/gget/gget/gget/gget_cellxgene.py:222: FutureWarning: The argument `column_names` is deprecated and will be removed in a future release. Please use `obs_column_names` and `var_column_names` instead.
    adata = cellxgene_census.get_anndata(

tests/test_cellxgene.py::TestCellxgene::test_cellxgene_adata
tests/test_cellxgene.py::TestCellxgene::test_cellxgene_adata
  /opt/hostedtoolcache/Python/3.12.13/x64/lib/python3.12/functools.py:912: ImplicitModificationWarning: Transforming to str index.
    return dispatch(args[0].__class__)(*args, **kw)

tests/test_cosmic.py::TestCosmicWorkflow::test_cosmic_defaults
  /home/runner/work/gget/gget/gget/gget_cosmic.py:183: DeprecationWarning: Python 3.14 will, by default, filter extracted tar archives and reject files or modify their metadata. Use the filter argument to control this behavior.
    tar.extractall(path=tar_folder_path)

tests/test_cosmic.py::TestCosmicWorkflow::test_cosmic_defaults
  /home/runner/work/gget/gget/tests/from_json.py:69: FutureWarning: Downcasting behavior in `replace` is deprecated and will be removed in a future version. To retain the old behavior, explicitly call `result.infer_objects(copy=False)`. To opt-in to the future behavior, set `pd.set_option('future.no_silent_downcasting', True)`
    expected_result = expected_result.replace({None: np.nan})

tests/test_mutate.py: 29 warnings
  /home/runner/work/gget/gget/gget/gget_mutate.py:663: UserWarning: This pattern is interpreted as a regular expression, and has match groups. To actually get the groups, use str.extract.
    mask = mutations[mut_column].str.contains(combined_pattern)

tests/test_ref.py: 22 warnings
tests/test_utils.py: 1 warning
  /home/runner/work/gget/gget/gget/utils.py:924: DeprecationWarning: Call to deprecated method findAll. (Replaced by find_all) -- Deprecated since version 4.0.0.
    for subsoup in soup.body.findAll("a"):

tests/test_ref.py: 39 warnings
  /home/runner/work/gget/gget/gget/gget_ref.py:43: DeprecationWarning: Call to deprecated method findAll. (Replaced by find_all) -- Deprecated since version 4.0.0.
    links = [stuff.text.strip() for stuff in soup.findAll("td")]

tests/test_ref.py::TestRef::test_ref
tests/test_ref.py::TestRef::test_ref_ftp
  /home/runner/work/gget/gget/gget/gget_ref.py:350: DeprecationWarning: Call to deprecated method findAll. (Replaced by find_all) -- Deprecated since version 4.0.0.
    links = [stuff.text.strip() for stuff in soup.findAll("td")]

tests/test_ref.py: 32 warnings
tests/test_utils.py: 4 warnings
  /home/runner/work/gget/gget/gget/utils.py:899: DeprecationWarning: Call to deprecated method findAll. (Replaced by find_all) -- Deprecated since version 4.0.0.
    for subsoup in soup.body.findAll("a"):

tests/test_ref.py: 7 warnings
tests/test_search.py: 40 warnings
  /home/runner/work/gget/gget/gget/utils.py:845: DeprecationWarning: Call to deprecated method findAll. (Replaced by find_all) -- Deprecated since version 4.0.0.
    for subsoup in soup.body.findAll("a"):

tests/test_search.py: 10 warnings
  /home/runner/work/gget/gget/gget/gget_search.py:244: UserWarning: pandas only supports SQLAlchemy connectable (engine/connection) or database string URI or sqlite3 DBAPI2 connection. Other DBAPI2 objects are not tested. Please consider using SQLAlchemy.
    df_temp = pd.read_sql(query, con=db_connection)

tests/test_search.py: 9 warnings
tests/test_utils.py: 1 warning
  /home/runner/work/gget/gget/gget/utils.py:822: DeprecationWarning: Call to deprecated method findAll. (Replaced by find_all) -- Deprecated since version 4.0.0.
    for subsoup in soup.body.findAll("a"):

tests/test_search.py: 32 warnings
tests/test_utils.py: 4 warnings
  /home/runner/work/gget/gget/gget/utils.py:804: DeprecationWarning: Call to deprecated method findAll. (Replaced by find_all) -- Deprecated since version 4.0.0.
    for subsoup in soup.body.findAll("a"):

tests/test_search.py::TestSearch::test_search_gene_two_sw_limit
tests/test_search.py::TestSearch::test_search_transcript_one_sw
tests/test_search.py::TestSearch::test_search_transcript_two_sw_and
  /home/runner/work/gget/gget/gget/gget_search.py:279: UserWarning: pandas only supports SQLAlchemy connectable (engine/connection) or database string URI or sqlite3 DBAPI2 connection. Other DBAPI2 objects are not tested. Please consider using SQLAlchemy.
    df_temp = pd.read_sql(query, con=db_connection)

-- Docs: https://docs.pytest.org/en/stable/how-to/capture-warnings.html
================================ tests coverage ================================
_______________ coverage: platform linux, python 3.12.13-final-0 _______________

Name                       Stmts   Miss  Cover   Missing
--------------------------------------------------------
gget/__init__.py              35      2    94%   34-35
gget/__main__.py               2      2     0%   1-3
gget/compile.py               39     27    31%   30-84
gget/constants.py             34      0   100%
gget/gget_8cube.py            83     28    66%   26-27, 34-43, 93, 105, 112, 115-118, 158, 175, 182, 185-188, 229, 246, 255, 258-261
gget/gget_alphafold.py       362    321    11%   86-108, 115-116, 123-149, 181-186, 233-867
gget/gget_archs4.py           79     13    84%   75-78, 84, 107, 123-126, 139-142, 148, 170, 198-201, 207
gget/gget_bgee.py             56      6    89%   60, 83, 103, 130, 154, 175
gget/gget_blast.py           127     36    72%   92, 124-142, 163-165, 204, 207, 246-248, 296-299, 302-303, 322-325, 332-333, 336-341, 346, 351-354
gget/gget_blat.py             86     10    88%   58-62, 95, 136, 139, 168, 232-233, 239
gget/gget_cbio.py            524    403    23%   28, 39-67, 77-87, 136-137, 143-147, 154-157, 161, 164, 172-177, 208, 226, 265, 271-275, 278, 282-294, 296, 322-331, 334, 376-389, 393-416, 420-441, 447-450, 454-473, 477, 494-537, 540-757, 760-789, 802-1164, 1218-1254
gget/gget_cellxgene.py        53      9    83%   21-22, 140-149, 176, 215, 231, 247
gget/gget_cosmic.py          277    153    45%   24-26, 30-82, 94-109, 112-114, 117-119, 122-126, 131-135, 140-142, 155-168, 189-202, 220, 242-243, 283-308, 311, 396-398, 410, 416, 424, 427-429, 454-472, 496-621, 637-646, 649, 651, 653, 852-855, 868-870, 879-891, 896-901
gget/gget_diamond.py          98     26    73%   16, 69, 75, 77, 95, 98-99, 105, 111, 117-121, 130-132, 145, 147, 160, 162, 181, 184, 216-217, 223
gget/gget_elm.py             158     22    86%   128, 278, 301, 325-332, 353, 420-423, 426, 436, 490, 503, 506-515, 519-520
gget/gget_enrichr.py         213     42    80%   39-42, 48, 172, 226-237, 254-255, 263-264, 290, 310, 316-322, 336, 364-374, 403-418, 439, 451-453, 555, 564-565, 575-576, 583
gget/gget_gpt.py              20      6    70%   56-65, 88, 110-111
gget/gget_info.py            316    106    66%   58-59, 63-64, 150-152, 161-162, 175, 201-206, 213-216, 242, 255-266, 300-308, 324-342, 368-369, 453-454, 461-462, 465-466, 469-470, 473-474, 507-508, 511-512, 515-516, 543-544, 547-548, 551-552, 575-576, 579-673, 677
gget/gget_muscle.py           85     12    86%   17, 45, 68-69, 78-80, 91, 94, 115, 162-163
gget/gget_mutate.py          434    193    56%   124-175, 186, 190-198, 215-226, 274-278, 283-287, 291-296, 300-305, 309-312, 317-320, 324-334, 340-350, 493, 516-520, 528, 538-542, 553-557, 576, 583, 593-600, 611, 616, 624, 635, 730-741, 855-879, 891-904, 948-985, 1032-1050, 1053-1056, 1070-1077, 1083-1093, 1109-1110, 1147, 1152, 1156, 1160, 1165-1241, 1255-1258, 1299, 1308-1324, 1332-1336, 1341, 1349, 1353
gget/gget_opentargets.py     148     24    84%   75, 91, 104-106, 136-142, 147-149, 154-155, 184, 186, 192-195, 199-205, 285, 385-386
gget/gget_pdb.py              60     22    63%   52, 58, 67, 75, 83, 104, 108-110, 113-129, 141-147
gget/gget_ref.py             215     57    73%   32, 97-98, 117-118, 124-152, 161, 174, 176, 178-179, 186-187, 225, 244, 256-258, 279-281, 308-310, 329-331, 384-386, 485-494, 507, 512-513, 529-534, 538, 542, 548, 553-554
gget/gget_search.py          142     24    83%   84-87, 96, 113, 117, 125, 149-150, 157, 165-171, 213-222, 290, 308-309, 315-316, 368-369, 376-377, 385
gget/gget_seq.py             146     24    84%   44-47, 49, 119, 140-143, 177-178, 207-208, 245-248, 271-272, 293, 312-315, 334, 356, 365, 402-405
gget/gget_setup.py           215    149    31%   49-90, 108, 113, 116, 128-138, 152, 175-176, 189, 199, 209, 221-466
gget/gget_virus.py          2921   1659    43%   138, 198, 239-247, 261, 265, 276-277, 318-322, 327-341, 348, 359-360, 378-383, 398-414, 427-428, 463-502, 555, 679-680, 684, 742, 748-749, 753-783, 792, 796-799, 807, 810, 814-822, 861-892, 965-966, 1018-1020, 1070-1222, 1247-1248, 1268-1531, 1540-1541, 1583-1680, 1705-1706, 1739-1740, 1773-2003, 2025-2074, 2127-2280, 2328-2440, 2494-2601, 2635, 2642-2643, 2711, 2730-2752, 2768-2770, 2816, 2847, 2870, 2879-2933, 2941, 2944-2945, 2952-2954, 2965-2979, 3007-3015, 3051, 3102-3109, 3192-3193, 3237, 3243-3249, 3260, 3277-3283, 3295-3301, 3332, 3339-3340, 3346-3347, 3495, 3510-3511, 3515-3517, 3554, 3557-3558, 3560-3562, 3598, 3601-3602, 3604-3606, 3618-3621, 3630-3638, 3642-3650, 3654-3667, 3671-3687, 3691-3704, 3708-3716, 3719-3723, 3734-3737, 3756-3757, 3811-3814, 3980-3982, 4012-4014, 4047, 4050, 4062-4063, 4092-4093, 4097-4105, 4109-4126, 4136, 4139, 4143-4147, 4190-4192, 4223, 4233-4298, 4400, 4437-4443, 4453, 4482-4485, 4512-4515, 4531, 4534-4535, 4600, 4643, 4655-4658, 4823-4825, 4862-5028, 5097, 5135-5137, 5151-5165, 5169-5179, 5183-5187, 5200-5204, 5208-5221, 5245-5248, 5251-5253, 5267-5270, 5273-5275, 5288-5318, 5322-5341, 5353-5356, 5359-5362, 5367-5385, 5389-5399, 5405-5407, 5418-5480, 5485-5516, 5529-5536, 5650, 5684-5688, 5725, 5729-5730, 5770, 5785, 5799-5800, 5845-5847, 5881, 5883-5922, 5930, 5932-5970, 5981-6019, 6062, 6081, 6086-6103, 6107-6134, 6137-6153, 6170-6171, 6217-6234, 6245-6246, 6255-6279, 6284, 6327, 6340-6342, 6351-6356, 6385-6399, 6422-6431, 6464-6467, 6487-6637, 6652-6653, 6659-6672, 6674, 6677-6680, 6683-6687, 6700
gget/main.py                 857    857     0%   1-3872
gget/utils.py                448     80    82%   31, 36-42, 72, 95, 119, 122, 186, 193, 245, 257, 285, 296, 347, 367, 378, 411-412, 452-453, 468-469, 476-478, 494-495, 501-502, 623-639, 647-650, 676, 695, 757, 797, 837, 953, 961, 969-989, 994, 999, 1005-1006, 1024-1025, 1116, 1140-1141, 1156, 1164
--------------------------------------------------------
TOTAL                       8233   4313    48%
============================= slowest 10 durations =============================
78.52s call     tests/test_blast.py::TestBlast::test_blast_nt
45.30s call     tests/test_search.py::TestSearch::test_search_gene_two_sw_limit
37.69s call     tests/test_virus.py::TestVirus::test_virus_integer_virus_id
33.67s call     tests/test_virus.py::TestVirus::test_virus_with_protein_count_filters
30.97s call     tests/test_virus.py::TestVirus::test_virus_with_lab_passaged_filter
30.94s call     tests/test_virus.py::TestVirus::test_virus_with_max_ambiguous_chars_filter
28.43s call     tests/test_virus.py::TestVirus::test_virus_with_source_database_filter
27.93s call     tests/test_virus.py::TestVirus::test_virus_with_has_proteins_filter
24.61s call     tests/test_virus.py::TestVirus::test_virus_with_annotated_filter
22.78s call     tests/test_virus.py::TestVirus::test_virus_with_collection_date_filters
=========================== short test summary info ============================
FAILED tests/test_search.py::TestSearch::test_search_transcript_two_sw_or - requests.exceptions.ConnectionError: HTTPConnectionPool(host='ftp.ensemblgenomes.org', port=80): Max retries exceeded with url: /pub/release-61/plants/mysql/ (Caused by NewConnectionError("HTTPConnection(host='ftp.ensemblgenomes.org', port=80): Failed to establish a new connection: [Errno 111] Connection refused"))
=========== 1 failed, 255 passed, 264 warnings in 817.66s (0:13:37) ============
