Pytest results (Python 3.12) - 2026-03-26T16:31:40Z

============================= test session starts ==============================
platform linux -- Python 3.12.13, pytest-9.0.2, pluggy-1.6.0 -- /opt/hostedtoolcache/Python/3.12.13/x64/bin/python
cachedir: .pytest_cache
rootdir: /home/runner/work/gget/gget
configfile: pyproject.toml
plugins: fast-array-utils-1.3.1, cov-7.1.0, zarr-3.1.6
collecting ... collected 263 items

tests/test_8cube.py::TestSpecificity::test_specificity_basic PASSED      [  0%]
tests/test_8cube.py::TestPsiBlock::test_psi_block_basic PASSED           [  0%]
tests/test_8cube.py::TestGeneExpression::test_gene_expression_basic PASSED [  1%]
tests/test_archs4.py::TestArchs4::test_archs4_bad_ensembl PASSED         [  1%]
tests/test_archs4.py::TestArchs4::test_archs4_bad_gene PASSED            [  1%]
tests/test_archs4.py::TestArchs4::test_archs4_bad_gene_tissue PASSED     [  2%]
tests/test_archs4.py::TestArchs4::test_archs4_bad_species PASSED         [  2%]
tests/test_archs4.py::TestArchs4::test_archs4_bad_which PASSED           [  3%]
tests/test_archs4.py::TestArchs4::test_archs4_defaults PASSED            [  3%]
tests/test_archs4.py::TestArchs4::test_archs4_mouse_json_ensembl PASSED  [  3%]
tests/test_archs4.py::TestArchs4::test_archs4_tissue PASSED              [  4%]
tests/test_archs4.py::TestArchs4::test_archs4_tissue_ensembl PASSED      [  4%]
tests/test_archs4.py::TestArchs4::test_archs4_tissue_json PASSED         [  4%]
tests/test_archs4.py::TestArchs4::test_archs4_tissue_mouse PASSED        [  5%]
tests/test_bgee.py::TestBgee::test_bgee_expression PASSED                [  5%]
tests/test_bgee.py::TestBgee::test_bgee_expression_multiple PASSED       [  6%]
tests/test_bgee.py::TestBgee::test_bgee_orthologs PASSED                 [  6%]
tests/test_bgee.py::TestBgee::test_error_bgee_expression_no_exist PASSED [  6%]
tests/test_bgee.py::TestBgee::test_error_bgee_orthologs_no_exist PASSED  [  7%]
tests/test_bgee.py::TestBgee::test_error_bgee_unknown_type PASSED        [  7%]
tests/test_blast.py::TestBlast::test_blast_bad_db1 PASSED                [  7%]
tests/test_blast.py::TestBlast::test_blast_bad_db2 PASSED                [  8%]
tests/test_blast.py::TestBlast::test_blast_bad_fasta PASSED              [  8%]
tests/test_blast.py::TestBlast::test_blast_bad_program PASSED            [  9%]
tests/test_blast.py::TestBlast::test_blast_bad_seq PASSED                [  9%]
tests/test_blast.py::TestBlast::test_blast_db_missing PASSED             [  9%]
tests/test_blast.py::TestBlast::test_blast_nt PASSED                     [ 10%]
tests/test_blat.py::TestBlat::test_blat_aa PASSED                        [ 10%]
tests/test_blat.py::TestBlat::test_blat_aa_RNA PASSED                    [ 11%]
tests/test_blat.py::TestBlat::test_blat_aa_protein PASSED                [ 11%]
tests/test_blat.py::TestBlat::test_blat_bad_assembly PASSED              [ 11%]
tests/test_blat.py::TestBlat::test_blat_bad_fasta PASSED                 [ 12%]
tests/test_blat.py::TestBlat::test_blat_bad_fileformat PASSED            [ 12%]
tests/test_blat.py::TestBlat::test_blat_bad_seqtype PASSED               [ 12%]
tests/test_blat.py::TestBlat::test_blat_bad_txt PASSED                   [ 13%]
tests/test_blat.py::TestBlat::test_blat_nt PASSED                        [ 13%]
tests/test_blat.py::TestBlat::test_blat_nt_DNA PASSED                    [ 14%]
tests/test_blat.py::TestBlat::test_blat_nt_RNA PASSED                    [ 14%]
tests/test_blat.py::TestBlat::test_blat_nt_fasta PASSED                  [ 14%]
tests/test_blat.py::TestBlat::test_blat_nt_json PASSED                   [ 15%]
tests/test_blat.py::TestBlat::test_blat_nt_protein PASSED                [ 15%]
tests/test_blat.py::TestBlat::test_blat_nt_transDNA PASSED               [ 15%]
tests/test_blat.py::TestBlat::test_blat_nt_txt PASSED                    [ 16%]
tests/test_blat.py::TestBlat::test_blat_shortseq PASSED                  [ 16%]
tests/test_cbio.py::TestCbioSearch::test_cbio_search PASSED              [ 17%]
tests/test_cbio.py::TestCbio::test_cbio_download PASSED                  [ 17%]
tests/test_cbio.py::TestCbio::test_cbio_download_partially_existing_files PASSED [ 17%]
tests/test_cbio.py::TestCbio::test_error_cbio_download PASSED            [ 18%]
tests/test_cellxgene.py::TestCellxgene::test_cellxgene_adata PASSED      [ 18%]
tests/test_cellxgene.py::TestCellxgene::test_cellxgene_metadata PASSED   [ 19%]
tests/test_compile.py::TestCompilerWindows::test_compiler_windows PASSED [ 19%]
tests/test_cosmic.py::TestCosmicWorkflow::test_cosmic_defaults PASSED    [ 19%]
tests/test_diamond.py::TestDiamond::test_diamond_JSON_out PASSED         [ 20%]
tests/test_diamond.py::TestDiamond::test_diamond_both_files PASSED       [ 20%]
tests/test_diamond.py::TestDiamond::test_diamond_query_file PASSED       [ 20%]
tests/test_diamond.py::TestDiamond::test_diamond_ref_file PASSED         [ 21%]
tests/test_diamond.py::TestDiamond::test_diamond_seqs_multiple PASSED    [ 21%]
tests/test_diamond.py::TestDiamond::test_diamond_seqs_single PASSED      [ 22%]
tests/test_elm.py::TestELM::test_elm_uniprot_aminoacidseq PASSED         [ 22%]
tests/test_elm.py::TestELM::test_elm_uniprot_id_in_elm PASSED            [ 22%]
tests/test_elm.py::TestELM::test_elm_uniprot_id_new PASSED               [ 23%]
tests/test_enrichr.py::TestEnrichr::test_enrichr_background PASSED       [ 23%]
tests/test_enrichr.py::TestEnrichr::test_enrichr_background_ensembl PASSED [ 23%]
tests/test_enrichr.py::TestEnrichr::test_enrichr_bad_background PASSED   [ 24%]
tests/test_enrichr.py::TestEnrichr::test_enrichr_bad_background_list PASSED [ 24%]
tests/test_enrichr.py::TestEnrichr::test_enrichr_bad_database_shortcut PASSED [ 25%]
tests/test_enrichr.py::TestEnrichr::test_enrichr_bad_gene PASSED         [ 25%]
tests/test_enrichr.py::TestEnrichr::test_enrichr_bad_species PASSED      [ 25%]
tests/test_enrichr.py::TestEnrichr::test_enrichr_celltypes PASSED        [ 26%]
tests/test_enrichr.py::TestEnrichr::test_enrichr_diseases_drugs PASSED   [ 26%]
tests/test_enrichr.py::TestEnrichr::test_enrichr_ensembl_ids PASSED      [ 26%]
tests/test_enrichr.py::TestEnrichr::test_enrichr_fish PASSED             [ 27%]
tests/test_enrichr.py::TestEnrichr::test_enrichr_fly PASSED              [ 27%]
tests/test_enrichr.py::TestEnrichr::test_enrichr_json PASSED             [ 28%]
tests/test_enrichr.py::TestEnrichr::test_enrichr_kinase_interactions PASSED [ 28%]
tests/test_enrichr.py::TestEnrichr::test_enrichr_mouse_is_human PASSED   [ 28%]
tests/test_enrichr.py::TestEnrichr::test_enrichr_none PASSED             [ 29%]
tests/test_enrichr.py::TestEnrichr::test_enrichr_ontology PASSED         [ 29%]
tests/test_enrichr.py::TestEnrichr::test_enrichr_pathway PASSED          [ 30%]
tests/test_enrichr.py::TestEnrichr::test_enrichr_plot PASSED             [ 30%]
tests/test_enrichr.py::TestEnrichr::test_enrichr_transcription PASSED    [ 30%]
tests/test_enrichr.py::TestEnrichr::test_enrichr_worm PASSED             [ 31%]
tests/test_enrichr.py::TestEnrichr::test_enrichr_yeast PASSED            [ 31%]
tests/test_gpt.py::TestGpt::test_gpt PASSED                              [ 31%]
tests/test_info.py::TestInfo::test_info_WB_transcript PASSED             [ 32%]
tests/test_info.py::TestInfo::test_info_exon PASSED                      [ 32%]
tests/test_info.py::TestInfo::test_info_gene PASSED                      [ 33%]
tests/test_info.py::TestInfo::test_info_gene_list_non_model PASSED       [ 33%]
tests/test_info.py::TestInfo::test_info_mix PASSED                       [ 33%]
tests/test_info.py::TestInfo::test_info_ncbifalse_uniprotfalse PASSED    [ 34%]
tests/test_info.py::TestInfo::test_info_ncbifalse_uniprottrue PASSED     [ 34%]
tests/test_info.py::TestInfo::test_info_ncbitrue_uniprotfalse PASSED     [ 34%]
tests/test_info.py::TestInfo::test_info_transcript PASSED                [ 35%]
tests/test_muscle.py::TestMuscle::test_muscle_nt PASSED                  [ 35%]
tests/test_muscle.py::TestMuscle::test_muscle_nt_txt PASSED              [ 36%]
tests/test_muscle.py::TestMuscleSuper::test_muscle_nt_super5 PASSED      [ 36%]
tests/test_muscle.py::TestMuscleAA::test_muscle_aa PASSED                [ 36%]
tests/test_muscle.py::TestMuscleSeqsInput::test_muscle_seqs_as_input PASSED [ 37%]
tests/test_muscle.py::TestMuscleAASuper::test_muscle_aa_super5 PASSED    [ 37%]
tests/test_muscle.py::TestMusclePrints::test_muscle_print_nt PASSED      [ 38%]
tests/test_mutate.py::TestMutate::test_ambiguous_mutation PASSED         [ 38%]
tests/test_mutate.py::TestMutate::test_index_error PASSED                [ 38%]
tests/test_mutate.py::TestMutate::test_intron_mutation_minus PASSED      [ 39%]
tests/test_mutate.py::TestMutate::test_intron_mutation_plus PASSED       [ 39%]
tests/test_mutate.py::TestMutate::test_inversion_with_overlaps PASSED    [ 39%]
tests/test_mutate.py::TestMutate::test_large_k PASSED                    [ 40%]
tests/test_mutate.py::TestMutate::test_list_of_mutations PASSED          [ 40%]
tests/test_mutate.py::TestMutate::test_multi_deletion PASSED             [ 41%]
tests/test_mutate.py::TestMutate::test_multi_deletion_with_right_repeats PASSED [ 41%]
tests/test_mutate.py::TestMutate::test_multi_delins PASSED               [ 41%]
tests/test_mutate.py::TestMutate::test_multi_delins_with_psuedo_left_repeats PASSED [ 42%]
tests/test_mutate.py::TestMutate::test_multi_delins_with_true_left_repeats PASSED [ 42%]
tests/test_mutate.py::TestMutate::test_multi_delins_with_true_right_repeats PASSED [ 42%]
tests/test_mutate.py::TestMutate::test_multi_dup PASSED                  [ 43%]
tests/test_mutate.py::TestMutate::test_multi_insertion PASSED            [ 43%]
tests/test_mutate.py::TestMutate::test_multi_insertion_with_left_repeats PASSED [ 44%]
tests/test_mutate.py::TestMutate::test_posttranslational_mutation PASSED [ 44%]
tests/test_mutate.py::TestMutate::test_single_deletion PASSED            [ 44%]
tests/test_mutate.py::TestMutate::test_single_deletion_with_left_repeats PASSED [ 45%]
tests/test_mutate.py::TestMutate::test_single_deletion_with_right_repeats PASSED [ 45%]
tests/test_mutate.py::TestMutate::test_single_delins PASSED              [ 46%]
tests/test_mutate.py::TestMutate::test_single_dup PASSED                 [ 46%]
tests/test_mutate.py::TestMutate::test_single_insertion PASSED           [ 46%]
tests/test_mutate.py::TestMutate::test_single_substitution PASSED        [ 47%]
tests/test_mutate.py::TestMutate::test_single_substitution_near_left_end PASSED [ 47%]
tests/test_mutate.py::TestMutate::test_single_substitution_near_right_end PASSED [ 47%]
tests/test_mutate.py::TestMutate::test_uncertain_mutation PASSED         [ 48%]
tests/test_mutate.py::test_csv_of_mutations PASSED                       [ 48%]
tests/test_mutate.py::test_mismatch_error PASSED                         [ 49%]
tests/test_opentargets.py::TestOpenTargets::test_error_opentargets_bad_limit PASSED [ 49%]
tests/test_opentargets.py::TestOpenTargets::test_error_opentargets_bad_resource PASSED [ 49%]
tests/test_opentargets.py::TestOpenTargets::test_error_opentargets_diseases_filter PASSED [ 50%]
tests/test_opentargets.py::TestOpenTargets::test_error_opentargets_drugs_invalid_filter PASSED [ 50%]
tests/test_opentargets.py::TestOpenTargets::test_error_opentargets_nonexistent_id PASSED [ 50%]
tests/test_opentargets.py::TestOpenTargets::test_error_opentargets_tractability_limit PASSED [ 51%]
tests/test_opentargets.py::TestOpenTargets::test_opentargets FAILED      [ 51%]
tests/test_opentargets.py::TestOpenTargets::test_opentargets_depmap FAILED [ 52%]
tests/test_opentargets.py::TestOpenTargets::test_opentargets_depmap_filter PASSED [ 52%]
tests/test_opentargets.py::TestOpenTargets::test_opentargets_drugs FAILED [ 52%]
tests/test_opentargets.py::TestOpenTargets::test_opentargets_drugs_no_limit FAILED [ 53%]
tests/test_opentargets.py::TestOpenTargets::test_opentargets_expression_no_limit FAILED [ 53%]

=================================== FAILURES ===================================
_______________________ TestOpenTargets.test_opentargets _______________________

self = <tests.test_opentargets.TestOpenTargets testMethod=test_opentargets>

    def assert_equal(self: unittest.TestCase):
        test = name
        expected_result = td[test]["expected_result"]
        result_to_test = do_call(func, td[test]["args"])
        if test == "test_cosmic_defaults":  # special case for cosmic
            import numpy as np
            expected_result = pd.DataFrame(expected_result[0])
            expected_result = expected_result.replace({None: np.nan})
            # result_to_test.equals(expected_result)
            pd.testing.assert_frame_equal(result_to_test, expected_result)
            return
    
        # If result is a DataFrame, convert to list
        if isinstance(result_to_test, pd.DataFrame):
            result_to_test = result_to_test.dropna(axis=1).values.tolist()
    
>       self.assertEqual(result_to_test, expected_result)
E       AssertionError: Lists differ: [['EF[171 chars]', 0.7297489019498119], ['MONDO_0004979', 'ast[535 chars]653]] != [['EF[171 chars]', 0.6908981975876463], ['MONDO_0004979', 'ast[535 chars]614]]
E       
E       First differing element 0:
E       ['EFO[129 chars] occurs during the first 2 years of life.', 0.7297489019498119]
E       ['EFO[129 chars] occurs during the first 2 years of life.', 0.6908981975876463]
E       
E         [['EFO_0000274',
E           'atopic eczema',
E           'A common chronic pruritic inflammatory skin disease with a strong genetic '
E           'component. Onset typically occurs during the first 2 years of life.',
E       -   0.7297489019498119],
E       +   0.6908981975876463],
E          ['MONDO_0004979',
E           'asthma',
E           'A bronchial disease that is characterized by chronic inflammation and '
E           'narrowing of the airways, which is caused by a combination of environmental '
E           'and genetic factors resulting in recurring periods of wheezing (a whistling '
E           'sound while breathing), chest tightness, shortness of breath, mucus '
E           'production and coughing. The symptoms appear due to a variety of triggers '
E           'such as allergens, irritants, respiratory infections, weather changes, '
E           'exercise, stress, reflux disease, medications, foods and emotional anxiety.',
E       -   0.6642728577751653]]
E       +   0.6506508395200614]]

tests/from_json.py:78: AssertionError
------------------------------ Captured log call -------------------------------
INFO     gget.utils:gget_opentargets.py:345 Retrieved 2/1367 associated diseases.
___________________ TestOpenTargets.test_opentargets_depmap ____________________

self = <tests.test_opentargets.TestOpenTargets testMethod=test_opentargets_depmap>

    def assert_equal_json_hash(self: unittest.TestCase):
        test = name
        expected_result = td[test]["expected_result"]
        result_to_test = do_call(func, td[test]["args"])
        # If result is a DataFrame, convert to list
        if isinstance(result_to_test, pd.DataFrame):
            result_to_test = result_to_test.dropna(axis=1).values.tolist()
    
        result_to_test = json.dumps(result_to_test)
        result_to_test = hashlib.md5(result_to_test.encode()).hexdigest()
    
>       self.assertEqual(result_to_test, expected_result)
E       AssertionError: '4c550571d29a7e0136e12e2fa9297655' != '4c0393626ee958f860d4c1fd0b6b77ee'
E       - 4c550571d29a7e0136e12e2fa9297655
E       + 4c0393626ee958f860d4c1fd0b6b77ee

tests/from_json.py:125: AssertionError
------------------------------ Captured log call -------------------------------
INFO     gget.utils:gget_opentargets.py:345 Retrieved 29/29 DepMap entries.
____________________ TestOpenTargets.test_opentargets_drugs ____________________

self = <tests.test_opentargets.TestOpenTargets testMethod=test_opentargets_drugs>

    def assert_equal(self: unittest.TestCase):
        test = name
        expected_result = td[test]["expected_result"]
>       result_to_test = do_call(func, td[test]["args"])
                         ^^^^^^^^^^^^^^^^^^^^^^^^^^^^^^^

tests/from_json.py:65: 
_ _ _ _ _ _ _ _ _ _ _ _ _ _ _ _ _ _ _ _ _ _ _ _ _ _ _ _ _ _ _ _ _ _ _ _ _ _ _ _ 

func = <function opentargets at 0x7f74d7e616c0>
args = {'ensembl_id': 'ENSG00000169194', 'limit': 2, 'resource': 'drugs'}

    def do_call(func, args):
        if isinstance(args, dict):
>           return func(**args)
                   ^^^^^^^^^^^^

tests/from_json.py:57: 
_ _ _ _ _ _ _ _ _ _ _ _ _ _ _ _ _ _ _ _ _ _ _ _ _ _ _ _ _ _ _ _ _ _ _ _ _ _ _ _ 

ensembl_id = 'ENSG00000169194', resource = 'drugs', limit = 2, verbose = True
wrap_text = False, filters = None, filter_mode = 'and', json = False

    def opentargets(
        ensembl_id,
        resource="diseases",
        limit=None,
        verbose=True,
        wrap_text=False,
        filters=None,
        filter_mode="and",
        json=False,
    ):
        """
        Query OpenTargets for data associated with a given Ensembl gene ID.
    
        Args:
    
        - ensembl_id    Ensembl gene ID to be queried (str), e.g. "ENSG00000169194".
        - resource      Defines type of information to be returned.
                        "diseases":         Returns diseases associated with the gene (default).
                        "drugs":            Returns drugs associated with the gene.
                        "tractability":     Returns tractability data for the gene.
                        "pharmacogenetics": Returns pharmacogenetics data for the gene.
                        "expression":       Returns gene expression data (by tissues, organs, and anatomical systems).
                        "depmap":           Returns DepMap gene-disease effect data for the gene.
                        "interactions":     Returns protein-protein interactions for the gene.
        - limit         Limit the number of results returned (default: No limit).
                        Note: Not compatible with the 'tractability' and 'depmap' resources.
        - verbose       Print progress messages (default: True).
        - wrap_text     If True, displays data frame with wrapped text for easy reading. Default: False.
        - filters       Filters to apply to the data. Supported filters by resource:
                        "diseases": None
                        "drugs": disease_id (e.g. "EFO_0000274")
                        "tractability": None
                        "pharmacogenetics": drug_id (e.g. "CHEMBL535")
                        "expression": tissue_id (e.g. "UBERON_0002245"), anatomical_system (e.g. "nervous system"), organ (e.g. "brain")
                        "depmap": tissue_id (e.g. "UBERON_0002245")
                        "interactions": protein_a_id (e.g. "ENSP00000304915"), protein_b_id (e.g. "ENSP00000379111"), gene_b_id (e.g. "ENSG00000077238")
        - filter_mode   For resources that support multiple types of filters, this argument specifies how to combine them.
        - json          If True, returns results in JSON format instead of as a Data Frame. Default: False.
    
    
        Returns requested information in DataFrame format.
        """
    
        # check if resource argument is valid
        if resource not in _RESOURCES:
            raise ValueError(
                f"'resource' argument specified as {resource}. Expected one of: {', '.join(_RESOURCES)}"
            )
    
        # Wrap everything into a list
        if filters is not None:
            filters = {k: v if isinstance(v, list) else [v] for k, v in filters.items()}
    
>       df: pd.DataFrame = _RESOURCES[resource](
            ensembl_id,
            limit=limit,
            verbose=verbose,
            wrap_text=wrap_text,
            filters=filters,
            filter_mode=filter_mode,
        )

gget/gget_opentargets.py:63: 
_ _ _ _ _ _ _ _ _ _ _ _ _ _ _ _ _ _ _ _ _ _ _ _ _ _ _ _ _ _ _ _ _ _ _ _ _ _ _ _ 

ensembl_id = 'ENSG00000169194', limit = 2, verbose = True, wrap_text = False
filters = None, filter_mode = 'and'

    def fun(
        ensembl_id,
        limit=None,
        verbose=True,
        wrap_text=False,
        filters=None,
        filter_mode="and",
    ):
        if limit_key is None:
            query_string = """
            query target($ensemblId: String!) {
                target(ensemblId: $ensemblId) {
                    <TOP_LEVEL_KEY>{
                        <ROW_QUERY>
                    }
                }
            }
            """.replace(
                "<TOP_LEVEL_KEY>", top_level_key
            ).replace(
                "<ROW_QUERY>", inner_query
            )
        else:
            if is_rows_based_query:
                query_tmp = """
                count
                rows{
                    <INNER_QUERY>
                }""".replace(
                    "<INNER_QUERY>", inner_query
                )
            else:
                query_tmp = inner_query
            query_string = (
                """
            query target($ensemblId: String!, $pagination: <LIMIT_TYPE>) {
                target(ensemblId: $ensemblId) {
                    <TOP_LEVEL_KEY>(<LIMIT_KEY>: $pagination){
                        <QUERY>
                    }
                }
            }
            """.replace(
                    "<TOP_LEVEL_KEY>", top_level_key
                )
                .replace("<LIMIT_TYPE>", limit_type)
                .replace("<LIMIT_KEY>", limit_key)
                .replace("<QUERY>", query_tmp)
            )
    
        actual_limit = limit
    
        if filters is not None and len(filters) > 0:
            if user_filter is None:
                raise ValueError("Filters are not supported for this resource.")
            valid_keys, filter_func = user_filter
            invalid_keys = set(filters.keys()) - valid_keys
            if len(invalid_keys) > 0:
                invalid_keys = [f"'{k}'" for k in invalid_keys]
                valid_keys = [f"'{k}'" for k in valid_keys]
                raise ValueError(
                    f"The following filter keys are invalid for this resource: {', '.join(invalid_keys)}. Valid keys are: {', '.join(valid_keys)}"
                )
            # we have to fetch all data to be able to apply limit in a sane way when filters are specified
            limit = None
    
        pagination = limit_func(limit, is_rows_based_query)
        variables = {"ensemblId": ensembl_id, "pagination": pagination}
    
        if limit_key is None:
            del variables["pagination"]
    
>       results = graphql_query(OPENTARGETS_GRAPHQL_API, query_string, variables)
                  ^^^^^^^^^^^^^^^^^^^^^^^^^^^^^^^^^^^^^^^^^^^^^^^^^^^^^^^^^^^^^^^

gget/gget_opentargets.py:325: 
_ _ _ _ _ _ _ _ _ _ _ _ _ _ _ _ _ _ _ _ _ _ _ _ _ _ _ _ _ _ _ _ _ _ _ _ _ _ _ _ 

server = 'https://api.platform.opentargets.org/api/v4/graphql'
query = '\n            query target($ensemblId: String!, $pagination: Int) {\n                target(ensemblId: $ensemblId) {\...pproved\n        }\n        \n                }\n                    }\n                }\n            }\n            '
variables = {'ensemblId': 'ENSG00000169194', 'pagination': 2}

    def graphql_query(server, query, variables):
        """
        Function to perform a GraphQL API query.
    
        Args:
        - server        Server to query.
        - query         Query that is passed to server.
        - variables     Variables that are passed to server.
    
        Returns server output.
        """
    
        r = requests.post(server, json={"query": query, "variables": variables})
    
        if not r.ok:
            logger.debug(
                f"Server: {server}, Query: {query}, Variables: {variables}, Response: {r.text}"
            )
>           raise RuntimeError(
                f"{server} returned error status code {r.status_code}. "
                "Please double-check arguments and try again.\n"
            )
E           RuntimeError: https://api.platform.opentargets.org/api/v4/graphql returned error status code 400. Please double-check arguments and try again.

gget/utils.py:721: RuntimeError
_______________ TestOpenTargets.test_opentargets_drugs_no_limit ________________

self = <tests.test_opentargets.TestOpenTargets testMethod=test_opentargets_drugs_no_limit>

    def assert_equal_json_hash(self: unittest.TestCase):
        test = name
        expected_result = td[test]["expected_result"]
>       result_to_test = do_call(func, td[test]["args"])
                         ^^^^^^^^^^^^^^^^^^^^^^^^^^^^^^^

tests/from_json.py:117: 
_ _ _ _ _ _ _ _ _ _ _ _ _ _ _ _ _ _ _ _ _ _ _ _ _ _ _ _ _ _ _ _ _ _ _ _ _ _ _ _ 

func = <function opentargets at 0x7f74d7e616c0>
args = {'ensembl_id': 'ENSG00000169194', 'resource': 'drugs'}

    def do_call(func, args):
        if isinstance(args, dict):
>           return func(**args)
                   ^^^^^^^^^^^^

tests/from_json.py:57: 
_ _ _ _ _ _ _ _ _ _ _ _ _ _ _ _ _ _ _ _ _ _ _ _ _ _ _ _ _ _ _ _ _ _ _ _ _ _ _ _ 

ensembl_id = 'ENSG00000169194', resource = 'drugs', limit = None, verbose = True
wrap_text = False, filters = None, filter_mode = 'and', json = False

    def opentargets(
        ensembl_id,
        resource="diseases",
        limit=None,
        verbose=True,
        wrap_text=False,
        filters=None,
        filter_mode="and",
        json=False,
    ):
        """
        Query OpenTargets for data associated with a given Ensembl gene ID.
    
        Args:
    
        - ensembl_id    Ensembl gene ID to be queried (str), e.g. "ENSG00000169194".
        - resource      Defines type of information to be returned.
                        "diseases":         Returns diseases associated with the gene (default).
                        "drugs":            Returns drugs associated with the gene.
                        "tractability":     Returns tractability data for the gene.
                        "pharmacogenetics": Returns pharmacogenetics data for the gene.
                        "expression":       Returns gene expression data (by tissues, organs, and anatomical systems).
                        "depmap":           Returns DepMap gene-disease effect data for the gene.
                        "interactions":     Returns protein-protein interactions for the gene.
        - limit         Limit the number of results returned (default: No limit).
                        Note: Not compatible with the 'tractability' and 'depmap' resources.
        - verbose       Print progress messages (default: True).
        - wrap_text     If True, displays data frame with wrapped text for easy reading. Default: False.
        - filters       Filters to apply to the data. Supported filters by resource:
                        "diseases": None
                        "drugs": disease_id (e.g. "EFO_0000274")
                        "tractability": None
                        "pharmacogenetics": drug_id (e.g. "CHEMBL535")
                        "expression": tissue_id (e.g. "UBERON_0002245"), anatomical_system (e.g. "nervous system"), organ (e.g. "brain")
                        "depmap": tissue_id (e.g. "UBERON_0002245")
                        "interactions": protein_a_id (e.g. "ENSP00000304915"), protein_b_id (e.g. "ENSP00000379111"), gene_b_id (e.g. "ENSG00000077238")
        - filter_mode   For resources that support multiple types of filters, this argument specifies how to combine them.
        - json          If True, returns results in JSON format instead of as a Data Frame. Default: False.
    
    
        Returns requested information in DataFrame format.
        """
    
        # check if resource argument is valid
        if resource not in _RESOURCES:
            raise ValueError(
                f"'resource' argument specified as {resource}. Expected one of: {', '.join(_RESOURCES)}"
            )
    
        # Wrap everything into a list
        if filters is not None:
            filters = {k: v if isinstance(v, list) else [v] for k, v in filters.items()}
    
>       df: pd.DataFrame = _RESOURCES[resource](
            ensembl_id,
            limit=limit,
            verbose=verbose,
            wrap_text=wrap_text,
            filters=filters,
            filter_mode=filter_mode,
        )

gget/gget_opentargets.py:63: 
_ _ _ _ _ _ _ _ _ _ _ _ _ _ _ _ _ _ _ _ _ _ _ _ _ _ _ _ _ _ _ _ _ _ _ _ _ _ _ _ 

ensembl_id = 'ENSG00000169194', limit = None, verbose = True, wrap_text = False
filters = None, filter_mode = 'and'

    def fun(
        ensembl_id,
        limit=None,
        verbose=True,
        wrap_text=False,
        filters=None,
        filter_mode="and",
    ):
        if limit_key is None:
            query_string = """
            query target($ensemblId: String!) {
                target(ensemblId: $ensemblId) {
                    <TOP_LEVEL_KEY>{
                        <ROW_QUERY>
                    }
                }
            }
            """.replace(
                "<TOP_LEVEL_KEY>", top_level_key
            ).replace(
                "<ROW_QUERY>", inner_query
            )
        else:
            if is_rows_based_query:
                query_tmp = """
                count
                rows{
                    <INNER_QUERY>
                }""".replace(
                    "<INNER_QUERY>", inner_query
                )
            else:
                query_tmp = inner_query
            query_string = (
                """
            query target($ensemblId: String!, $pagination: <LIMIT_TYPE>) {
                target(ensemblId: $ensemblId) {
                    <TOP_LEVEL_KEY>(<LIMIT_KEY>: $pagination){
                        <QUERY>
                    }
                }
            }
            """.replace(
                    "<TOP_LEVEL_KEY>", top_level_key
                )
                .replace("<LIMIT_TYPE>", limit_type)
                .replace("<LIMIT_KEY>", limit_key)
                .replace("<QUERY>", query_tmp)
            )
    
        actual_limit = limit
    
        if filters is not None and len(filters) > 0:
            if user_filter is None:
                raise ValueError("Filters are not supported for this resource.")
            valid_keys, filter_func = user_filter
            invalid_keys = set(filters.keys()) - valid_keys
            if len(invalid_keys) > 0:
                invalid_keys = [f"'{k}'" for k in invalid_keys]
                valid_keys = [f"'{k}'" for k in valid_keys]
                raise ValueError(
                    f"The following filter keys are invalid for this resource: {', '.join(invalid_keys)}. Valid keys are: {', '.join(valid_keys)}"
                )
            # we have to fetch all data to be able to apply limit in a sane way when filters are specified
            limit = None
    
        pagination = limit_func(limit, is_rows_based_query)
        variables = {"ensemblId": ensembl_id, "pagination": pagination}
    
        if limit_key is None:
            del variables["pagination"]
    
>       results = graphql_query(OPENTARGETS_GRAPHQL_API, query_string, variables)
                  ^^^^^^^^^^^^^^^^^^^^^^^^^^^^^^^^^^^^^^^^^^^^^^^^^^^^^^^^^^^^^^^

gget/gget_opentargets.py:325: 
_ _ _ _ _ _ _ _ _ _ _ _ _ _ _ _ _ _ _ _ _ _ _ _ _ _ _ _ _ _ _ _ _ _ _ _ _ _ _ _ 

server = 'https://api.platform.opentargets.org/api/v4/graphql'
query = '\n            query target($ensemblId: String!, $pagination: Int) {\n                target(ensemblId: $ensemblId) {\...pproved\n        }\n        \n                }\n                    }\n                }\n            }\n            '
variables = {'ensemblId': 'ENSG00000169194', 'pagination': 1}

    def graphql_query(server, query, variables):
        """
        Function to perform a GraphQL API query.
    
        Args:
        - server        Server to query.
        - query         Query that is passed to server.
        - variables     Variables that are passed to server.
    
        Returns server output.
        """
    
        r = requests.post(server, json={"query": query, "variables": variables})
    
        if not r.ok:
            logger.debug(
                f"Server: {server}, Query: {query}, Variables: {variables}, Response: {r.text}"
            )
>           raise RuntimeError(
                f"{server} returned error status code {r.status_code}. "
                "Please double-check arguments and try again.\n"
            )
E           RuntimeError: https://api.platform.opentargets.org/api/v4/graphql returned error status code 400. Please double-check arguments and try again.

gget/utils.py:721: RuntimeError
_____________ TestOpenTargets.test_opentargets_expression_no_limit _____________

self = <tests.test_opentargets.TestOpenTargets testMethod=test_opentargets_expression_no_limit>

    def assert_equal_json_hash(self: unittest.TestCase):
        test = name
        expected_result = td[test]["expected_result"]
        result_to_test = do_call(func, td[test]["args"])
        # If result is a DataFrame, convert to list
        if isinstance(result_to_test, pd.DataFrame):
            result_to_test = result_to_test.dropna(axis=1).values.tolist()
    
        result_to_test = json.dumps(result_to_test)
        result_to_test = hashlib.md5(result_to_test.encode()).hexdigest()
    
>       self.assertEqual(result_to_test, expected_result)
E       AssertionError: '4024b12c2134734ce8f952fdd7155135' != 'c1300a64c439e9b1a0adf4475cf138db'
E       - 4024b12c2134734ce8f952fdd7155135
E       + c1300a64c439e9b1a0adf4475cf138db

tests/from_json.py:125: AssertionError
------------------------------ Captured log call -------------------------------
INFO     gget.utils:gget_opentargets.py:345 Retrieved 110/110 baseline expressions.
=============================== warnings summary ===============================
tests/test_blast.py::TestBlast::test_blast_nt
  /home/runner/work/gget/gget/gget/gget_blast.py:327: FutureWarning: Passing literal html to 'read_html' is deprecated and will be removed in a future version. To read from a literal string, wrap it in a 'StringIO' object.
    results_df = pd.read_html(str(dsc_table))[0]

tests/test_cbio.py::TestCbioSearch::test_cbio_search
tests/test_cbio.py::TestCbioSearch::test_cbio_search
  /opt/hostedtoolcache/Python/3.12.13/x64/lib/python3.12/site-packages/swagger_spec_validator/validator12.py:18: DeprecationWarning: jsonschema.RefResolver is deprecated as of v4.18.0, in favor of the https://github.com/python-jsonschema/referencing library, which provides more compliant referencing behavior as well as more flexible APIs for customization. A future release will remove RefResolver. Please file a feature request (on referencing) if you are missing an API for the kind of customization you need.
    from jsonschema import RefResolver

tests/test_cbio.py::TestCbioSearch::test_cbio_search
  /opt/hostedtoolcache/Python/3.12.13/x64/lib/python3.12/site-packages/swagger_spec_validator/ref_validators.py:14: DeprecationWarning: jsonschema.RefResolver is deprecated as of v4.18.0, in favor of the https://github.com/python-jsonschema/referencing library, which provides more compliant referencing behavior as well as more flexible APIs for customization. A future release will remove RefResolver. Please file a feature request (on referencing) if you are missing an API for the kind of customization you need.
    from jsonschema.validators import RefResolver

tests/test_cbio.py::TestCbioSearch::test_cbio_search
  /opt/hostedtoolcache/Python/3.12.13/x64/lib/python3.12/site-packages/swagger_spec_validator/validator20.py:18: DeprecationWarning: jsonschema.RefResolver is deprecated as of v4.18.0, in favor of the https://github.com/python-jsonschema/referencing library, which provides more compliant referencing behavior as well as more flexible APIs for customization. A future release will remove RefResolver. Please file a feature request (on referencing) if you are missing an API for the kind of customization you need.
    from jsonschema.validators import RefResolver

tests/test_cbio.py::TestCbioSearch::test_cbio_search
tests/test_cbio.py::TestCbioSearch::test_cbio_search
  /opt/hostedtoolcache/Python/3.12.13/x64/lib/python3.12/site-packages/bravado_core/swagger20_validator.py:6: DeprecationWarning: jsonschema.RefResolver is deprecated as of v4.18.0, in favor of the https://github.com/python-jsonschema/referencing library, which provides more compliant referencing behavior as well as more flexible APIs for customization. A future release will remove RefResolver. Please file a feature request (on referencing) if you are missing an API for the kind of customization you need.
    from jsonschema import RefResolver

tests/test_cbio.py::TestCbioSearch::test_cbio_search
  /opt/hostedtoolcache/Python/3.12.13/x64/lib/python3.12/site-packages/bravado_core/spec.py:14: DeprecationWarning: jsonschema.RefResolver is deprecated as of v4.18.0, in favor of the https://github.com/python-jsonschema/referencing library, which provides more compliant referencing behavior as well as more flexible APIs for customization. A future release will remove RefResolver. Please file a feature request (on referencing) if you are missing an API for the kind of customization you need.
    from jsonschema.validators import RefResolver

tests/test_cbio.py: 16 warnings
  /opt/hostedtoolcache/Python/3.12.13/x64/lib/python3.12/site-packages/bravado_core/model.py:888: DeprecationWarning: jsonschema.RefResolver.in_scope is deprecated and will be removed in a future release.
    with spec.resolver.in_scope(additional_uri):

tests/test_cellxgene.py::TestCellxgene::test_cellxgene_adata
  /home/runner/work/gget/gget/gget/gget_cellxgene.py:222: FutureWarning: The argument `column_names` is deprecated and will be removed in a future release. Please use `obs_column_names` and `var_column_names` instead.
    adata = cellxgene_census.get_anndata(

tests/test_cellxgene.py::TestCellxgene::test_cellxgene_adata
tests/test_cellxgene.py::TestCellxgene::test_cellxgene_adata
  /opt/hostedtoolcache/Python/3.12.13/x64/lib/python3.12/functools.py:912: ImplicitModificationWarning: Transforming to str index.
    return dispatch(args[0].__class__)(*args, **kw)

tests/test_cosmic.py::TestCosmicWorkflow::test_cosmic_defaults
  /home/runner/work/gget/gget/gget/gget_cosmic.py:183: DeprecationWarning: Python 3.14 will, by default, filter extracted tar archives and reject files or modify their metadata. Use the filter argument to control this behavior.
    tar.extractall(path=tar_folder_path)

tests/test_cosmic.py::TestCosmicWorkflow::test_cosmic_defaults
  /home/runner/work/gget/gget/tests/from_json.py:69: FutureWarning: Downcasting behavior in `replace` is deprecated and will be removed in a future version. To retain the old behavior, explicitly call `result.infer_objects(copy=False)`. To opt-in to the future behavior, set `pd.set_option('future.no_silent_downcasting', True)`
    expected_result = expected_result.replace({None: np.nan})

tests/test_mutate.py: 29 warnings
  /home/runner/work/gget/gget/gget/gget_mutate.py:663: UserWarning: This pattern is interpreted as a regular expression, and has match groups. To actually get the groups, use str.extract.
    mask = mutations[mut_column].str.contains(combined_pattern)

-- Docs: https://docs.pytest.org/en/stable/how-to/capture-warnings.html
============================= slowest 10 durations =============================
39.15s call     tests/test_cellxgene.py::TestCellxgene::test_cellxgene_adata
32.85s call     tests/test_blast.py::TestBlast::test_blast_nt
13.95s call     tests/test_elm.py::TestELM::test_elm_uniprot_id_new
12.84s setup    tests/test_cosmic.py::TestCosmicWorkflow::test_cosmic_defaults
10.05s call     tests/test_cosmic.py::TestCosmicWorkflow::test_cosmic_defaults
6.45s call     tests/test_enrichr.py::TestEnrichr::test_enrichr_background_ensembl
4.31s call     tests/test_info.py::TestInfo::test_info_gene
4.01s call     tests/test_info.py::TestInfo::test_info_ncbitrue_uniprotfalse
3.89s call     tests/test_elm.py::TestELM::test_elm_uniprot_id_in_elm
3.86s call     tests/test_cbio.py::TestCbio::test_cbio_download_partially_existing_files
=========================== short test summary info ============================
FAILED tests/test_opentargets.py::TestOpenTargets::test_opentargets - AssertionError: Lists differ: [['EF[171 chars]', 0.7297489019498119], ['MONDO_0004979', 'ast[535 chars]653]] != [['EF[171 chars]', 0.6908981975876463], ['MONDO_0004979', 'ast[535 chars]614]]

First differing element 0:
['EFO[129 chars] occurs during the first 2 years of life.', 0.7297489019498119]
['EFO[129 chars] occurs during the first 2 years of life.', 0.6908981975876463]

  [['EFO_0000274',
    'atopic eczema',
    'A common chronic pruritic inflammatory skin disease with a strong genetic '
    'component. Onset typically occurs during the first 2 years of life.',
-   0.7297489019498119],
+   0.6908981975876463],
   ['MONDO_0004979',
    'asthma',
    'A bronchial disease that is characterized by chronic inflammation and '
    'narrowing of the airways, which is caused by a combination of environmental '
    'and genetic factors resulting in recurring periods of wheezing (a whistling '
    'sound while breathing), chest tightness, shortness of breath, mucus '
    'production and coughing. The symptoms appear due to a variety of triggers '
    'such as allergens, irritants, respiratory infections, weather changes, '
    'exercise, stress, reflux disease, medications, foods and emotional anxiety.',
-   0.6642728577751653]]
+   0.6506508395200614]]
FAILED tests/test_opentargets.py::TestOpenTargets::test_opentargets_depmap - AssertionError: '4c550571d29a7e0136e12e2fa9297655' != '4c0393626ee958f860d4c1fd0b6b77ee'
- 4c550571d29a7e0136e12e2fa9297655
+ 4c0393626ee958f860d4c1fd0b6b77ee
FAILED tests/test_opentargets.py::TestOpenTargets::test_opentargets_drugs - RuntimeError: https://api.platform.opentargets.org/api/v4/graphql returned error status code 400. Please double-check arguments and try again.
FAILED tests/test_opentargets.py::TestOpenTargets::test_opentargets_drugs_no_limit - RuntimeError: https://api.platform.opentargets.org/api/v4/graphql returned error status code 400. Please double-check arguments and try again.
FAILED tests/test_opentargets.py::TestOpenTargets::test_opentargets_expression_no_limit - AssertionError: '4024b12c2134734ce8f952fdd7155135' != 'c1300a64c439e9b1a0adf4475cf138db'
- 4024b12c2134734ce8f952fdd7155135
+ c1300a64c439e9b1a0adf4475cf138db
!!!!!!!!!!!!!!!!!!!!!!!!!! stopping after 5 failures !!!!!!!!!!!!!!!!!!!!!!!!!!!
============ 5 failed, 136 passed, 58 warnings in 205.44s (0:03:25) ============
